[0.008s] Invoking command in '/home/abhilash-ts434/Documents/ros2_ws/build/my_robot_description': CMAKE_PREFIX_PATH=${CMAKE_PREFIX_PATH}:/home/abhilash-ts434/Documents/ros2_ws/install/my_py_pkg:/opt/ros/humble /usr/bin/cmake /home/abhilash-ts434/Documents/ros2_ws/src/my_robot_description -DCMAKE_INSTALL_PREFIX=/home/abhilash-ts434/Documents/ros2_ws/install/my_robot_description
[0.046s] -- The C compiler identification is GNU 11.4.0
[0.082s] -- The CXX compiler identification is GNU 11.4.0
[0.087s] -- Detecting C compiler ABI info
[0.135s] -- Detecting C compiler ABI info - done
[0.140s] -- Check for working C compiler: /usr/bin/cc - skipped
[0.140s] -- Detecting C compile features
[0.140s] -- Detecting C compile features - done
[0.142s] -- Detecting CXX compiler ABI info
[0.196s] -- Detecting CXX compiler ABI info - done
[0.201s] -- Check for working CXX compiler: /usr/bin/c++ - skipped
[0.201s] -- Detecting CXX compile features
[0.201s] -- Detecting CXX compile features - done
[0.203s] -- Found ament_cmake: 1.3.11 (/opt/ros/humble/share/ament_cmake/cmake)
[0.302s] -- Found Python3: /usr/bin/python3 (found version "3.10.12") found components: Interpreter 
[0.399s] -- Configuring done
[0.401s] -- Generating done
[0.402s] -- Build files have been written to: /home/abhilash-ts434/Documents/ros2_ws/build/my_robot_description
[0.405s] Invoked command in '/home/abhilash-ts434/Documents/ros2_ws/build/my_robot_description' returned '0': CMAKE_PREFIX_PATH=${CMAKE_PREFIX_PATH}:/home/abhilash-ts434/Documents/ros2_ws/install/my_py_pkg:/opt/ros/humble /usr/bin/cmake /home/abhilash-ts434/Documents/ros2_ws/src/my_robot_description -DCMAKE_INSTALL_PREFIX=/home/abhilash-ts434/Documents/ros2_ws/install/my_robot_description
[0.406s] Invoking command in '/home/abhilash-ts434/Documents/ros2_ws/build/my_robot_description': CMAKE_PREFIX_PATH=${CMAKE_PREFIX_PATH}:/home/abhilash-ts434/Documents/ros2_ws/install/my_py_pkg:/opt/ros/humble /usr/bin/cmake --build /home/abhilash-ts434/Documents/ros2_ws/build/my_robot_description -- -j16 -l16
[0.433s] Invoked command in '/home/abhilash-ts434/Documents/ros2_ws/build/my_robot_description' returned '0': CMAKE_PREFIX_PATH=${CMAKE_PREFIX_PATH}:/home/abhilash-ts434/Documents/ros2_ws/install/my_py_pkg:/opt/ros/humble /usr/bin/cmake --build /home/abhilash-ts434/Documents/ros2_ws/build/my_robot_description -- -j16 -l16
[0.439s] Invoking command in '/home/abhilash-ts434/Documents/ros2_ws/build/my_robot_description': CMAKE_PREFIX_PATH=${CMAKE_PREFIX_PATH}:/home/abhilash-ts434/Documents/ros2_ws/install/my_py_pkg:/opt/ros/humble /usr/bin/cmake --install /home/abhilash-ts434/Documents/ros2_ws/build/my_robot_description
[0.443s] -- Install configuration: ""
[0.443s] -- Installing: /home/abhilash-ts434/Documents/ros2_ws/install/my_robot_description/share/my_robot_description//urdf
[0.443s] -- Installing: /home/abhilash-ts434/Documents/ros2_ws/install/my_robot_description/share/my_robot_description//urdf/my_robot.urdf
[0.443s] -- Installing: /home/abhilash-ts434/Documents/ros2_ws/install/my_robot_description/share/ament_index/resource_index/package_run_dependencies/my_robot_description
[0.444s] -- Installing: /home/abhilash-ts434/Documents/ros2_ws/install/my_robot_description/share/ament_index/resource_index/parent_prefix_path/my_robot_description
[0.444s] -- Installing: /home/abhilash-ts434/Documents/ros2_ws/install/my_robot_description/share/my_robot_description/environment/ament_prefix_path.sh
[0.444s] -- Installing: /home/abhilash-ts434/Documents/ros2_ws/install/my_robot_description/share/my_robot_description/environment/ament_prefix_path.dsv
[0.444s] -- Installing: /home/abhilash-ts434/Documents/ros2_ws/install/my_robot_description/share/my_robot_description/environment/path.sh
[0.444s] -- Installing: /home/abhilash-ts434/Documents/ros2_ws/install/my_robot_description/share/my_robot_description/environment/path.dsv
[0.444s] -- Installing: /home/abhilash-ts434/Documents/ros2_ws/install/my_robot_description/share/my_robot_description/local_setup.bash
[0.445s] -- Installing: /home/abhilash-ts434/Documents/ros2_ws/install/my_robot_description/share/my_robot_description/local_setup.sh
[0.445s] -- Installing: /home/abhilash-ts434/Documents/ros2_ws/install/my_robot_description/share/my_robot_description/local_setup.zsh
[0.445s] -- Installing: /home/abhilash-ts434/Documents/ros2_ws/install/my_robot_description/share/my_robot_description/local_setup.dsv
[0.445s] -- Installing: /home/abhilash-ts434/Documents/ros2_ws/install/my_robot_description/share/my_robot_description/package.dsv
[0.445s] -- Installing: /home/abhilash-ts434/Documents/ros2_ws/install/my_robot_description/share/ament_index/resource_index/packages/my_robot_description
[0.445s] -- Installing: /home/abhilash-ts434/Documents/ros2_ws/install/my_robot_description/share/my_robot_description/cmake/my_robot_descriptionConfig.cmake
[0.445s] -- Installing: /home/abhilash-ts434/Documents/ros2_ws/install/my_robot_description/share/my_robot_description/cmake/my_robot_descriptionConfig-version.cmake
[0.446s] -- Installing: /home/abhilash-ts434/Documents/ros2_ws/install/my_robot_description/share/my_robot_description/package.xml
[0.447s] Invoked command in '/home/abhilash-ts434/Documents/ros2_ws/build/my_robot_description' returned '0': CMAKE_PREFIX_PATH=${CMAKE_PREFIX_PATH}:/home/abhilash-ts434/Documents/ros2_ws/install/my_py_pkg:/opt/ros/humble /usr/bin/cmake --install /home/abhilash-ts434/Documents/ros2_ws/build/my_robot_description
