[0.007s] Invoking command in '/home/abhilash-ts434/Documents/ros2_ws/build/my_robot_interfaces': CMAKE_PREFIX_PATH=${CMAKE_PREFIX_PATH}:/home/abhilash-ts434/Documents/ros2_ws/install/my_py_pkg:/opt/ros/humble /usr/bin/cmake /home/abhilash-ts434/Documents/ros2_ws/src/my_robot_interfaces -DCMAKE_INSTALL_PREFIX=/home/abhilash-ts434/Documents/ros2_ws/install/my_robot_interfaces
[0.044s] -- The C compiler identification is GNU 11.4.0
[0.079s] -- The CXX compiler identification is GNU 11.4.0
[0.083s] -- Detecting C compiler ABI info
[0.128s] -- Detecting C compiler ABI info - done
[0.133s] -- Check for working C compiler: /usr/bin/cc - skipped
[0.133s] -- Detecting C compile features
[0.133s] -- Detecting C compile features - done
[0.135s] -- Detecting CXX compiler ABI info
[0.192s] -- Detecting CXX compiler ABI info - done
[0.197s] -- Check for working CXX compiler: /usr/bin/c++ - skipped
[0.197s] -- Detecting CXX compile features
[0.197s] -- Detecting CXX compile features - done
[0.199s] -- Found ament_cmake: 1.3.11 (/opt/ros/humble/share/ament_cmake/cmake)
[0.296s] -- Found Python3: /usr/bin/python3 (found version "3.10.12") found components: Interpreter 
[0.360s] -- Found rosidl_default_generators: 1.2.0 (/opt/ros/humble/share/rosidl_default_generators/cmake)
[0.362s] -- Using all available rosidl_typesupport_c: rosidl_typesupport_fastrtps_c;rosidl_typesupport_introspection_c
[0.365s] -- Found rosidl_adapter: 3.1.6 (/opt/ros/humble/share/rosidl_adapter/cmake)
[0.389s] -- Using all available rosidl_typesupport_cpp: rosidl_typesupport_fastrtps_cpp;rosidl_typesupport_introspection_cpp
[0.565s] -- Found ament_cmake_ros: 0.10.0 (/opt/ros/humble/share/ament_cmake_ros/cmake)
[0.679s] -- Using all available rosidl_typesupport_c: rosidl_typesupport_fastrtps_c;rosidl_typesupport_introspection_c
[0.826s] -- Using all available rosidl_typesupport_cpp: rosidl_typesupport_fastrtps_cpp;rosidl_typesupport_introspection_cpp
[0.840s] -- Found PythonInterp: /usr/bin/python3 (found suitable version "3.10.12", minimum required is "3.6") 
[0.842s] -- Found python_cmake_module: 0.10.0 (/opt/ros/humble/share/python_cmake_module/cmake)
[0.858s] -- Found PythonLibs: /usr/lib/x86_64-linux-gnu/libpython3.10.so (found suitable version "3.10.12", minimum required is "3.5") 
[0.858s] -- Using PYTHON_EXECUTABLE: /usr/bin/python3
[0.858s] -- Using PYTHON_INCLUDE_DIRS: /usr/include/python3.10
[0.858s] -- Using PYTHON_LIBRARIES: /usr/lib/x86_64-linux-gnu/libpython3.10.so
[0.871s] -- Found PythonExtra: .so  
[0.898s] -- Configuring done
[0.920s] -- Generating done
[0.928s] -- Build files have been written to: /home/abhilash-ts434/Documents/ros2_ws/build/my_robot_interfaces
[0.932s] Invoked command in '/home/abhilash-ts434/Documents/ros2_ws/build/my_robot_interfaces' returned '0': CMAKE_PREFIX_PATH=${CMAKE_PREFIX_PATH}:/home/abhilash-ts434/Documents/ros2_ws/install/my_py_pkg:/opt/ros/humble /usr/bin/cmake /home/abhilash-ts434/Documents/ros2_ws/src/my_robot_interfaces -DCMAKE_INSTALL_PREFIX=/home/abhilash-ts434/Documents/ros2_ws/install/my_robot_interfaces
[0.933s] Invoking command in '/home/abhilash-ts434/Documents/ros2_ws/build/my_robot_interfaces': CMAKE_PREFIX_PATH=${CMAKE_PREFIX_PATH}:/home/abhilash-ts434/Documents/ros2_ws/install/my_py_pkg:/opt/ros/humble /usr/bin/cmake --build /home/abhilash-ts434/Documents/ros2_ws/build/my_robot_interfaces -- -j16 -l16
[0.960s] [  3%] [34m[1mGenerating C code for ROS interfaces[0m
[0.967s] [  6%] [34m[1mGenerating C++ code for ROS interfaces[0m
[0.973s] [  6%] Built target ament_cmake_python_copy_my_robot_interfaces
[1.132s] [  6%] Built target my_robot_interfaces__cpp
[1.133s] [  9%] [32mBuilding C object CMakeFiles/my_robot_interfaces__rosidl_generator_c.dir/rosidl_generator_c/my_robot_interfaces/msg/detail/hardware_status__functions.c.o[0m
[1.141s] [ 16%] [34m[1mGenerating C++ type support dispatch for ROS interfaces[0m
[1.141s] [ 16%] [34m[1mGenerating C++ introspection for ROS interfaces[0m
[1.141s] [ 19%] [34m[1mGenerating C++ type support for eProsima Fast-RTPS[0m
[1.144s] running egg_info
[1.144s] creating my_robot_interfaces.egg-info
[1.144s] writing my_robot_interfaces.egg-info/PKG-INFO
[1.145s] writing dependency_links to my_robot_interfaces.egg-info/dependency_links.txt
[1.145s] writing top-level names to my_robot_interfaces.egg-info/top_level.txt
[1.145s] writing manifest file 'my_robot_interfaces.egg-info/SOURCES.txt'
[1.146s] reading manifest file 'my_robot_interfaces.egg-info/SOURCES.txt'
[1.147s] writing manifest file 'my_robot_interfaces.egg-info/SOURCES.txt'
[1.167s] [ 19%] Built target ament_cmake_python_build_my_robot_interfaces_egg
[1.168s] [ 22%] [32m[1mLinking C shared library libmy_robot_interfaces__rosidl_generator_c.so[0m
[1.194s] [ 22%] Built target my_robot_interfaces__rosidl_generator_c
[1.201s] [ 32%] [34m[1mGenerating C type support dispatch for ROS interfaces[0m
[1.201s] [ 32%] [34m[1mGenerating C type support for eProsima Fast-RTPS[0m
[1.201s] [ 32%] [34m[1mGenerating C introspection for ROS interfaces[0m
[1.295s] [ 35%] [32mBuilding CXX object CMakeFiles/my_robot_interfaces__rosidl_typesupport_cpp.dir/rosidl_typesupport_cpp/my_robot_interfaces/msg/hardware_status__type_support.cpp.o[0m
[1.308s] [ 38%] [32mBuilding CXX object CMakeFiles/my_robot_interfaces__rosidl_typesupport_introspection_cpp.dir/rosidl_typesupport_introspection_cpp/my_robot_interfaces/msg/detail/hardware_status__type_support.cpp.o[0m
[1.314s] [ 41%] [32mBuilding CXX object CMakeFiles/my_robot_interfaces__rosidl_typesupport_fastrtps_cpp.dir/rosidl_typesupport_fastrtps_cpp/my_robot_interfaces/msg/detail/dds_fastrtps/hardware_status__type_support.cpp.o[0m
[1.360s] [ 45%] [32mBuilding CXX object CMakeFiles/my_robot_interfaces__rosidl_typesupport_c.dir/rosidl_typesupport_c/my_robot_interfaces/msg/hardware_status__type_support.cpp.o[0m
[1.371s] [ 48%] [32mBuilding CXX object CMakeFiles/my_robot_interfaces__rosidl_typesupport_fastrtps_c.dir/rosidl_typesupport_fastrtps_c/my_robot_interfaces/msg/detail/hardware_status__type_support_c.cpp.o[0m
[1.373s] [ 51%] [32mBuilding C object CMakeFiles/my_robot_interfaces__rosidl_typesupport_introspection_c.dir/rosidl_typesupport_introspection_c/my_robot_interfaces/msg/detail/hardware_status__type_support.c.o[0m
[1.385s] [ 54%] [32m[1mLinking CXX shared library libmy_robot_interfaces__rosidl_typesupport_c.so[0m
[1.398s] [ 58%] [32m[1mLinking C shared library libmy_robot_interfaces__rosidl_typesupport_introspection_c.so[0m
[1.415s] [ 58%] Built target my_robot_interfaces__rosidl_typesupport_c
[1.420s] [ 58%] Built target my_robot_interfaces__rosidl_typesupport_introspection_c
[1.473s] [ 61%] [32m[1mLinking CXX shared library libmy_robot_interfaces__rosidl_typesupport_cpp.so[0m
[1.501s] [ 61%] Built target my_robot_interfaces__rosidl_typesupport_cpp
[1.552s] [ 64%] [32m[1mLinking CXX shared library libmy_robot_interfaces__rosidl_typesupport_introspection_cpp.so[0m
[1.572s] [ 67%] [32m[1mLinking CXX shared library libmy_robot_interfaces__rosidl_typesupport_fastrtps_cpp.so[0m
[1.584s] [ 70%] [32m[1mLinking CXX shared library libmy_robot_interfaces__rosidl_typesupport_fastrtps_c.so[0m
[1.595s] [ 70%] Built target my_robot_interfaces__rosidl_typesupport_introspection_cpp
[1.621s] [ 70%] Built target my_robot_interfaces__rosidl_typesupport_fastrtps_cpp
[1.634s] [ 70%] Built target my_robot_interfaces__rosidl_typesupport_fastrtps_c
[1.647s] [ 70%] Built target my_robot_interfaces
[1.660s] [ 74%] [34m[1mGenerating Python code for ROS interfaces[0m
[1.837s] [ 74%] Built target my_robot_interfaces__py
[1.850s] [ 77%] [32mBuilding C object CMakeFiles/my_robot_interfaces__rosidl_generator_py.dir/rosidl_generator_py/my_robot_interfaces/msg/_hardware_status_s.c.o[0m
[1.930s] [ 80%] [32m[1mLinking C shared library rosidl_generator_py/my_robot_interfaces/libmy_robot_interfaces__rosidl_generator_py.so[0m
[1.956s] [ 80%] Built target my_robot_interfaces__rosidl_generator_py
[1.970s] [ 90%] [32mBuilding C object CMakeFiles/my_robot_interfaces__rosidl_typesupport_fastrtps_c__pyext.dir/rosidl_generator_py/my_robot_interfaces/_my_robot_interfaces_s.ep.rosidl_typesupport_fastrtps_c.c.o[0m
[1.970s] [ 90%] [32mBuilding C object CMakeFiles/my_robot_interfaces__rosidl_typesupport_introspection_c__pyext.dir/rosidl_generator_py/my_robot_interfaces/_my_robot_interfaces_s.ep.rosidl_typesupport_introspection_c.c.o[0m
[1.970s] [ 90%] [32mBuilding C object CMakeFiles/my_robot_interfaces__rosidl_typesupport_c__pyext.dir/rosidl_generator_py/my_robot_interfaces/_my_robot_interfaces_s.ep.rosidl_typesupport_c.c.o[0m
[2.029s] [ 96%] [32m[1mLinking C shared library rosidl_generator_py/my_robot_interfaces/my_robot_interfaces_s__rosidl_typesupport_c.cpython-310-x86_64-linux-gnu.so[0m
[2.030s] [ 96%] [32m[1mLinking C shared library rosidl_generator_py/my_robot_interfaces/my_robot_interfaces_s__rosidl_typesupport_introspection_c.cpython-310-x86_64-linux-gnu.so[0m
[2.031s] [100%] [32m[1mLinking C shared library rosidl_generator_py/my_robot_interfaces/my_robot_interfaces_s__rosidl_typesupport_fastrtps_c.cpython-310-x86_64-linux-gnu.so[0m
[2.054s] [100%] Built target my_robot_interfaces__rosidl_typesupport_c__pyext
[2.054s] [100%] Built target my_robot_interfaces__rosidl_typesupport_fastrtps_c__pyext
[2.054s] [100%] Built target my_robot_interfaces__rosidl_typesupport_introspection_c__pyext
[2.062s] Invoked command in '/home/abhilash-ts434/Documents/ros2_ws/build/my_robot_interfaces' returned '0': CMAKE_PREFIX_PATH=${CMAKE_PREFIX_PATH}:/home/abhilash-ts434/Documents/ros2_ws/install/my_py_pkg:/opt/ros/humble /usr/bin/cmake --build /home/abhilash-ts434/Documents/ros2_ws/build/my_robot_interfaces -- -j16 -l16
[2.068s] Invoking command in '/home/abhilash-ts434/Documents/ros2_ws/build/my_robot_interfaces': CMAKE_PREFIX_PATH=${CMAKE_PREFIX_PATH}:/home/abhilash-ts434/Documents/ros2_ws/install/my_py_pkg:/opt/ros/humble /usr/bin/cmake --install /home/abhilash-ts434/Documents/ros2_ws/build/my_robot_interfaces
[2.073s] -- Install configuration: ""
[2.073s] -- Installing: /home/abhilash-ts434/Documents/ros2_ws/install/my_robot_interfaces/share/ament_index/resource_index/rosidl_interfaces/my_robot_interfaces
[2.073s] -- Installing: /home/abhilash-ts434/Documents/ros2_ws/install/my_robot_interfaces/include/my_robot_interfaces/my_robot_interfaces
[2.073s] -- Installing: /home/abhilash-ts434/Documents/ros2_ws/install/my_robot_interfaces/include/my_robot_interfaces/my_robot_interfaces/msg
[2.073s] -- Installing: /home/abhilash-ts434/Documents/ros2_ws/install/my_robot_interfaces/include/my_robot_interfaces/my_robot_interfaces/msg/detail
[2.074s] -- Installing: /home/abhilash-ts434/Documents/ros2_ws/install/my_robot_interfaces/include/my_robot_interfaces/my_robot_interfaces/msg/detail/hardware_status__struct.h
[2.074s] -- Installing: /home/abhilash-ts434/Documents/ros2_ws/install/my_robot_interfaces/include/my_robot_interfaces/my_robot_interfaces/msg/detail/hardware_status__functions.h
[2.074s] -- Installing: /home/abhilash-ts434/Documents/ros2_ws/install/my_robot_interfaces/include/my_robot_interfaces/my_robot_interfaces/msg/detail/hardware_status__functions.c
[2.074s] -- Installing: /home/abhilash-ts434/Documents/ros2_ws/install/my_robot_interfaces/include/my_robot_interfaces/my_robot_interfaces/msg/detail/hardware_status__type_support.h
[2.074s] -- Installing: /home/abhilash-ts434/Documents/ros2_ws/install/my_robot_interfaces/include/my_robot_interfaces/my_robot_interfaces/msg/rosidl_generator_c__visibility_control.h
[2.074s] -- Installing: /home/abhilash-ts434/Documents/ros2_ws/install/my_robot_interfaces/include/my_robot_interfaces/my_robot_interfaces/msg/hardware_status.h
[2.074s] -- Installing: /home/abhilash-ts434/Documents/ros2_ws/install/my_robot_interfaces/share/my_robot_interfaces/environment/library_path.sh
[2.074s] -- Installing: /home/abhilash-ts434/Documents/ros2_ws/install/my_robot_interfaces/share/my_robot_interfaces/environment/library_path.dsv
[2.075s] -- Installing: /home/abhilash-ts434/Documents/ros2_ws/install/my_robot_interfaces/lib/libmy_robot_interfaces__rosidl_generator_c.so
[2.075s] -- Set runtime path of "/home/abhilash-ts434/Documents/ros2_ws/install/my_robot_interfaces/lib/libmy_robot_interfaces__rosidl_generator_c.so" to ""
[2.075s] -- Up-to-date: /home/abhilash-ts434/Documents/ros2_ws/install/my_robot_interfaces/include/my_robot_interfaces/my_robot_interfaces
[2.075s] -- Up-to-date: /home/abhilash-ts434/Documents/ros2_ws/install/my_robot_interfaces/include/my_robot_interfaces/my_robot_interfaces/msg
[2.075s] -- Up-to-date: /home/abhilash-ts434/Documents/ros2_ws/install/my_robot_interfaces/include/my_robot_interfaces/my_robot_interfaces/msg/detail
[2.075s] -- Installing: /home/abhilash-ts434/Documents/ros2_ws/install/my_robot_interfaces/include/my_robot_interfaces/my_robot_interfaces/msg/detail/hardware_status__rosidl_typesupport_fastrtps_c.h
[2.075s] -- Installing: /home/abhilash-ts434/Documents/ros2_ws/install/my_robot_interfaces/include/my_robot_interfaces/my_robot_interfaces/msg/rosidl_typesupport_fastrtps_c__visibility_control.h
[2.075s] -- Installing: /home/abhilash-ts434/Documents/ros2_ws/install/my_robot_interfaces/lib/libmy_robot_interfaces__rosidl_typesupport_fastrtps_c.so
[2.075s] -- Set runtime path of "/home/abhilash-ts434/Documents/ros2_ws/install/my_robot_interfaces/lib/libmy_robot_interfaces__rosidl_typesupport_fastrtps_c.so" to ""
[2.076s] -- Up-to-date: /home/abhilash-ts434/Documents/ros2_ws/install/my_robot_interfaces/include/my_robot_interfaces/my_robot_interfaces
[2.076s] -- Up-to-date: /home/abhilash-ts434/Documents/ros2_ws/install/my_robot_interfaces/include/my_robot_interfaces/my_robot_interfaces/msg
[2.076s] -- Installing: /home/abhilash-ts434/Documents/ros2_ws/install/my_robot_interfaces/include/my_robot_interfaces/my_robot_interfaces/msg/rosidl_typesupport_introspection_c__visibility_control.h
[2.076s] -- Up-to-date: /home/abhilash-ts434/Documents/ros2_ws/install/my_robot_interfaces/include/my_robot_interfaces/my_robot_interfaces/msg/detail
[2.076s] -- Installing: /home/abhilash-ts434/Documents/ros2_ws/install/my_robot_interfaces/include/my_robot_interfaces/my_robot_interfaces/msg/detail/hardware_status__rosidl_typesupport_introspection_c.h
[2.076s] -- Installing: /home/abhilash-ts434/Documents/ros2_ws/install/my_robot_interfaces/include/my_robot_interfaces/my_robot_interfaces/msg/detail/hardware_status__type_support.c
[2.076s] -- Installing: /home/abhilash-ts434/Documents/ros2_ws/install/my_robot_interfaces/lib/libmy_robot_interfaces__rosidl_typesupport_introspection_c.so
[2.076s] -- Set runtime path of "/home/abhilash-ts434/Documents/ros2_ws/install/my_robot_interfaces/lib/libmy_robot_interfaces__rosidl_typesupport_introspection_c.so" to ""
[2.076s] -- Installing: /home/abhilash-ts434/Documents/ros2_ws/install/my_robot_interfaces/lib/libmy_robot_interfaces__rosidl_typesupport_c.so
[2.076s] -- Set runtime path of "/home/abhilash-ts434/Documents/ros2_ws/install/my_robot_interfaces/lib/libmy_robot_interfaces__rosidl_typesupport_c.so" to ""
[2.076s] -- Up-to-date: /home/abhilash-ts434/Documents/ros2_ws/install/my_robot_interfaces/include/my_robot_interfaces/my_robot_interfaces
[2.077s] -- Up-to-date: /home/abhilash-ts434/Documents/ros2_ws/install/my_robot_interfaces/include/my_robot_interfaces/my_robot_interfaces/msg
[2.077s] -- Up-to-date: /home/abhilash-ts434/Documents/ros2_ws/install/my_robot_interfaces/include/my_robot_interfaces/my_robot_interfaces/msg/detail
[2.077s] -- Installing: /home/abhilash-ts434/Documents/ros2_ws/install/my_robot_interfaces/include/my_robot_interfaces/my_robot_interfaces/msg/detail/hardware_status__type_support.hpp
[2.077s] -- Installing: /home/abhilash-ts434/Documents/ros2_ws/install/my_robot_interfaces/include/my_robot_interfaces/my_robot_interfaces/msg/detail/hardware_status__traits.hpp
[2.077s] -- Installing: /home/abhilash-ts434/Documents/ros2_ws/install/my_robot_interfaces/include/my_robot_interfaces/my_robot_interfaces/msg/detail/hardware_status__builder.hpp
[2.077s] -- Installing: /home/abhilash-ts434/Documents/ros2_ws/install/my_robot_interfaces/include/my_robot_interfaces/my_robot_interfaces/msg/detail/hardware_status__struct.hpp
[2.077s] -- Installing: /home/abhilash-ts434/Documents/ros2_ws/install/my_robot_interfaces/include/my_robot_interfaces/my_robot_interfaces/msg/hardware_status.hpp
[2.077s] -- Installing: /home/abhilash-ts434/Documents/ros2_ws/install/my_robot_interfaces/include/my_robot_interfaces/my_robot_interfaces/msg/rosidl_generator_cpp__visibility_control.hpp
[2.077s] -- Up-to-date: /home/abhilash-ts434/Documents/ros2_ws/install/my_robot_interfaces/include/my_robot_interfaces/my_robot_interfaces
[2.077s] -- Up-to-date: /home/abhilash-ts434/Documents/ros2_ws/install/my_robot_interfaces/include/my_robot_interfaces/my_robot_interfaces/msg
[2.077s] -- Installing: /home/abhilash-ts434/Documents/ros2_ws/install/my_robot_interfaces/include/my_robot_interfaces/my_robot_interfaces/msg/rosidl_typesupport_fastrtps_cpp__visibility_control.h
[2.077s] -- Up-to-date: /home/abhilash-ts434/Documents/ros2_ws/install/my_robot_interfaces/include/my_robot_interfaces/my_robot_interfaces/msg/detail
[2.077s] -- Installing: /home/abhilash-ts434/Documents/ros2_ws/install/my_robot_interfaces/include/my_robot_interfaces/my_robot_interfaces/msg/detail/dds_fastrtps
[2.077s] -- Installing: /home/abhilash-ts434/Documents/ros2_ws/install/my_robot_interfaces/include/my_robot_interfaces/my_robot_interfaces/msg/detail/hardware_status__rosidl_typesupport_fastrtps_cpp.hpp
[2.078s] -- Installing: /home/abhilash-ts434/Documents/ros2_ws/install/my_robot_interfaces/lib/libmy_robot_interfaces__rosidl_typesupport_fastrtps_cpp.so
[2.078s] -- Set runtime path of "/home/abhilash-ts434/Documents/ros2_ws/install/my_robot_interfaces/lib/libmy_robot_interfaces__rosidl_typesupport_fastrtps_cpp.so" to ""
[2.078s] -- Up-to-date: /home/abhilash-ts434/Documents/ros2_ws/install/my_robot_interfaces/include/my_robot_interfaces/my_robot_interfaces
[2.078s] -- Up-to-date: /home/abhilash-ts434/Documents/ros2_ws/install/my_robot_interfaces/include/my_robot_interfaces/my_robot_interfaces/msg
[2.078s] -- Up-to-date: /home/abhilash-ts434/Documents/ros2_ws/install/my_robot_interfaces/include/my_robot_interfaces/my_robot_interfaces/msg/detail
[2.078s] -- Installing: /home/abhilash-ts434/Documents/ros2_ws/install/my_robot_interfaces/include/my_robot_interfaces/my_robot_interfaces/msg/detail/hardware_status__rosidl_typesupport_introspection_cpp.hpp
[2.078s] -- Installing: /home/abhilash-ts434/Documents/ros2_ws/install/my_robot_interfaces/include/my_robot_interfaces/my_robot_interfaces/msg/detail/hardware_status__type_support.cpp
[2.078s] -- Installing: /home/abhilash-ts434/Documents/ros2_ws/install/my_robot_interfaces/lib/libmy_robot_interfaces__rosidl_typesupport_introspection_cpp.so
[2.078s] -- Set runtime path of "/home/abhilash-ts434/Documents/ros2_ws/install/my_robot_interfaces/lib/libmy_robot_interfaces__rosidl_typesupport_introspection_cpp.so" to ""
[2.079s] -- Installing: /home/abhilash-ts434/Documents/ros2_ws/install/my_robot_interfaces/lib/libmy_robot_interfaces__rosidl_typesupport_cpp.so
[2.079s] -- Set runtime path of "/home/abhilash-ts434/Documents/ros2_ws/install/my_robot_interfaces/lib/libmy_robot_interfaces__rosidl_typesupport_cpp.so" to ""
[2.079s] -- Installing: /home/abhilash-ts434/Documents/ros2_ws/install/my_robot_interfaces/share/my_robot_interfaces/environment/pythonpath.sh
[2.079s] -- Installing: /home/abhilash-ts434/Documents/ros2_ws/install/my_robot_interfaces/share/my_robot_interfaces/environment/pythonpath.dsv
[2.079s] -- Installing: /home/abhilash-ts434/Documents/ros2_ws/install/my_robot_interfaces/local/lib/python3.10/dist-packages/my_robot_interfaces-0.0.0-py3.10.egg-info
[2.079s] -- Installing: /home/abhilash-ts434/Documents/ros2_ws/install/my_robot_interfaces/local/lib/python3.10/dist-packages/my_robot_interfaces-0.0.0-py3.10.egg-info/dependency_links.txt
[2.079s] -- Installing: /home/abhilash-ts434/Documents/ros2_ws/install/my_robot_interfaces/local/lib/python3.10/dist-packages/my_robot_interfaces-0.0.0-py3.10.egg-info/SOURCES.txt
[2.079s] -- Installing: /home/abhilash-ts434/Documents/ros2_ws/install/my_robot_interfaces/local/lib/python3.10/dist-packages/my_robot_interfaces-0.0.0-py3.10.egg-info/top_level.txt
[2.080s] -- Installing: /home/abhilash-ts434/Documents/ros2_ws/install/my_robot_interfaces/local/lib/python3.10/dist-packages/my_robot_interfaces-0.0.0-py3.10.egg-info/PKG-INFO
[2.080s] -- Installing: /home/abhilash-ts434/Documents/ros2_ws/install/my_robot_interfaces/local/lib/python3.10/dist-packages/my_robot_interfaces
[2.080s] -- Installing: /home/abhilash-ts434/Documents/ros2_ws/install/my_robot_interfaces/local/lib/python3.10/dist-packages/my_robot_interfaces/_my_robot_interfaces_s.ep.rosidl_typesupport_fastrtps_c.c
[2.080s] -- Installing: /home/abhilash-ts434/Documents/ros2_ws/install/my_robot_interfaces/local/lib/python3.10/dist-packages/my_robot_interfaces/my_robot_interfaces_s__rosidl_typesupport_fastrtps_c.cpython-310-x86_64-linux-gnu.so
[2.080s] -- Installing: /home/abhilash-ts434/Documents/ros2_ws/install/my_robot_interfaces/local/lib/python3.10/dist-packages/my_robot_interfaces/_my_robot_interfaces_s.ep.rosidl_typesupport_introspection_c.c
[2.080s] -- Installing: /home/abhilash-ts434/Documents/ros2_ws/install/my_robot_interfaces/local/lib/python3.10/dist-packages/my_robot_interfaces/libmy_robot_interfaces__rosidl_generator_py.so
[2.080s] -- Installing: /home/abhilash-ts434/Documents/ros2_ws/install/my_robot_interfaces/local/lib/python3.10/dist-packages/my_robot_interfaces/msg
[2.080s] -- Installing: /home/abhilash-ts434/Documents/ros2_ws/install/my_robot_interfaces/local/lib/python3.10/dist-packages/my_robot_interfaces/msg/_hardware_status_s.c
[2.080s] -- Installing: /home/abhilash-ts434/Documents/ros2_ws/install/my_robot_interfaces/local/lib/python3.10/dist-packages/my_robot_interfaces/msg/_hardware_status.py
[2.080s] -- Installing: /home/abhilash-ts434/Documents/ros2_ws/install/my_robot_interfaces/local/lib/python3.10/dist-packages/my_robot_interfaces/msg/__init__.py
[2.081s] -- Installing: /home/abhilash-ts434/Documents/ros2_ws/install/my_robot_interfaces/local/lib/python3.10/dist-packages/my_robot_interfaces/_my_robot_interfaces_s.ep.rosidl_typesupport_c.c
[2.081s] -- Installing: /home/abhilash-ts434/Documents/ros2_ws/install/my_robot_interfaces/local/lib/python3.10/dist-packages/my_robot_interfaces/my_robot_interfaces_s__rosidl_typesupport_c.cpython-310-x86_64-linux-gnu.so
[2.081s] -- Installing: /home/abhilash-ts434/Documents/ros2_ws/install/my_robot_interfaces/local/lib/python3.10/dist-packages/my_robot_interfaces/__init__.py
[2.081s] -- Installing: /home/abhilash-ts434/Documents/ros2_ws/install/my_robot_interfaces/local/lib/python3.10/dist-packages/my_robot_interfaces/my_robot_interfaces_s__rosidl_typesupport_introspection_c.cpython-310-x86_64-linux-gnu.so
[2.104s] Listing '/home/abhilash-ts434/Documents/ros2_ws/install/my_robot_interfaces/local/lib/python3.10/dist-packages/my_robot_interfaces'...
[2.104s] Compiling '/home/abhilash-ts434/Documents/ros2_ws/install/my_robot_interfaces/local/lib/python3.10/dist-packages/my_robot_interfaces/__init__.py'...
[2.104s] Listing '/home/abhilash-ts434/Documents/ros2_ws/install/my_robot_interfaces/local/lib/python3.10/dist-packages/my_robot_interfaces/msg'...
[2.104s] Compiling '/home/abhilash-ts434/Documents/ros2_ws/install/my_robot_interfaces/local/lib/python3.10/dist-packages/my_robot_interfaces/msg/__init__.py'...
[2.104s] Compiling '/home/abhilash-ts434/Documents/ros2_ws/install/my_robot_interfaces/local/lib/python3.10/dist-packages/my_robot_interfaces/msg/_hardware_status.py'...
[2.107s] -- Installing: /home/abhilash-ts434/Documents/ros2_ws/install/my_robot_interfaces/local/lib/python3.10/dist-packages/my_robot_interfaces/my_robot_interfaces_s__rosidl_typesupport_fastrtps_c.cpython-310-x86_64-linux-gnu.so
[2.107s] -- Set runtime path of "/home/abhilash-ts434/Documents/ros2_ws/install/my_robot_interfaces/local/lib/python3.10/dist-packages/my_robot_interfaces/my_robot_interfaces_s__rosidl_typesupport_fastrtps_c.cpython-310-x86_64-linux-gnu.so" to ""
[2.108s] -- Installing: /home/abhilash-ts434/Documents/ros2_ws/install/my_robot_interfaces/local/lib/python3.10/dist-packages/my_robot_interfaces/my_robot_interfaces_s__rosidl_typesupport_introspection_c.cpython-310-x86_64-linux-gnu.so
[2.108s] -- Set runtime path of "/home/abhilash-ts434/Documents/ros2_ws/install/my_robot_interfaces/local/lib/python3.10/dist-packages/my_robot_interfaces/my_robot_interfaces_s__rosidl_typesupport_introspection_c.cpython-310-x86_64-linux-gnu.so" to ""
[2.108s] -- Installing: /home/abhilash-ts434/Documents/ros2_ws/install/my_robot_interfaces/local/lib/python3.10/dist-packages/my_robot_interfaces/my_robot_interfaces_s__rosidl_typesupport_c.cpython-310-x86_64-linux-gnu.so
[2.108s] -- Set runtime path of "/home/abhilash-ts434/Documents/ros2_ws/install/my_robot_interfaces/local/lib/python3.10/dist-packages/my_robot_interfaces/my_robot_interfaces_s__rosidl_typesupport_c.cpython-310-x86_64-linux-gnu.so" to ""
[2.108s] -- Installing: /home/abhilash-ts434/Documents/ros2_ws/install/my_robot_interfaces/lib/libmy_robot_interfaces__rosidl_generator_py.so
[2.108s] -- Set runtime path of "/home/abhilash-ts434/Documents/ros2_ws/install/my_robot_interfaces/lib/libmy_robot_interfaces__rosidl_generator_py.so" to ""
[2.109s] -- Installing: /home/abhilash-ts434/Documents/ros2_ws/install/my_robot_interfaces/share/my_robot_interfaces/msg/HardwareStatus.idl
[2.109s] -- Installing: /home/abhilash-ts434/Documents/ros2_ws/install/my_robot_interfaces/share/my_robot_interfaces/msg/HardwareStatus.msg
[2.109s] -- Installing: /home/abhilash-ts434/Documents/ros2_ws/install/my_robot_interfaces/share/ament_index/resource_index/package_run_dependencies/my_robot_interfaces
[2.109s] -- Installing: /home/abhilash-ts434/Documents/ros2_ws/install/my_robot_interfaces/share/ament_index/resource_index/parent_prefix_path/my_robot_interfaces
[2.109s] -- Installing: /home/abhilash-ts434/Documents/ros2_ws/install/my_robot_interfaces/share/my_robot_interfaces/environment/ament_prefix_path.sh
[2.109s] -- Installing: /home/abhilash-ts434/Documents/ros2_ws/install/my_robot_interfaces/share/my_robot_interfaces/environment/ament_prefix_path.dsv
[2.109s] -- Installing: /home/abhilash-ts434/Documents/ros2_ws/install/my_robot_interfaces/share/my_robot_interfaces/environment/path.sh
[2.109s] -- Installing: /home/abhilash-ts434/Documents/ros2_ws/install/my_robot_interfaces/share/my_robot_interfaces/environment/path.dsv
[2.110s] -- Installing: /home/abhilash-ts434/Documents/ros2_ws/install/my_robot_interfaces/share/my_robot_interfaces/local_setup.bash
[2.110s] -- Installing: /home/abhilash-ts434/Documents/ros2_ws/install/my_robot_interfaces/share/my_robot_interfaces/local_setup.sh
[2.110s] -- Installing: /home/abhilash-ts434/Documents/ros2_ws/install/my_robot_interfaces/share/my_robot_interfaces/local_setup.zsh
[2.110s] -- Installing: /home/abhilash-ts434/Documents/ros2_ws/install/my_robot_interfaces/share/my_robot_interfaces/local_setup.dsv
[2.110s] -- Installing: /home/abhilash-ts434/Documents/ros2_ws/install/my_robot_interfaces/share/my_robot_interfaces/package.dsv
[2.110s] -- Installing: /home/abhilash-ts434/Documents/ros2_ws/install/my_robot_interfaces/share/ament_index/resource_index/packages/my_robot_interfaces
[2.111s] -- Installing: /home/abhilash-ts434/Documents/ros2_ws/install/my_robot_interfaces/share/my_robot_interfaces/cmake/export_my_robot_interfaces__rosidl_generator_cExport.cmake
[2.111s] -- Installing: /home/abhilash-ts434/Documents/ros2_ws/install/my_robot_interfaces/share/my_robot_interfaces/cmake/export_my_robot_interfaces__rosidl_generator_cExport-noconfig.cmake
[2.111s] -- Installing: /home/abhilash-ts434/Documents/ros2_ws/install/my_robot_interfaces/share/my_robot_interfaces/cmake/export_my_robot_interfaces__rosidl_typesupport_fastrtps_cExport.cmake
[2.111s] -- Installing: /home/abhilash-ts434/Documents/ros2_ws/install/my_robot_interfaces/share/my_robot_interfaces/cmake/export_my_robot_interfaces__rosidl_typesupport_fastrtps_cExport-noconfig.cmake
[2.111s] -- Installing: /home/abhilash-ts434/Documents/ros2_ws/install/my_robot_interfaces/share/my_robot_interfaces/cmake/my_robot_interfaces__rosidl_typesupport_introspection_cExport.cmake
[2.111s] -- Installing: /home/abhilash-ts434/Documents/ros2_ws/install/my_robot_interfaces/share/my_robot_interfaces/cmake/my_robot_interfaces__rosidl_typesupport_introspection_cExport-noconfig.cmake
[2.111s] -- Installing: /home/abhilash-ts434/Documents/ros2_ws/install/my_robot_interfaces/share/my_robot_interfaces/cmake/my_robot_interfaces__rosidl_typesupport_cExport.cmake
[2.111s] -- Installing: /home/abhilash-ts434/Documents/ros2_ws/install/my_robot_interfaces/share/my_robot_interfaces/cmake/my_robot_interfaces__rosidl_typesupport_cExport-noconfig.cmake
[2.112s] -- Installing: /home/abhilash-ts434/Documents/ros2_ws/install/my_robot_interfaces/share/my_robot_interfaces/cmake/export_my_robot_interfaces__rosidl_generator_cppExport.cmake
[2.112s] -- Installing: /home/abhilash-ts434/Documents/ros2_ws/install/my_robot_interfaces/share/my_robot_interfaces/cmake/export_my_robot_interfaces__rosidl_typesupport_fastrtps_cppExport.cmake
[2.112s] -- Installing: /home/abhilash-ts434/Documents/ros2_ws/install/my_robot_interfaces/share/my_robot_interfaces/cmake/export_my_robot_interfaces__rosidl_typesupport_fastrtps_cppExport-noconfig.cmake
[2.112s] -- Installing: /home/abhilash-ts434/Documents/ros2_ws/install/my_robot_interfaces/share/my_robot_interfaces/cmake/my_robot_interfaces__rosidl_typesupport_introspection_cppExport.cmake
[2.112s] -- Installing: /home/abhilash-ts434/Documents/ros2_ws/install/my_robot_interfaces/share/my_robot_interfaces/cmake/my_robot_interfaces__rosidl_typesupport_introspection_cppExport-noconfig.cmake
[2.112s] -- Installing: /home/abhilash-ts434/Documents/ros2_ws/install/my_robot_interfaces/share/my_robot_interfaces/cmake/my_robot_interfaces__rosidl_typesupport_cppExport.cmake
[2.112s] -- Installing: /home/abhilash-ts434/Documents/ros2_ws/install/my_robot_interfaces/share/my_robot_interfaces/cmake/my_robot_interfaces__rosidl_typesupport_cppExport-noconfig.cmake
[2.113s] -- Installing: /home/abhilash-ts434/Documents/ros2_ws/install/my_robot_interfaces/share/my_robot_interfaces/cmake/export_my_robot_interfaces__rosidl_generator_pyExport.cmake
[2.113s] -- Installing: /home/abhilash-ts434/Documents/ros2_ws/install/my_robot_interfaces/share/my_robot_interfaces/cmake/export_my_robot_interfaces__rosidl_generator_pyExport-noconfig.cmake
[2.113s] -- Installing: /home/abhilash-ts434/Documents/ros2_ws/install/my_robot_interfaces/share/my_robot_interfaces/cmake/rosidl_cmake-extras.cmake
[2.113s] -- Installing: /home/abhilash-ts434/Documents/ros2_ws/install/my_robot_interfaces/share/my_robot_interfaces/cmake/ament_cmake_export_include_directories-extras.cmake
[2.113s] -- Installing: /home/abhilash-ts434/Documents/ros2_ws/install/my_robot_interfaces/share/my_robot_interfaces/cmake/ament_cmake_export_libraries-extras.cmake
[2.113s] -- Installing: /home/abhilash-ts434/Documents/ros2_ws/install/my_robot_interfaces/share/my_robot_interfaces/cmake/ament_cmake_export_targets-extras.cmake
[2.113s] -- Installing: /home/abhilash-ts434/Documents/ros2_ws/install/my_robot_interfaces/share/my_robot_interfaces/cmake/rosidl_cmake_export_typesupport_targets-extras.cmake
[2.113s] -- Installing: /home/abhilash-ts434/Documents/ros2_ws/install/my_robot_interfaces/share/my_robot_interfaces/cmake/ament_cmake_export_dependencies-extras.cmake
[2.113s] -- Installing: /home/abhilash-ts434/Documents/ros2_ws/install/my_robot_interfaces/share/my_robot_interfaces/cmake/rosidl_cmake_export_typesupport_libraries-extras.cmake
[2.114s] -- Installing: /home/abhilash-ts434/Documents/ros2_ws/install/my_robot_interfaces/share/my_robot_interfaces/cmake/my_robot_interfacesConfig.cmake
[2.114s] -- Installing: /home/abhilash-ts434/Documents/ros2_ws/install/my_robot_interfaces/share/my_robot_interfaces/cmake/my_robot_interfacesConfig-version.cmake
[2.114s] -- Installing: /home/abhilash-ts434/Documents/ros2_ws/install/my_robot_interfaces/share/my_robot_interfaces/package.xml
[2.116s] Invoked command in '/home/abhilash-ts434/Documents/ros2_ws/build/my_robot_interfaces' returned '0': CMAKE_PREFIX_PATH=${CMAKE_PREFIX_PATH}:/home/abhilash-ts434/Documents/ros2_ws/install/my_py_pkg:/opt/ros/humble /usr/bin/cmake --install /home/abhilash-ts434/Documents/ros2_ws/build/my_robot_interfaces
