[0.007s] Invoking command in '/home/abhilash-ts434/Documents/ros2_ws/build/my_cpp_pkg': CMAKE_PREFIX_PATH=${CMAKE_PREFIX_PATH}:/home/abhilash-ts434/Documents/ros2_ws/install/my_py_pkg:/opt/ros/humble /usr/bin/cmake --build /home/abhilash-ts434/Documents/ros2_ws/build/my_cpp_pkg -- -j16 -l16
[0.034s] [35m[1mConsolidate compiler generated dependencies of target oop_node[0m
[0.042s] [ 50%] Built target cpp_node
[0.046s] [ 75%] [32mBuilding CXX object CMakeFiles/oop_node.dir/src/oop_cpp_node.cpp.o[0m
[1.770s] [100%] [32m[1mLinking CXX executable oop_node[0m
[1.837s] [100%] Built target oop_node
[1.846s] Invoked command in '/home/abhilash-ts434/Documents/ros2_ws/build/my_cpp_pkg' returned '0': CMAKE_PREFIX_PATH=${CMAKE_PREFIX_PATH}:/home/abhilash-ts434/Documents/ros2_ws/install/my_py_pkg:/opt/ros/humble /usr/bin/cmake --build /home/abhilash-ts434/Documents/ros2_ws/build/my_cpp_pkg -- -j16 -l16
[1.852s] Invoking command in '/home/abhilash-ts434/Documents/ros2_ws/build/my_cpp_pkg': CMAKE_PREFIX_PATH=${CMAKE_PREFIX_PATH}:/home/abhilash-ts434/Documents/ros2_ws/install/my_py_pkg:/opt/ros/humble /usr/bin/cmake --install /home/abhilash-ts434/Documents/ros2_ws/build/my_cpp_pkg
[1.856s] -- Install configuration: ""
[1.856s] -- Up-to-date: /home/abhilash-ts434/Documents/ros2_ws/install/my_cpp_pkg/lib/my_cpp_pkg/cpp_node
[1.856s] -- Installing: /home/abhilash-ts434/Documents/ros2_ws/install/my_cpp_pkg/lib/my_cpp_pkg/oop_node
[1.857s] -- Set runtime path of "/home/abhilash-ts434/Documents/ros2_ws/install/my_cpp_pkg/lib/my_cpp_pkg/oop_node" to ""
[1.857s] -- Up-to-date: /home/abhilash-ts434/Documents/ros2_ws/install/my_cpp_pkg/share/ament_index/resource_index/package_run_dependencies/my_cpp_pkg
[1.857s] -- Up-to-date: /home/abhilash-ts434/Documents/ros2_ws/install/my_cpp_pkg/share/ament_index/resource_index/parent_prefix_path/my_cpp_pkg
[1.857s] -- Up-to-date: /home/abhilash-ts434/Documents/ros2_ws/install/my_cpp_pkg/share/my_cpp_pkg/environment/ament_prefix_path.sh
[1.857s] -- Installing: /home/abhilash-ts434/Documents/ros2_ws/install/my_cpp_pkg/share/my_cpp_pkg/environment/ament_prefix_path.dsv
[1.857s] -- Up-to-date: /home/abhilash-ts434/Documents/ros2_ws/install/my_cpp_pkg/share/my_cpp_pkg/environment/path.sh
[1.857s] -- Installing: /home/abhilash-ts434/Documents/ros2_ws/install/my_cpp_pkg/share/my_cpp_pkg/environment/path.dsv
[1.857s] -- Up-to-date: /home/abhilash-ts434/Documents/ros2_ws/install/my_cpp_pkg/share/my_cpp_pkg/local_setup.bash
[1.857s] -- Up-to-date: /home/abhilash-ts434/Documents/ros2_ws/install/my_cpp_pkg/share/my_cpp_pkg/local_setup.sh
[1.857s] -- Up-to-date: /home/abhilash-ts434/Documents/ros2_ws/install/my_cpp_pkg/share/my_cpp_pkg/local_setup.zsh
[1.857s] -- Installing: /home/abhilash-ts434/Documents/ros2_ws/install/my_cpp_pkg/share/my_cpp_pkg/local_setup.dsv
[1.857s] -- Installing: /home/abhilash-ts434/Documents/ros2_ws/install/my_cpp_pkg/share/my_cpp_pkg/package.dsv
[1.857s] -- Up-to-date: /home/abhilash-ts434/Documents/ros2_ws/install/my_cpp_pkg/share/ament_index/resource_index/packages/my_cpp_pkg
[1.858s] -- Up-to-date: /home/abhilash-ts434/Documents/ros2_ws/install/my_cpp_pkg/share/my_cpp_pkg/cmake/my_cpp_pkgConfig.cmake
[1.858s] -- Up-to-date: /home/abhilash-ts434/Documents/ros2_ws/install/my_cpp_pkg/share/my_cpp_pkg/cmake/my_cpp_pkgConfig-version.cmake
[1.858s] -- Up-to-date: /home/abhilash-ts434/Documents/ros2_ws/install/my_cpp_pkg/share/my_cpp_pkg/package.xml
[1.859s] Invoked command in '/home/abhilash-ts434/Documents/ros2_ws/build/my_cpp_pkg' returned '0': CMAKE_PREFIX_PATH=${CMAKE_PREFIX_PATH}:/home/abhilash-ts434/Documents/ros2_ws/install/my_py_pkg:/opt/ros/humble /usr/bin/cmake --install /home/abhilash-ts434/Documents/ros2_ws/build/my_cpp_pkg
