[0.013s] Invoking command in '/home/abhilash-ts434/Documents/ros2_ws/build/my_cpp_pkg': CMAKE_PREFIX_PATH=${CMAKE_PREFIX_PATH}:/home/abhilash-ts434/Documents/ros2_ws/install/my_py_pkg:/opt/ros/humble /usr/bin/cmake /home/abhilash-ts434/Documents/ros2_ws/src/my_cpp_pkg -DCMAKE_INSTALL_PREFIX=/home/abhilash-ts434/Documents/ros2_ws/install/my_cpp_pkg
[0.021s] -- Found ament_cmake: 1.3.11 (/opt/ros/humble/share/ament_cmake/cmake)
[0.109s] -- Override CMake install command with custom implementation using symlinks instead of copying resources
[0.115s] -- Found rclcpp: 16.0.11 (/opt/ros/humble/share/rclcpp/cmake)
[0.133s] -- Found rosidl_generator_c: 3.1.6 (/opt/ros/humble/share/rosidl_generator_c/cmake)
[0.134s] -- Found rosidl_adapter: 3.1.6 (/opt/ros/humble/share/rosidl_adapter/cmake)
[0.138s] -- Found rosidl_generator_cpp: 3.1.6 (/opt/ros/humble/share/rosidl_generator_cpp/cmake)
[0.143s] -- Using all available rosidl_typesupport_c: rosidl_typesupport_fastrtps_c;rosidl_typesupport_introspection_c
[0.151s] -- Using all available rosidl_typesupport_cpp: rosidl_typesupport_fastrtps_cpp;rosidl_typesupport_introspection_cpp
[0.171s] -- Found rmw_implementation_cmake: 6.1.2 (/opt/ros/humble/share/rmw_implementation_cmake/cmake)
[0.171s] -- Found rmw_fastrtps_cpp: 6.2.7 (/opt/ros/humble/share/rmw_fastrtps_cpp/cmake)
[0.237s] -- Using RMW implementation 'rmw_fastrtps_cpp' as default
[0.314s] -- Configuring done
[0.316s] [33mCMake Warning (dev) at CMakeLists.txt:12 (add_executable):
[0.316s]   Policy CMP0115 is not set: Source file extensions must be explicit.  Run
[0.316s]   "cmake --help-policy CMP0115" for policy details.  Use the cmake_policy
[0.316s]   command to set the policy and suppress this warning.
[0.316s] 
[0.316s]   File:
[0.316s] 
[0.316s]     /home/abhilash-ts434/Documents/ros2_ws/src/my_cpp_pkg/src/first_cpp_node.cpp
[0.316s] This warning is for project developers.  Use -Wno-dev to suppress it.
[0.316s] [0m
[0.316s] [33mCMake Warning (dev) at CMakeLists.txt:13 (add_executable):
[0.316s]   Policy CMP0115 is not set: Source file extensions must be explicit.  Run
[0.316s]   "cmake --help-policy CMP0115" for policy details.  Use the cmake_policy
[0.316s]   command to set the policy and suppress this warning.
[0.317s] 
[0.317s]   File:
[0.317s] 
[0.317s]     /home/abhilash-ts434/Documents/ros2_ws/src/my_cpp_pkg/src/oop_cpp_node.cpp
[0.317s] This warning is for project developers.  Use -Wno-dev to suppress it.
[0.317s] [0m
[0.325s] -- Generating done
[0.329s] -- Build files have been written to: /home/abhilash-ts434/Documents/ros2_ws/build/my_cpp_pkg
[0.335s] Invoked command in '/home/abhilash-ts434/Documents/ros2_ws/build/my_cpp_pkg' returned '0': CMAKE_PREFIX_PATH=${CMAKE_PREFIX_PATH}:/home/abhilash-ts434/Documents/ros2_ws/install/my_py_pkg:/opt/ros/humble /usr/bin/cmake /home/abhilash-ts434/Documents/ros2_ws/src/my_cpp_pkg -DCMAKE_INSTALL_PREFIX=/home/abhilash-ts434/Documents/ros2_ws/install/my_cpp_pkg
[0.336s] Invoking command in '/home/abhilash-ts434/Documents/ros2_ws/build/my_cpp_pkg': CMAKE_PREFIX_PATH=${CMAKE_PREFIX_PATH}:/home/abhilash-ts434/Documents/ros2_ws/install/my_py_pkg:/opt/ros/humble /usr/bin/cmake --build /home/abhilash-ts434/Documents/ros2_ws/build/my_cpp_pkg -- -j16 -l16
[0.366s] [35m[1mConsolidate compiler generated dependencies of target oop_node[0m
[0.366s] [35m[1mConsolidate compiler generated dependencies of target cpp_node[0m
[0.380s] [100%] Built target cpp_node
[0.380s] [100%] Built target oop_node
[0.389s] Invoked command in '/home/abhilash-ts434/Documents/ros2_ws/build/my_cpp_pkg' returned '0': CMAKE_PREFIX_PATH=${CMAKE_PREFIX_PATH}:/home/abhilash-ts434/Documents/ros2_ws/install/my_py_pkg:/opt/ros/humble /usr/bin/cmake --build /home/abhilash-ts434/Documents/ros2_ws/build/my_cpp_pkg -- -j16 -l16
[0.390s] Invoking command in '/home/abhilash-ts434/Documents/ros2_ws/build/my_cpp_pkg': CMAKE_PREFIX_PATH=${CMAKE_PREFIX_PATH}:/home/abhilash-ts434/Documents/ros2_ws/install/my_py_pkg:/opt/ros/humble /usr/bin/cmake --install /home/abhilash-ts434/Documents/ros2_ws/build/my_cpp_pkg
[0.394s] -- Install configuration: ""
[0.395s] -- Execute custom install script
[0.395s] -- Up-to-date symlink: /home/abhilash-ts434/Documents/ros2_ws/install/my_cpp_pkg/lib/my_cpp_pkg/cpp_node
[0.396s] -- Up-to-date symlink: /home/abhilash-ts434/Documents/ros2_ws/install/my_cpp_pkg/lib/my_cpp_pkg/oop_node
[0.396s] -- Up-to-date symlink: /home/abhilash-ts434/Documents/ros2_ws/install/my_cpp_pkg/share/ament_index/resource_index/package_run_dependencies/my_cpp_pkg
[0.396s] -- Up-to-date symlink: /home/abhilash-ts434/Documents/ros2_ws/install/my_cpp_pkg/share/ament_index/resource_index/parent_prefix_path/my_cpp_pkg
[0.396s] -- Up-to-date symlink: /home/abhilash-ts434/Documents/ros2_ws/install/my_cpp_pkg/share/my_cpp_pkg/environment/ament_prefix_path.sh
[0.396s] -- Up-to-date symlink: /home/abhilash-ts434/Documents/ros2_ws/install/my_cpp_pkg/share/my_cpp_pkg/environment/ament_prefix_path.dsv
[0.397s] -- Up-to-date symlink: /home/abhilash-ts434/Documents/ros2_ws/install/my_cpp_pkg/share/my_cpp_pkg/environment/path.sh
[0.397s] -- Up-to-date symlink: /home/abhilash-ts434/Documents/ros2_ws/install/my_cpp_pkg/share/my_cpp_pkg/environment/path.dsv
[0.397s] -- Up-to-date symlink: /home/abhilash-ts434/Documents/ros2_ws/install/my_cpp_pkg/share/my_cpp_pkg/local_setup.bash
[0.397s] -- Up-to-date symlink: /home/abhilash-ts434/Documents/ros2_ws/install/my_cpp_pkg/share/my_cpp_pkg/local_setup.sh
[0.397s] -- Up-to-date symlink: /home/abhilash-ts434/Documents/ros2_ws/install/my_cpp_pkg/share/my_cpp_pkg/local_setup.zsh
[0.397s] -- Up-to-date symlink: /home/abhilash-ts434/Documents/ros2_ws/install/my_cpp_pkg/share/my_cpp_pkg/local_setup.dsv
[0.397s] -- Symlinking: /home/abhilash-ts434/Documents/ros2_ws/install/my_cpp_pkg/share/my_cpp_pkg/package.dsv
[0.404s] -- Up-to-date symlink: /home/abhilash-ts434/Documents/ros2_ws/install/my_cpp_pkg/share/ament_index/resource_index/packages/my_cpp_pkg
[0.404s] -- Up-to-date symlink: /home/abhilash-ts434/Documents/ros2_ws/install/my_cpp_pkg/share/my_cpp_pkg/cmake/my_cpp_pkgConfig.cmake
[0.404s] -- Up-to-date symlink: /home/abhilash-ts434/Documents/ros2_ws/install/my_cpp_pkg/share/my_cpp_pkg/cmake/my_cpp_pkgConfig-version.cmake
[0.404s] -- Up-to-date symlink: /home/abhilash-ts434/Documents/ros2_ws/install/my_cpp_pkg/share/my_cpp_pkg/package.xml
[0.406s] Invoked command in '/home/abhilash-ts434/Documents/ros2_ws/build/my_cpp_pkg' returned '0': CMAKE_PREFIX_PATH=${CMAKE_PREFIX_PATH}:/home/abhilash-ts434/Documents/ros2_ws/install/my_py_pkg:/opt/ros/humble /usr/bin/cmake --install /home/abhilash-ts434/Documents/ros2_ws/build/my_cpp_pkg
