[0.394s] Invoking command in '/home/abhilash-ts434/Documents/ros2_ws/build/my_py_pkg': PYTHONPATH=/home/abhilash-ts434/Documents/ros2_ws/build/my_py_pkg/prefix_override:/usr/lib/python3/dist-packages/colcon_core/task/python/colcon_distutils_commands:/home/abhilash-ts434/Documents/ros2_ws/install/my_py_pkg/lib/python3.10/site-packages:${PYTHONPATH} /usr/bin/python3 -W ignore:setup.py install is deprecated -W ignore:easy_install command is deprecated setup.py develop --editable --build-directory /home/abhilash-ts434/Documents/ros2_ws/build/my_py_pkg/build --no-deps symlink_data
[0.565s] running develop
[0.677s] running egg_info
[0.677s] writing my_py_pkg.egg-info/PKG-INFO
[0.677s] writing dependency_links to my_py_pkg.egg-info/dependency_links.txt
[0.677s] writing entry points to my_py_pkg.egg-info/entry_points.txt
[0.677s] writing requirements to my_py_pkg.egg-info/requires.txt
[0.677s] writing top-level names to my_py_pkg.egg-info/top_level.txt
[0.679s] reading manifest file 'my_py_pkg.egg-info/SOURCES.txt'
[0.679s] writing manifest file 'my_py_pkg.egg-info/SOURCES.txt'
[0.680s] running build_ext
[0.680s] Creating /home/abhilash-ts434/Documents/ros2_ws/install/my_py_pkg/lib/python3.10/site-packages/my-py-pkg.egg-link (link to .)
[0.681s] Installing add_two_ints_client script to /home/abhilash-ts434/Documents/ros2_ws/install/my_py_pkg/lib/my_py_pkg
[0.681s] Installing add_two_ints_client_no_oop script to /home/abhilash-ts434/Documents/ros2_ws/install/my_py_pkg/lib/my_py_pkg
[0.681s] Installing add_two_ints_server script to /home/abhilash-ts434/Documents/ros2_ws/install/my_py_pkg/lib/my_py_pkg
[0.681s] Installing battery_node script to /home/abhilash-ts434/Documents/ros2_ws/install/my_py_pkg/lib/my_py_pkg
[0.681s] Installing hw_status_publisher script to /home/abhilash-ts434/Documents/ros2_ws/install/my_py_pkg/lib/my_py_pkg
[0.681s] Installing led_panel script to /home/abhilash-ts434/Documents/ros2_ws/install/my_py_pkg/lib/my_py_pkg
[0.681s] Installing number_counter script to /home/abhilash-ts434/Documents/ros2_ws/install/my_py_pkg/lib/my_py_pkg
[0.682s] Installing number_publisher script to /home/abhilash-ts434/Documents/ros2_ws/install/my_py_pkg/lib/my_py_pkg
[0.682s] Installing oop_node script to /home/abhilash-ts434/Documents/ros2_ws/install/my_py_pkg/lib/my_py_pkg
[0.682s] Installing py_node script to /home/abhilash-ts434/Documents/ros2_ws/install/my_py_pkg/lib/my_py_pkg
[0.682s] Installing robot_news_station script to /home/abhilash-ts434/Documents/ros2_ws/install/my_py_pkg/lib/my_py_pkg
[0.682s] Installing smartphone script to /home/abhilash-ts434/Documents/ros2_ws/install/my_py_pkg/lib/my_py_pkg
[0.682s] 
[0.682s] Installed /home/abhilash-ts434/Documents/ros2_ws/build/my_py_pkg
[0.682s] running symlink_data
[0.697s] Invoked command in '/home/abhilash-ts434/Documents/ros2_ws/build/my_py_pkg' returned '0': PYTHONPATH=/home/abhilash-ts434/Documents/ros2_ws/build/my_py_pkg/prefix_override:/usr/lib/python3/dist-packages/colcon_core/task/python/colcon_distutils_commands:/home/abhilash-ts434/Documents/ros2_ws/install/my_py_pkg/lib/python3.10/site-packages:${PYTHONPATH} /usr/bin/python3 -W ignore:setup.py install is deprecated -W ignore:easy_install command is deprecated setup.py develop --editable --build-directory /home/abhilash-ts434/Documents/ros2_ws/build/my_py_pkg/build --no-deps symlink_data
