[0.008s] Invoking command in '/home/abhilash-ts434/Documents/ros2_ws/src/build/my_robot_bringup': AMENT_PREFIX_PATH=/home/abhilash-ts434/Documents/ros2_ws/src/install/my_py_pkg:/home/abhilash-ts434/Documents/ros2_ws/src/install/my_robot_interfaces:${AMENT_PREFIX_PATH} CMAKE_PREFIX_PATH=/home/abhilash-ts434/Documents/ros2_ws/src/install/my_robot_interfaces:/home/abhilash-ts434/Documents/ros2_ws/install/my_robot_bringup:/home/abhilash-ts434/Documents/ros2_ws/install/my_robot_interfaces:/home/abhilash-ts434/Documents/ros2_ws/install/my_cpp_pkg:/home/abhilash-ts434/Documents/ros2_ws/install/my_py_pkg:/opt/ros/humble LD_LIBRARY_PATH=/home/abhilash-ts434/Documents/ros2_ws/src/install/my_robot_interfaces/lib:${LD_LIBRARY_PATH} PYTHONPATH=/home/abhilash-ts434/Documents/ros2_ws/src/install/my_py_pkg/lib/python3.10/site-packages:/home/abhilash-ts434/Documents/ros2_ws/src/install/my_robot_interfaces/local/lib/python3.10/dist-packages:${PYTHONPATH} /usr/bin/cmake /home/abhilash-ts434/Documents/ros2_ws/src/my_robot_bringup -DCMAKE_INSTALL_PREFIX=/home/abhilash-ts434/Documents/ros2_ws/src/install/my_robot_bringup
[0.047s] -- The C compiler identification is GNU 11.4.0
[0.085s] -- The CXX compiler identification is GNU 11.4.0
[0.090s] -- Detecting C compiler ABI info
[0.141s] -- Detecting C compiler ABI info - done
[0.146s] -- Check for working C compiler: /usr/bin/cc - skipped
[0.146s] -- Detecting C compile features
[0.147s] -- Detecting C compile features - done
[0.149s] -- Detecting CXX compiler ABI info
[0.206s] -- Detecting CXX compiler ABI info - done
[0.212s] -- Check for working CXX compiler: /usr/bin/c++ - skipped
[0.212s] -- Detecting CXX compile features
[0.212s] -- Detecting CXX compile features - done
[0.214s] -- Found ament_cmake: 1.3.11 (/opt/ros/humble/share/ament_cmake/cmake)
[0.322s] -- Found Python3: /usr/bin/python3 (found version "3.10.12") found components: Interpreter 
[0.429s] -- Configuring done
[0.431s] -- Generating done
[0.432s] -- Build files have been written to: /home/abhilash-ts434/Documents/ros2_ws/src/build/my_robot_bringup
[0.435s] Invoked command in '/home/abhilash-ts434/Documents/ros2_ws/src/build/my_robot_bringup' returned '0': AMENT_PREFIX_PATH=/home/abhilash-ts434/Documents/ros2_ws/src/install/my_py_pkg:/home/abhilash-ts434/Documents/ros2_ws/src/install/my_robot_interfaces:${AMENT_PREFIX_PATH} CMAKE_PREFIX_PATH=/home/abhilash-ts434/Documents/ros2_ws/src/install/my_robot_interfaces:/home/abhilash-ts434/Documents/ros2_ws/install/my_robot_bringup:/home/abhilash-ts434/Documents/ros2_ws/install/my_robot_interfaces:/home/abhilash-ts434/Documents/ros2_ws/install/my_cpp_pkg:/home/abhilash-ts434/Documents/ros2_ws/install/my_py_pkg:/opt/ros/humble LD_LIBRARY_PATH=/home/abhilash-ts434/Documents/ros2_ws/src/install/my_robot_interfaces/lib:${LD_LIBRARY_PATH} PYTHONPATH=/home/abhilash-ts434/Documents/ros2_ws/src/install/my_py_pkg/lib/python3.10/site-packages:/home/abhilash-ts434/Documents/ros2_ws/src/install/my_robot_interfaces/local/lib/python3.10/dist-packages:${PYTHONPATH} /usr/bin/cmake /home/abhilash-ts434/Documents/ros2_ws/src/my_robot_bringup -DCMAKE_INSTALL_PREFIX=/home/abhilash-ts434/Documents/ros2_ws/src/install/my_robot_bringup
[0.436s] Invoking command in '/home/abhilash-ts434/Documents/ros2_ws/src/build/my_robot_bringup': AMENT_PREFIX_PATH=/home/abhilash-ts434/Documents/ros2_ws/src/install/my_py_pkg:/home/abhilash-ts434/Documents/ros2_ws/src/install/my_robot_interfaces:${AMENT_PREFIX_PATH} CMAKE_PREFIX_PATH=/home/abhilash-ts434/Documents/ros2_ws/src/install/my_robot_interfaces:/home/abhilash-ts434/Documents/ros2_ws/install/my_robot_bringup:/home/abhilash-ts434/Documents/ros2_ws/install/my_robot_interfaces:/home/abhilash-ts434/Documents/ros2_ws/install/my_cpp_pkg:/home/abhilash-ts434/Documents/ros2_ws/install/my_py_pkg:/opt/ros/humble LD_LIBRARY_PATH=/home/abhilash-ts434/Documents/ros2_ws/src/install/my_robot_interfaces/lib:${LD_LIBRARY_PATH} PYTHONPATH=/home/abhilash-ts434/Documents/ros2_ws/src/install/my_py_pkg/lib/python3.10/site-packages:/home/abhilash-ts434/Documents/ros2_ws/src/install/my_robot_interfaces/local/lib/python3.10/dist-packages:${PYTHONPATH} /usr/bin/cmake --build /home/abhilash-ts434/Documents/ros2_ws/src/build/my_robot_bringup -- -j16 -l16
[0.464s] Invoked command in '/home/abhilash-ts434/Documents/ros2_ws/src/build/my_robot_bringup' returned '0': AMENT_PREFIX_PATH=/home/abhilash-ts434/Documents/ros2_ws/src/install/my_py_pkg:/home/abhilash-ts434/Documents/ros2_ws/src/install/my_robot_interfaces:${AMENT_PREFIX_PATH} CMAKE_PREFIX_PATH=/home/abhilash-ts434/Documents/ros2_ws/src/install/my_robot_interfaces:/home/abhilash-ts434/Documents/ros2_ws/install/my_robot_bringup:/home/abhilash-ts434/Documents/ros2_ws/install/my_robot_interfaces:/home/abhilash-ts434/Documents/ros2_ws/install/my_cpp_pkg:/home/abhilash-ts434/Documents/ros2_ws/install/my_py_pkg:/opt/ros/humble LD_LIBRARY_PATH=/home/abhilash-ts434/Documents/ros2_ws/src/install/my_robot_interfaces/lib:${LD_LIBRARY_PATH} PYTHONPATH=/home/abhilash-ts434/Documents/ros2_ws/src/install/my_py_pkg/lib/python3.10/site-packages:/home/abhilash-ts434/Documents/ros2_ws/src/install/my_robot_interfaces/local/lib/python3.10/dist-packages:${PYTHONPATH} /usr/bin/cmake --build /home/abhilash-ts434/Documents/ros2_ws/src/build/my_robot_bringup -- -j16 -l16
[0.465s] Invoking command in '/home/abhilash-ts434/Documents/ros2_ws/src/build/my_robot_bringup': AMENT_PREFIX_PATH=/home/abhilash-ts434/Documents/ros2_ws/src/install/my_py_pkg:/home/abhilash-ts434/Documents/ros2_ws/src/install/my_robot_interfaces:${AMENT_PREFIX_PATH} CMAKE_PREFIX_PATH=/home/abhilash-ts434/Documents/ros2_ws/src/install/my_robot_interfaces:/home/abhilash-ts434/Documents/ros2_ws/install/my_robot_bringup:/home/abhilash-ts434/Documents/ros2_ws/install/my_robot_interfaces:/home/abhilash-ts434/Documents/ros2_ws/install/my_cpp_pkg:/home/abhilash-ts434/Documents/ros2_ws/install/my_py_pkg:/opt/ros/humble LD_LIBRARY_PATH=/home/abhilash-ts434/Documents/ros2_ws/src/install/my_robot_interfaces/lib:${LD_LIBRARY_PATH} PYTHONPATH=/home/abhilash-ts434/Documents/ros2_ws/src/install/my_py_pkg/lib/python3.10/site-packages:/home/abhilash-ts434/Documents/ros2_ws/src/install/my_robot_interfaces/local/lib/python3.10/dist-packages:${PYTHONPATH} /usr/bin/cmake --install /home/abhilash-ts434/Documents/ros2_ws/src/build/my_robot_bringup
[0.471s] -- Install configuration: ""
[0.471s] -- Installing: /home/abhilash-ts434/Documents/ros2_ws/src/install/my_robot_bringup/share/my_robot_bringup/launch
[0.471s] -- Installing: /home/abhilash-ts434/Documents/ros2_ws/src/install/my_robot_bringup/share/my_robot_bringup/launch/radio.launch.py
[0.471s] -- Installing: /home/abhilash-ts434/Documents/ros2_ws/src/install/my_robot_bringup/share/my_robot_bringup/launch/number_app.launch.py
[0.472s] -- Installing: /home/abhilash-ts434/Documents/ros2_ws/src/install/my_robot_bringup/share/ament_index/resource_index/package_run_dependencies/my_robot_bringup
[0.472s] -- Installing: /home/abhilash-ts434/Documents/ros2_ws/src/install/my_robot_bringup/share/ament_index/resource_index/parent_prefix_path/my_robot_bringup
[0.472s] -- Installing: /home/abhilash-ts434/Documents/ros2_ws/src/install/my_robot_bringup/share/my_robot_bringup/environment/ament_prefix_path.sh
[0.472s] -- Installing: /home/abhilash-ts434/Documents/ros2_ws/src/install/my_robot_bringup/share/my_robot_bringup/environment/ament_prefix_path.dsv
[0.473s] -- Installing: /home/abhilash-ts434/Documents/ros2_ws/src/install/my_robot_bringup/share/my_robot_bringup/environment/path.sh
[0.473s] -- Installing: /home/abhilash-ts434/Documents/ros2_ws/src/install/my_robot_bringup/share/my_robot_bringup/environment/path.dsv
[0.473s] -- Installing: /home/abhilash-ts434/Documents/ros2_ws/src/install/my_robot_bringup/share/my_robot_bringup/local_setup.bash
[0.473s] -- Installing: /home/abhilash-ts434/Documents/ros2_ws/src/install/my_robot_bringup/share/my_robot_bringup/local_setup.sh
[0.473s] -- Installing: /home/abhilash-ts434/Documents/ros2_ws/src/install/my_robot_bringup/share/my_robot_bringup/local_setup.zsh
[0.474s] -- Installing: /home/abhilash-ts434/Documents/ros2_ws/src/install/my_robot_bringup/share/my_robot_bringup/local_setup.dsv
[0.474s] -- Installing: /home/abhilash-ts434/Documents/ros2_ws/src/install/my_robot_bringup/share/my_robot_bringup/package.dsv
[0.474s] -- Installing: /home/abhilash-ts434/Documents/ros2_ws/src/install/my_robot_bringup/share/ament_index/resource_index/packages/my_robot_bringup
[0.474s] -- Installing: /home/abhilash-ts434/Documents/ros2_ws/src/install/my_robot_bringup/share/my_robot_bringup/cmake/my_robot_bringupConfig.cmake
[0.474s] -- Installing: /home/abhilash-ts434/Documents/ros2_ws/src/install/my_robot_bringup/share/my_robot_bringup/cmake/my_robot_bringupConfig-version.cmake
[0.474s] -- Installing: /home/abhilash-ts434/Documents/ros2_ws/src/install/my_robot_bringup/share/my_robot_bringup/package.xml
[0.476s] Invoked command in '/home/abhilash-ts434/Documents/ros2_ws/src/build/my_robot_bringup' returned '0': AMENT_PREFIX_PATH=/home/abhilash-ts434/Documents/ros2_ws/src/install/my_py_pkg:/home/abhilash-ts434/Documents/ros2_ws/src/install/my_robot_interfaces:${AMENT_PREFIX_PATH} CMAKE_PREFIX_PATH=/home/abhilash-ts434/Documents/ros2_ws/src/install/my_robot_interfaces:/home/abhilash-ts434/Documents/ros2_ws/install/my_robot_bringup:/home/abhilash-ts434/Documents/ros2_ws/install/my_robot_interfaces:/home/abhilash-ts434/Documents/ros2_ws/install/my_cpp_pkg:/home/abhilash-ts434/Documents/ros2_ws/install/my_py_pkg:/opt/ros/humble LD_LIBRARY_PATH=/home/abhilash-ts434/Documents/ros2_ws/src/install/my_robot_interfaces/lib:${LD_LIBRARY_PATH} PYTHONPATH=/home/abhilash-ts434/Documents/ros2_ws/src/install/my_py_pkg/lib/python3.10/site-packages:/home/abhilash-ts434/Documents/ros2_ws/src/install/my_robot_interfaces/local/lib/python3.10/dist-packages:${PYTHONPATH} /usr/bin/cmake --install /home/abhilash-ts434/Documents/ros2_ws/src/build/my_robot_bringup
