[0.401s] Invoking command in '/home/abhilash-ts434/Documents/ros2_ws/build/my_py_pkg': LD_LIBRARY_PATH=/home/abhilash-ts434/Documents/ros2_ws/install/my_robot_interfaces/lib:/opt/ros/humble/opt/rviz_ogre_vendor/lib:/opt/ros/humble/lib/x86_64-linux-gnu:/opt/ros/humble/lib PYTHONPATH=/home/abhilash-ts434/Documents/ros2_ws/build/my_py_pkg/prefix_override:/usr/lib/python3/dist-packages/colcon_core/task/python/colcon_distutils_commands:/home/abhilash-ts434/Documents/ros2_ws/install/my_py_pkg/lib/python3.10/site-packages:${PYTHONPATH} /usr/bin/python3 -W ignore:setup.py install is deprecated -W ignore:easy_install command is deprecated setup.py develop --editable --build-directory /home/abhilash-ts434/Documents/ros2_ws/build/my_py_pkg/build --no-deps symlink_data --force
[0.575s] running develop
[0.686s] running egg_info
[0.686s] writing my_py_pkg.egg-info/PKG-INFO
[0.686s] writing dependency_links to my_py_pkg.egg-info/dependency_links.txt
[0.686s] writing entry points to my_py_pkg.egg-info/entry_points.txt
[0.686s] writing requirements to my_py_pkg.egg-info/requires.txt
[0.687s] writing top-level names to my_py_pkg.egg-info/top_level.txt
[0.688s] reading manifest file 'my_py_pkg.egg-info/SOURCES.txt'
[0.688s] writing manifest file 'my_py_pkg.egg-info/SOURCES.txt'
[0.689s] running build_ext
[0.689s] Creating /home/abhilash-ts434/Documents/ros2_ws/install/my_py_pkg/lib/python3.10/site-packages/my-py-pkg.egg-link (link to .)
[0.690s] Installing add_two_ints_client script to /home/abhilash-ts434/Documents/ros2_ws/install/my_py_pkg/lib/my_py_pkg
[0.690s] Installing add_two_ints_client_no_oop script to /home/abhilash-ts434/Documents/ros2_ws/install/my_py_pkg/lib/my_py_pkg
[0.690s] Installing add_two_ints_server script to /home/abhilash-ts434/Documents/ros2_ws/install/my_py_pkg/lib/my_py_pkg
[0.690s] Installing battery_node script to /home/abhilash-ts434/Documents/ros2_ws/install/my_py_pkg/lib/my_py_pkg
[0.690s] Installing hw_status_publisher script to /home/abhilash-ts434/Documents/ros2_ws/install/my_py_pkg/lib/my_py_pkg
[0.690s] Installing led_panel script to /home/abhilash-ts434/Documents/ros2_ws/install/my_py_pkg/lib/my_py_pkg
[0.691s] Installing number_counter script to /home/abhilash-ts434/Documents/ros2_ws/install/my_py_pkg/lib/my_py_pkg
[0.691s] Installing number_publisher script to /home/abhilash-ts434/Documents/ros2_ws/install/my_py_pkg/lib/my_py_pkg
[0.691s] Installing oop_node script to /home/abhilash-ts434/Documents/ros2_ws/install/my_py_pkg/lib/my_py_pkg
[0.691s] Installing py_node script to /home/abhilash-ts434/Documents/ros2_ws/install/my_py_pkg/lib/my_py_pkg
[0.691s] Installing robot_news_station script to /home/abhilash-ts434/Documents/ros2_ws/install/my_py_pkg/lib/my_py_pkg
[0.691s] Installing smartphone script to /home/abhilash-ts434/Documents/ros2_ws/install/my_py_pkg/lib/my_py_pkg
[0.691s] 
[0.691s] Installed /home/abhilash-ts434/Documents/ros2_ws/build/my_py_pkg
[0.691s] running symlink_data
[0.691s] symbolically linking /home/abhilash-ts434/Documents/ros2_ws/build/my_py_pkg/resource/my_py_pkg -> /home/abhilash-ts434/Documents/ros2_ws/install/my_py_pkg/share/ament_index/resource_index/packages
[0.691s] symbolically linking /home/abhilash-ts434/Documents/ros2_ws/build/my_py_pkg/package.xml -> /home/abhilash-ts434/Documents/ros2_ws/install/my_py_pkg/share/my_py_pkg
[0.707s] Invoked command in '/home/abhilash-ts434/Documents/ros2_ws/build/my_py_pkg' returned '0': LD_LIBRARY_PATH=/home/abhilash-ts434/Documents/ros2_ws/install/my_robot_interfaces/lib:/opt/ros/humble/opt/rviz_ogre_vendor/lib:/opt/ros/humble/lib/x86_64-linux-gnu:/opt/ros/humble/lib PYTHONPATH=/home/abhilash-ts434/Documents/ros2_ws/build/my_py_pkg/prefix_override:/usr/lib/python3/dist-packages/colcon_core/task/python/colcon_distutils_commands:/home/abhilash-ts434/Documents/ros2_ws/install/my_py_pkg/lib/python3.10/site-packages:${PYTHONPATH} /usr/bin/python3 -W ignore:setup.py install is deprecated -W ignore:easy_install command is deprecated setup.py develop --editable --build-directory /home/abhilash-ts434/Documents/ros2_ws/build/my_py_pkg/build --no-deps symlink_data --force
