[0.007s] Invoking command in '/home/abhilash-ts434/Documents/ros2_ws/build/my_robot_bringup': AMENT_PREFIX_PATH=/home/abhilash-ts434/Documents/ros2_ws/install/my_py_pkg:/home/abhilash-ts434/Documents/ros2_ws/install/my_robot_bringup:/home/abhilash-ts434/Documents/ros2_ws/install/my_robot_interfaces:/home/abhilash-ts434/Documents/ros2_ws/install/my_cpp_pkg:/opt/ros/humble CMAKE_PREFIX_PATH=/home/abhilash-ts434/Documents/ros2_ws/install/my_robot_interfaces:/home/abhilash-ts434/Documents/ros2_ws/install/my_robot_bringup:/home/abhilash-ts434/Documents/ros2_ws/install/my_cpp_pkg:/home/abhilash-ts434/Documents/ros2_ws/install/my_py_pkg:/opt/ros/humble /usr/bin/cmake --build /home/abhilash-ts434/Documents/ros2_ws/build/my_robot_bringup -- -j16 -l16
[0.032s] Invoked command in '/home/abhilash-ts434/Documents/ros2_ws/build/my_robot_bringup' returned '0': AMENT_PREFIX_PATH=/home/abhilash-ts434/Documents/ros2_ws/install/my_py_pkg:/home/abhilash-ts434/Documents/ros2_ws/install/my_robot_bringup:/home/abhilash-ts434/Documents/ros2_ws/install/my_robot_interfaces:/home/abhilash-ts434/Documents/ros2_ws/install/my_cpp_pkg:/opt/ros/humble CMAKE_PREFIX_PATH=/home/abhilash-ts434/Documents/ros2_ws/install/my_robot_interfaces:/home/abhilash-ts434/Documents/ros2_ws/install/my_robot_bringup:/home/abhilash-ts434/Documents/ros2_ws/install/my_cpp_pkg:/home/abhilash-ts434/Documents/ros2_ws/install/my_py_pkg:/opt/ros/humble /usr/bin/cmake --build /home/abhilash-ts434/Documents/ros2_ws/build/my_robot_bringup -- -j16 -l16
[0.033s] Invoking command in '/home/abhilash-ts434/Documents/ros2_ws/build/my_robot_bringup': AMENT_PREFIX_PATH=/home/abhilash-ts434/Documents/ros2_ws/install/my_py_pkg:/home/abhilash-ts434/Documents/ros2_ws/install/my_robot_bringup:/home/abhilash-ts434/Documents/ros2_ws/install/my_robot_interfaces:/home/abhilash-ts434/Documents/ros2_ws/install/my_cpp_pkg:/opt/ros/humble CMAKE_PREFIX_PATH=/home/abhilash-ts434/Documents/ros2_ws/install/my_robot_interfaces:/home/abhilash-ts434/Documents/ros2_ws/install/my_robot_bringup:/home/abhilash-ts434/Documents/ros2_ws/install/my_cpp_pkg:/home/abhilash-ts434/Documents/ros2_ws/install/my_py_pkg:/opt/ros/humble /usr/bin/cmake --install /home/abhilash-ts434/Documents/ros2_ws/build/my_robot_bringup
[0.038s] -- Install configuration: ""
[0.038s] -- Execute custom install script
[0.038s] -- Up-to-date symlink: /home/abhilash-ts434/Documents/ros2_ws/install/my_robot_bringup/share/my_robot_bringup/launch/number_app.launch.py
[0.038s] -- Up-to-date symlink: /home/abhilash-ts434/Documents/ros2_ws/install/my_robot_bringup/share/my_robot_bringup/launch/radio.launch.py
[0.039s] -- Up-to-date symlink: /home/abhilash-ts434/Documents/ros2_ws/install/my_robot_bringup/share/ament_index/resource_index/package_run_dependencies/my_robot_bringup
[0.039s] -- Up-to-date symlink: /home/abhilash-ts434/Documents/ros2_ws/install/my_robot_bringup/share/ament_index/resource_index/parent_prefix_path/my_robot_bringup
[0.039s] -- Up-to-date symlink: /home/abhilash-ts434/Documents/ros2_ws/install/my_robot_bringup/share/my_robot_bringup/environment/ament_prefix_path.sh
[0.039s] -- Up-to-date symlink: /home/abhilash-ts434/Documents/ros2_ws/install/my_robot_bringup/share/my_robot_bringup/environment/ament_prefix_path.dsv
[0.039s] -- Up-to-date symlink: /home/abhilash-ts434/Documents/ros2_ws/install/my_robot_bringup/share/my_robot_bringup/environment/path.sh
[0.039s] -- Up-to-date symlink: /home/abhilash-ts434/Documents/ros2_ws/install/my_robot_bringup/share/my_robot_bringup/environment/path.dsv
[0.039s] -- Up-to-date symlink: /home/abhilash-ts434/Documents/ros2_ws/install/my_robot_bringup/share/my_robot_bringup/local_setup.bash
[0.039s] -- Up-to-date symlink: /home/abhilash-ts434/Documents/ros2_ws/install/my_robot_bringup/share/my_robot_bringup/local_setup.sh
[0.040s] -- Up-to-date symlink: /home/abhilash-ts434/Documents/ros2_ws/install/my_robot_bringup/share/my_robot_bringup/local_setup.zsh
[0.040s] -- Up-to-date symlink: /home/abhilash-ts434/Documents/ros2_ws/install/my_robot_bringup/share/my_robot_bringup/local_setup.dsv
[0.040s] -- Symlinking: /home/abhilash-ts434/Documents/ros2_ws/install/my_robot_bringup/share/my_robot_bringup/package.dsv
[0.046s] -- Up-to-date symlink: /home/abhilash-ts434/Documents/ros2_ws/install/my_robot_bringup/share/ament_index/resource_index/packages/my_robot_bringup
[0.046s] -- Up-to-date symlink: /home/abhilash-ts434/Documents/ros2_ws/install/my_robot_bringup/share/my_robot_bringup/cmake/my_robot_bringupConfig.cmake
[0.046s] -- Up-to-date symlink: /home/abhilash-ts434/Documents/ros2_ws/install/my_robot_bringup/share/my_robot_bringup/cmake/my_robot_bringupConfig-version.cmake
[0.046s] -- Up-to-date symlink: /home/abhilash-ts434/Documents/ros2_ws/install/my_robot_bringup/share/my_robot_bringup/package.xml
[0.048s] Invoked command in '/home/abhilash-ts434/Documents/ros2_ws/build/my_robot_bringup' returned '0': AMENT_PREFIX_PATH=/home/abhilash-ts434/Documents/ros2_ws/install/my_py_pkg:/home/abhilash-ts434/Documents/ros2_ws/install/my_robot_bringup:/home/abhilash-ts434/Documents/ros2_ws/install/my_robot_interfaces:/home/abhilash-ts434/Documents/ros2_ws/install/my_cpp_pkg:/opt/ros/humble CMAKE_PREFIX_PATH=/home/abhilash-ts434/Documents/ros2_ws/install/my_robot_interfaces:/home/abhilash-ts434/Documents/ros2_ws/install/my_robot_bringup:/home/abhilash-ts434/Documents/ros2_ws/install/my_cpp_pkg:/home/abhilash-ts434/Documents/ros2_ws/install/my_py_pkg:/opt/ros/humble /usr/bin/cmake --install /home/abhilash-ts434/Documents/ros2_ws/build/my_robot_bringup
