[0.008s] Invoking command in '/home/abhilash-ts434/Documents/ros2_ws/src/build/my_cpp_pkg': CMAKE_PREFIX_PATH=${CMAKE_PREFIX_PATH}:/home/abhilash-ts434/Documents/ros2_ws/install/my_py_pkg:/opt/ros/humble /usr/bin/cmake /home/abhilash-ts434/Documents/ros2_ws/src/my_cpp_pkg -DCMAKE_INSTALL_PREFIX=/home/abhilash-ts434/Documents/ros2_ws/src/install/my_cpp_pkg
[0.079s] -- The C compiler identification is GNU 11.4.0
[0.137s] -- The CXX compiler identification is GNU 11.4.0
[0.145s] -- Detecting C compiler ABI info
[0.195s] -- Detecting C compiler ABI info - done
[0.200s] -- Check for working C compiler: /usr/bin/cc - skipped
[0.200s] -- Detecting C compile features
[0.200s] -- Detecting C compile features - done
[0.203s] -- Detecting CXX compiler ABI info
[0.261s] -- Detecting CXX compiler ABI info - done
[0.266s] -- Check for working CXX compiler: /usr/bin/c++ - skipped
[0.267s] -- Detecting CXX compile features
[0.267s] -- Detecting CXX compile features - done
[0.269s] -- Found ament_cmake: 1.3.11 (/opt/ros/humble/share/ament_cmake/cmake)
[0.380s] -- Found Python3: /usr/bin/python3 (found version "3.10.12") found components: Interpreter 
[0.457s] -- Found rclcpp: 16.0.11 (/opt/ros/humble/share/rclcpp/cmake)
[0.492s] -- Found rosidl_generator_c: 3.1.6 (/opt/ros/humble/share/rosidl_generator_c/cmake)
[0.495s] -- Found rosidl_adapter: 3.1.6 (/opt/ros/humble/share/rosidl_adapter/cmake)
[0.500s] -- Found rosidl_generator_cpp: 3.1.6 (/opt/ros/humble/share/rosidl_generator_cpp/cmake)
[0.510s] -- Using all available rosidl_typesupport_c: rosidl_typesupport_fastrtps_c;rosidl_typesupport_introspection_c
[0.520s] -- Using all available rosidl_typesupport_cpp: rosidl_typesupport_fastrtps_cpp;rosidl_typesupport_introspection_cpp
[0.559s] -- Found rmw_implementation_cmake: 6.1.2 (/opt/ros/humble/share/rmw_implementation_cmake/cmake)
[0.561s] -- Found rmw_fastrtps_cpp: 6.2.7 (/opt/ros/humble/share/rmw_fastrtps_cpp/cmake)
[0.629s] -- Found OpenSSL: /usr/lib/x86_64-linux-gnu/libcrypto.so (found version "3.0.2")  
[0.648s] -- Found FastRTPS: /opt/ros/humble/include  
[0.677s] -- Using RMW implementation 'rmw_fastrtps_cpp' as default
[0.686s] -- Looking for pthread.h
[0.745s] -- Looking for pthread.h - found
[0.745s] -- Performing Test CMAKE_HAVE_LIBC_PTHREAD
[0.800s] -- Performing Test CMAKE_HAVE_LIBC_PTHREAD - Success
[0.801s] -- Found Threads: TRUE  
[0.893s] -- Configuring done
[0.894s] [33mCMake Warning (dev) at CMakeLists.txt:12 (add_executable):
[0.895s]   Policy CMP0115 is not set: Source file extensions must be explicit.  Run
[0.895s]   "cmake --help-policy CMP0115" for policy details.  Use the cmake_policy
[0.895s]   command to set the policy and suppress this warning.
[0.895s] 
[0.895s]   File:
[0.895s] 
[0.895s]     /home/abhilash-ts434/Documents/ros2_ws/src/my_cpp_pkg/src/first_cpp_node.cpp
[0.895s] This warning is for project developers.  Use -Wno-dev to suppress it.
[0.895s] [0m
[0.895s] [33mCMake Warning (dev) at CMakeLists.txt:13 (add_executable):
[0.895s]   Policy CMP0115 is not set: Source file extensions must be explicit.  Run
[0.895s]   "cmake --help-policy CMP0115" for policy details.  Use the cmake_policy
[0.895s]   command to set the policy and suppress this warning.
[0.895s] 
[0.895s]   File:
[0.895s] 
[0.895s]     /home/abhilash-ts434/Documents/ros2_ws/src/my_cpp_pkg/src/oop_cpp_node.cpp
[0.895s] This warning is for project developers.  Use -Wno-dev to suppress it.
[0.895s] [0m
[0.901s] -- Generating done
[0.904s] -- Build files have been written to: /home/abhilash-ts434/Documents/ros2_ws/src/build/my_cpp_pkg
[0.911s] Invoked command in '/home/abhilash-ts434/Documents/ros2_ws/src/build/my_cpp_pkg' returned '0': CMAKE_PREFIX_PATH=${CMAKE_PREFIX_PATH}:/home/abhilash-ts434/Documents/ros2_ws/install/my_py_pkg:/opt/ros/humble /usr/bin/cmake /home/abhilash-ts434/Documents/ros2_ws/src/my_cpp_pkg -DCMAKE_INSTALL_PREFIX=/home/abhilash-ts434/Documents/ros2_ws/src/install/my_cpp_pkg
[0.912s] Invoking command in '/home/abhilash-ts434/Documents/ros2_ws/src/build/my_cpp_pkg': CMAKE_PREFIX_PATH=${CMAKE_PREFIX_PATH}:/home/abhilash-ts434/Documents/ros2_ws/install/my_py_pkg:/opt/ros/humble /usr/bin/cmake --build /home/abhilash-ts434/Documents/ros2_ws/src/build/my_cpp_pkg -- -j16 -l16
[0.948s] [ 50%] [32mBuilding CXX object CMakeFiles/cpp_node.dir/src/first_cpp_node.cpp.o[0m
[0.948s] [ 50%] [32mBuilding CXX object CMakeFiles/oop_node.dir/src/oop_cpp_node.cpp.o[0m
[3.625s] [ 75%] [32m[1mLinking CXX executable cpp_node[0m
[3.709s] [ 75%] Built target cpp_node
[3.712s] [100%] [32m[1mLinking CXX executable oop_node[0m
[3.789s] [100%] Built target oop_node
[3.832s] Invoked command in '/home/abhilash-ts434/Documents/ros2_ws/src/build/my_cpp_pkg' returned '0': CMAKE_PREFIX_PATH=${CMAKE_PREFIX_PATH}:/home/abhilash-ts434/Documents/ros2_ws/install/my_py_pkg:/opt/ros/humble /usr/bin/cmake --build /home/abhilash-ts434/Documents/ros2_ws/src/build/my_cpp_pkg -- -j16 -l16
[3.833s] Invoking command in '/home/abhilash-ts434/Documents/ros2_ws/src/build/my_cpp_pkg': CMAKE_PREFIX_PATH=${CMAKE_PREFIX_PATH}:/home/abhilash-ts434/Documents/ros2_ws/install/my_py_pkg:/opt/ros/humble /usr/bin/cmake --install /home/abhilash-ts434/Documents/ros2_ws/src/build/my_cpp_pkg
[3.840s] -- Install configuration: ""
[3.840s] -- Installing: /home/abhilash-ts434/Documents/ros2_ws/src/install/my_cpp_pkg/lib/my_cpp_pkg/cpp_node
[3.840s] -- Set runtime path of "/home/abhilash-ts434/Documents/ros2_ws/src/install/my_cpp_pkg/lib/my_cpp_pkg/cpp_node" to ""
[3.840s] -- Installing: /home/abhilash-ts434/Documents/ros2_ws/src/install/my_cpp_pkg/lib/my_cpp_pkg/oop_node
[3.841s] -- Set runtime path of "/home/abhilash-ts434/Documents/ros2_ws/src/install/my_cpp_pkg/lib/my_cpp_pkg/oop_node" to ""
[3.841s] -- Installing: /home/abhilash-ts434/Documents/ros2_ws/src/install/my_cpp_pkg/share/ament_index/resource_index/package_run_dependencies/my_cpp_pkg
[3.841s] -- Installing: /home/abhilash-ts434/Documents/ros2_ws/src/install/my_cpp_pkg/share/ament_index/resource_index/parent_prefix_path/my_cpp_pkg
[3.841s] -- Installing: /home/abhilash-ts434/Documents/ros2_ws/src/install/my_cpp_pkg/share/my_cpp_pkg/environment/ament_prefix_path.sh
[3.841s] -- Installing: /home/abhilash-ts434/Documents/ros2_ws/src/install/my_cpp_pkg/share/my_cpp_pkg/environment/ament_prefix_path.dsv
[3.841s] -- Installing: /home/abhilash-ts434/Documents/ros2_ws/src/install/my_cpp_pkg/share/my_cpp_pkg/environment/path.sh
[3.842s] -- Installing: /home/abhilash-ts434/Documents/ros2_ws/src/install/my_cpp_pkg/share/my_cpp_pkg/environment/path.dsv
[3.842s] -- Installing: /home/abhilash-ts434/Documents/ros2_ws/src/install/my_cpp_pkg/share/my_cpp_pkg/local_setup.bash
[3.842s] -- Installing: /home/abhilash-ts434/Documents/ros2_ws/src/install/my_cpp_pkg/share/my_cpp_pkg/local_setup.sh
[3.842s] -- Installing: /home/abhilash-ts434/Documents/ros2_ws/src/install/my_cpp_pkg/share/my_cpp_pkg/local_setup.zsh
[3.842s] -- Installing: /home/abhilash-ts434/Documents/ros2_ws/src/install/my_cpp_pkg/share/my_cpp_pkg/local_setup.dsv
[3.842s] -- Installing: /home/abhilash-ts434/Documents/ros2_ws/src/install/my_cpp_pkg/share/my_cpp_pkg/package.dsv
[3.842s] -- Installing: /home/abhilash-ts434/Documents/ros2_ws/src/install/my_cpp_pkg/share/ament_index/resource_index/packages/my_cpp_pkg
[3.842s] -- Installing: /home/abhilash-ts434/Documents/ros2_ws/src/install/my_cpp_pkg/share/my_cpp_pkg/cmake/my_cpp_pkgConfig.cmake
[3.842s] -- Installing: /home/abhilash-ts434/Documents/ros2_ws/src/install/my_cpp_pkg/share/my_cpp_pkg/cmake/my_cpp_pkgConfig-version.cmake
[3.843s] -- Installing: /home/abhilash-ts434/Documents/ros2_ws/src/install/my_cpp_pkg/share/my_cpp_pkg/package.xml
[3.844s] Invoked command in '/home/abhilash-ts434/Documents/ros2_ws/src/build/my_cpp_pkg' returned '0': CMAKE_PREFIX_PATH=${CMAKE_PREFIX_PATH}:/home/abhilash-ts434/Documents/ros2_ws/install/my_py_pkg:/opt/ros/humble /usr/bin/cmake --install /home/abhilash-ts434/Documents/ros2_ws/src/build/my_cpp_pkg
