[0.011s] Invoking command in '/home/abhilash-ts434/Documents/ros2_ws/src/build/my_robot_description': CMAKE_PREFIX_PATH=${CMAKE_PREFIX_PATH}:/home/abhilash-ts434/Documents/ros2_ws/install/my_py_pkg:/opt/ros/humble /usr/bin/cmake /home/abhilash-ts434/Documents/ros2_ws/src/my_robot_description -DAMENT_CMAKE_SYMLINK_INSTALL=1 -DCMAKE_INSTALL_PREFIX=/home/abhilash-ts434/Documents/ros2_ws/src/install/my_robot_description
[0.060s] -- The C compiler identification is GNU 11.4.0
[0.101s] -- The CXX compiler identification is GNU 11.4.0
[0.107s] -- Detecting C compiler ABI info
[0.158s] -- Detecting C compiler ABI info - done
[0.163s] -- Check for working C compiler: /usr/bin/cc - skipped
[0.163s] -- Detecting C compile features
[0.163s] -- Detecting C compile features - done
[0.166s] -- Detecting CXX compiler ABI info
[0.224s] -- Detecting CXX compiler ABI info - done
[0.229s] -- Check for working CXX compiler: /usr/bin/c++ - skipped
[0.229s] -- Detecting CXX compile features
[0.230s] -- Detecting CXX compile features - done
[0.232s] -- Found ament_cmake: 1.3.11 (/opt/ros/humble/share/ament_cmake/cmake)
[0.340s] -- Found Python3: /usr/bin/python3 (found version "3.10.12") found components: Interpreter 
[0.384s] -- Override CMake install command with custom implementation using symlinks instead of copying resources
[0.456s] -- Configuring done
[0.459s] -- Generating done
[0.461s] -- Build files have been written to: /home/abhilash-ts434/Documents/ros2_ws/src/build/my_robot_description
[0.465s] Invoked command in '/home/abhilash-ts434/Documents/ros2_ws/src/build/my_robot_description' returned '0': CMAKE_PREFIX_PATH=${CMAKE_PREFIX_PATH}:/home/abhilash-ts434/Documents/ros2_ws/install/my_py_pkg:/opt/ros/humble /usr/bin/cmake /home/abhilash-ts434/Documents/ros2_ws/src/my_robot_description -DAMENT_CMAKE_SYMLINK_INSTALL=1 -DCMAKE_INSTALL_PREFIX=/home/abhilash-ts434/Documents/ros2_ws/src/install/my_robot_description
[0.467s] Invoking command in '/home/abhilash-ts434/Documents/ros2_ws/src/build/my_robot_description': CMAKE_PREFIX_PATH=${CMAKE_PREFIX_PATH}:/home/abhilash-ts434/Documents/ros2_ws/install/my_py_pkg:/opt/ros/humble /usr/bin/cmake --build /home/abhilash-ts434/Documents/ros2_ws/src/build/my_robot_description -- -j16 -l16
[0.502s] Invoked command in '/home/abhilash-ts434/Documents/ros2_ws/src/build/my_robot_description' returned '0': CMAKE_PREFIX_PATH=${CMAKE_PREFIX_PATH}:/home/abhilash-ts434/Documents/ros2_ws/install/my_py_pkg:/opt/ros/humble /usr/bin/cmake --build /home/abhilash-ts434/Documents/ros2_ws/src/build/my_robot_description -- -j16 -l16
[0.511s] Invoking command in '/home/abhilash-ts434/Documents/ros2_ws/src/build/my_robot_description': CMAKE_PREFIX_PATH=${CMAKE_PREFIX_PATH}:/home/abhilash-ts434/Documents/ros2_ws/install/my_py_pkg:/opt/ros/humble /usr/bin/cmake --install /home/abhilash-ts434/Documents/ros2_ws/src/build/my_robot_description
[0.517s] -- Install configuration: ""
[0.518s] -- Execute custom install script
[0.518s] -- Symlinking: /home/abhilash-ts434/Documents/ros2_ws/src/install/my_robot_description/share/my_robot_description//urdf/common_properties.xacro
[0.527s] -- Symlinking: /home/abhilash-ts434/Documents/ros2_ws/src/install/my_robot_description/share/my_robot_description//urdf/mobile_base.xacro
[0.534s] -- Symlinking: /home/abhilash-ts434/Documents/ros2_ws/src/install/my_robot_description/share/my_robot_description//urdf/my_robot.urdf.xacro
[0.541s] -- Symlinking: /home/abhilash-ts434/Documents/ros2_ws/src/install/my_robot_description/share/my_robot_description//urdf/robot.urdf
[0.550s] -- Symlinking: /home/abhilash-ts434/Documents/ros2_ws/src/install/my_robot_description/share/my_robot_description//launch/display.launch.py
[0.556s] -- Symlinking: /home/abhilash-ts434/Documents/ros2_ws/src/install/my_robot_description/share/my_robot_description//launch/display.launch.xml
[0.563s] -- Symlinking: /home/abhilash-ts434/Documents/ros2_ws/src/install/my_robot_description/share/my_robot_description//rviz/urdf_config.rviz
[0.570s] -- Symlinking: /home/abhilash-ts434/Documents/ros2_ws/src/install/my_robot_description/share/ament_index/resource_index/package_run_dependencies/my_robot_description
[0.577s] -- Symlinking: /home/abhilash-ts434/Documents/ros2_ws/src/install/my_robot_description/share/ament_index/resource_index/parent_prefix_path/my_robot_description
[0.583s] -- Symlinking: /home/abhilash-ts434/Documents/ros2_ws/src/install/my_robot_description/share/my_robot_description/environment/ament_prefix_path.sh
[0.590s] -- Symlinking: /home/abhilash-ts434/Documents/ros2_ws/src/install/my_robot_description/share/my_robot_description/environment/ament_prefix_path.dsv
[0.597s] -- Symlinking: /home/abhilash-ts434/Documents/ros2_ws/src/install/my_robot_description/share/my_robot_description/environment/path.sh
[0.604s] -- Symlinking: /home/abhilash-ts434/Documents/ros2_ws/src/install/my_robot_description/share/my_robot_description/environment/path.dsv
[0.611s] -- Symlinking: /home/abhilash-ts434/Documents/ros2_ws/src/install/my_robot_description/share/my_robot_description/local_setup.bash
[0.618s] -- Symlinking: /home/abhilash-ts434/Documents/ros2_ws/src/install/my_robot_description/share/my_robot_description/local_setup.sh
[0.625s] -- Symlinking: /home/abhilash-ts434/Documents/ros2_ws/src/install/my_robot_description/share/my_robot_description/local_setup.zsh
[0.631s] -- Symlinking: /home/abhilash-ts434/Documents/ros2_ws/src/install/my_robot_description/share/my_robot_description/local_setup.dsv
[0.638s] -- Symlinking: /home/abhilash-ts434/Documents/ros2_ws/src/install/my_robot_description/share/my_robot_description/package.dsv
[0.645s] -- Symlinking: /home/abhilash-ts434/Documents/ros2_ws/src/install/my_robot_description/share/ament_index/resource_index/packages/my_robot_description
[0.652s] -- Symlinking: /home/abhilash-ts434/Documents/ros2_ws/src/install/my_robot_description/share/my_robot_description/cmake/my_robot_descriptionConfig.cmake
[0.659s] -- Symlinking: /home/abhilash-ts434/Documents/ros2_ws/src/install/my_robot_description/share/my_robot_description/cmake/my_robot_descriptionConfig-version.cmake
[0.665s] -- Symlinking: /home/abhilash-ts434/Documents/ros2_ws/src/install/my_robot_description/share/my_robot_description/package.xml
[0.681s] Invoked command in '/home/abhilash-ts434/Documents/ros2_ws/src/build/my_robot_description' returned '0': CMAKE_PREFIX_PATH=${CMAKE_PREFIX_PATH}:/home/abhilash-ts434/Documents/ros2_ws/install/my_py_pkg:/opt/ros/humble /usr/bin/cmake --install /home/abhilash-ts434/Documents/ros2_ws/src/build/my_robot_description
