[0.008s] Invoking command in '/home/abhilash-ts434/Documents/ros2_ws/build/my_robot_description': CMAKE_PREFIX_PATH=${CMAKE_PREFIX_PATH}:/home/abhilash-ts434/Documents/ros2_ws/install/my_py_pkg:/opt/ros/humble /usr/bin/cmake /home/abhilash-ts434/Documents/ros2_ws/src/my_robot_description -DAMENT_CMAKE_SYMLINK_INSTALL=1 -DCMAKE_INSTALL_PREFIX=/home/abhilash-ts434/Documents/ros2_ws/install/my_robot_description
[0.019s] -- Found ament_cmake: 1.3.11 (/opt/ros/humble/share/ament_cmake/cmake)
[0.094s] -- Override CMake install command with custom implementation using symlinks instead of copying resources
[0.140s] -- Configuring done
[0.142s] -- Generating done
[0.145s] -- Build files have been written to: /home/abhilash-ts434/Documents/ros2_ws/build/my_robot_description
[0.147s] Invoked command in '/home/abhilash-ts434/Documents/ros2_ws/build/my_robot_description' returned '0': CMAKE_PREFIX_PATH=${CMAKE_PREFIX_PATH}:/home/abhilash-ts434/Documents/ros2_ws/install/my_py_pkg:/opt/ros/humble /usr/bin/cmake /home/abhilash-ts434/Documents/ros2_ws/src/my_robot_description -DAMENT_CMAKE_SYMLINK_INSTALL=1 -DCMAKE_INSTALL_PREFIX=/home/abhilash-ts434/Documents/ros2_ws/install/my_robot_description
[0.148s] Invoking command in '/home/abhilash-ts434/Documents/ros2_ws/build/my_robot_description': CMAKE_PREFIX_PATH=${CMAKE_PREFIX_PATH}:/home/abhilash-ts434/Documents/ros2_ws/install/my_py_pkg:/opt/ros/humble /usr/bin/cmake --build /home/abhilash-ts434/Documents/ros2_ws/build/my_robot_description -- -j16 -l16
[0.177s] Invoked command in '/home/abhilash-ts434/Documents/ros2_ws/build/my_robot_description' returned '0': CMAKE_PREFIX_PATH=${CMAKE_PREFIX_PATH}:/home/abhilash-ts434/Documents/ros2_ws/install/my_py_pkg:/opt/ros/humble /usr/bin/cmake --build /home/abhilash-ts434/Documents/ros2_ws/build/my_robot_description -- -j16 -l16
[0.184s] Invoking command in '/home/abhilash-ts434/Documents/ros2_ws/build/my_robot_description': CMAKE_PREFIX_PATH=${CMAKE_PREFIX_PATH}:/home/abhilash-ts434/Documents/ros2_ws/install/my_py_pkg:/opt/ros/humble /usr/bin/cmake --install /home/abhilash-ts434/Documents/ros2_ws/build/my_robot_description
[0.190s] -- Install configuration: ""
[0.190s] -- Execute custom install script
[0.191s] -- Up-to-date symlink: /home/abhilash-ts434/Documents/ros2_ws/install/my_robot_description/share/my_robot_description//urdf/camera.xacro
[0.191s] -- Up-to-date symlink: /home/abhilash-ts434/Documents/ros2_ws/install/my_robot_description/share/my_robot_description//urdf/common_properties.xacro
[0.191s] -- Up-to-date symlink: /home/abhilash-ts434/Documents/ros2_ws/install/my_robot_description/share/my_robot_description//urdf/mobile_base.xacro
[0.191s] -- Up-to-date symlink: /home/abhilash-ts434/Documents/ros2_ws/install/my_robot_description/share/my_robot_description//urdf/mobile_base_gazebo.xacro
[0.191s] -- Up-to-date symlink: /home/abhilash-ts434/Documents/ros2_ws/install/my_robot_description/share/my_robot_description//urdf/my_robot.urdf.xacro
[0.191s] -- Up-to-date symlink: /home/abhilash-ts434/Documents/ros2_ws/install/my_robot_description/share/my_robot_description//urdf/robot.urdf
[0.191s] -- Up-to-date symlink: /home/abhilash-ts434/Documents/ros2_ws/install/my_robot_description/share/my_robot_description//launch/display.launch.py
[0.191s] -- Up-to-date symlink: /home/abhilash-ts434/Documents/ros2_ws/install/my_robot_description/share/my_robot_description//launch/display.launch.xml
[0.191s] -- Up-to-date symlink: /home/abhilash-ts434/Documents/ros2_ws/install/my_robot_description/share/my_robot_description//rviz/urdf_config.rviz
[0.192s] -- Up-to-date symlink: /home/abhilash-ts434/Documents/ros2_ws/install/my_robot_description/share/ament_index/resource_index/package_run_dependencies/my_robot_description
[0.192s] -- Up-to-date symlink: /home/abhilash-ts434/Documents/ros2_ws/install/my_robot_description/share/ament_index/resource_index/parent_prefix_path/my_robot_description
[0.192s] -- Up-to-date symlink: /home/abhilash-ts434/Documents/ros2_ws/install/my_robot_description/share/my_robot_description/environment/ament_prefix_path.sh
[0.192s] -- Up-to-date symlink: /home/abhilash-ts434/Documents/ros2_ws/install/my_robot_description/share/my_robot_description/environment/ament_prefix_path.dsv
[0.192s] -- Up-to-date symlink: /home/abhilash-ts434/Documents/ros2_ws/install/my_robot_description/share/my_robot_description/environment/path.sh
[0.192s] -- Up-to-date symlink: /home/abhilash-ts434/Documents/ros2_ws/install/my_robot_description/share/my_robot_description/environment/path.dsv
[0.192s] -- Up-to-date symlink: /home/abhilash-ts434/Documents/ros2_ws/install/my_robot_description/share/my_robot_description/local_setup.bash
[0.192s] -- Up-to-date symlink: /home/abhilash-ts434/Documents/ros2_ws/install/my_robot_description/share/my_robot_description/local_setup.sh
[0.192s] -- Up-to-date symlink: /home/abhilash-ts434/Documents/ros2_ws/install/my_robot_description/share/my_robot_description/local_setup.zsh
[0.192s] -- Up-to-date symlink: /home/abhilash-ts434/Documents/ros2_ws/install/my_robot_description/share/my_robot_description/local_setup.dsv
[0.192s] -- Symlinking: /home/abhilash-ts434/Documents/ros2_ws/install/my_robot_description/share/my_robot_description/package.dsv
[0.199s] -- Up-to-date symlink: /home/abhilash-ts434/Documents/ros2_ws/install/my_robot_description/share/ament_index/resource_index/packages/my_robot_description
[0.199s] -- Up-to-date symlink: /home/abhilash-ts434/Documents/ros2_ws/install/my_robot_description/share/my_robot_description/cmake/my_robot_descriptionConfig.cmake
[0.199s] -- Up-to-date symlink: /home/abhilash-ts434/Documents/ros2_ws/install/my_robot_description/share/my_robot_description/cmake/my_robot_descriptionConfig-version.cmake
[0.199s] -- Up-to-date symlink: /home/abhilash-ts434/Documents/ros2_ws/install/my_robot_description/share/my_robot_description/package.xml
[0.201s] Invoked command in '/home/abhilash-ts434/Documents/ros2_ws/build/my_robot_description' returned '0': CMAKE_PREFIX_PATH=${CMAKE_PREFIX_PATH}:/home/abhilash-ts434/Documents/ros2_ws/install/my_py_pkg:/opt/ros/humble /usr/bin/cmake --install /home/abhilash-ts434/Documents/ros2_ws/build/my_robot_description
