[0.076s] DEBUG:colcon:Command line arguments: ['/usr/bin/colcon', 'build']
[0.076s] DEBUG:colcon:Parsed command line arguments: Namespace(log_base=None, log_level=None, verb_name='build', build_base='build', install_base='install', merge_install=False, symlink_install=False, test_result_base=None, continue_on_error=False, executor='parallel', parallel_workers=16, event_handlers=None, ignore_user_meta=False, metas=['./colcon.meta'], base_paths=['.'], packages_ignore=None, packages_ignore_regex=None, paths=None, packages_up_to=None, packages_up_to_regex=None, packages_above=None, packages_above_and_dependencies=None, packages_above_depth=None, packages_select_by_dep=None, packages_skip_by_dep=None, packages_skip_up_to=None, packages_select_build_failed=False, packages_skip_build_finished=False, packages_select_test_failures=False, packages_skip_test_passed=False, packages_select=None, packages_skip=None, packages_select_regex=None, packages_skip_regex=None, packages_start=None, packages_end=None, allow_overriding=[], cmake_args=None, cmake_target=None, cmake_target_skip_unavailable=False, cmake_clean_cache=False, cmake_clean_first=False, cmake_force_configure=False, ament_cmake_args=None, catkin_cmake_args=None, catkin_skip_building_tests=False, verb_parser=<colcon_defaults.argument_parser.defaults.DefaultArgumentsDecorator object at 0x7bb316d3d9f0>, verb_extension=<colcon_core.verb.build.BuildVerb object at 0x7bb316d3d510>, main=<bound method BuildVerb.main of <colcon_core.verb.build.BuildVerb object at 0x7bb316d3d510>>)
[0.187s] Level 1:colcon.colcon_core.package_discovery:discover_packages(colcon_meta) check parameters
[0.188s] Level 1:colcon.colcon_core.package_discovery:discover_packages(recursive) check parameters
[0.188s] Level 1:colcon.colcon_core.package_discovery:discover_packages(ignore) check parameters
[0.188s] Level 1:colcon.colcon_core.package_discovery:discover_packages(path) check parameters
[0.188s] Level 1:colcon.colcon_core.package_discovery:discover_packages(colcon_meta) discover
[0.188s] Level 1:colcon.colcon_core.package_discovery:discover_packages(recursive) discover
[0.188s] INFO:colcon.colcon_core.package_discovery:Crawling recursively for packages in '/home/abhilash-ts434/Documents/ros2_ws'
[0.188s] Level 1:colcon.colcon_core.package_identification:_identify(.) by extensions ['ignore', 'ignore_ament_install']
[0.188s] Level 1:colcon.colcon_core.package_identification:_identify(.) by extension 'ignore'
[0.188s] Level 1:colcon.colcon_core.package_identification:_identify(.) by extension 'ignore_ament_install'
[0.188s] Level 1:colcon.colcon_core.package_identification:_identify(.) by extensions ['colcon_pkg']
[0.188s] Level 1:colcon.colcon_core.package_identification:_identify(.) by extension 'colcon_pkg'
[0.188s] Level 1:colcon.colcon_core.package_identification:_identify(.) by extensions ['colcon_meta']
[0.188s] Level 1:colcon.colcon_core.package_identification:_identify(.) by extension 'colcon_meta'
[0.188s] Level 1:colcon.colcon_core.package_identification:_identify(.) by extensions ['ros']
[0.188s] Level 1:colcon.colcon_core.package_identification:_identify(.) by extension 'ros'
[0.194s] Level 1:colcon.colcon_core.package_identification:_identify(.) by extensions ['cmake', 'python']
[0.194s] Level 1:colcon.colcon_core.package_identification:_identify(.) by extension 'cmake'
[0.194s] Level 1:colcon.colcon_core.package_identification:_identify(.) by extension 'python'
[0.195s] Level 1:colcon.colcon_core.package_identification:_identify(.) by extensions ['python_setup_py']
[0.195s] Level 1:colcon.colcon_core.package_identification:_identify(.) by extension 'python_setup_py'
[0.195s] Level 1:colcon.colcon_core.package_identification:_identify(build) by extensions ['ignore', 'ignore_ament_install']
[0.195s] Level 1:colcon.colcon_core.package_identification:_identify(build) by extension 'ignore'
[0.195s] Level 1:colcon.colcon_core.package_identification:_identify(build) ignored
[0.195s] Level 1:colcon.colcon_core.package_identification:_identify(install) by extensions ['ignore', 'ignore_ament_install']
[0.195s] Level 1:colcon.colcon_core.package_identification:_identify(install) by extension 'ignore'
[0.195s] Level 1:colcon.colcon_core.package_identification:_identify(install) ignored
[0.195s] Level 1:colcon.colcon_core.package_identification:_identify(log) by extensions ['ignore', 'ignore_ament_install']
[0.195s] Level 1:colcon.colcon_core.package_identification:_identify(log) by extension 'ignore'
[0.195s] Level 1:colcon.colcon_core.package_identification:_identify(log) ignored
[0.195s] Level 1:colcon.colcon_core.package_identification:_identify(src) by extensions ['ignore', 'ignore_ament_install']
[0.195s] Level 1:colcon.colcon_core.package_identification:_identify(src) by extension 'ignore'
[0.195s] Level 1:colcon.colcon_core.package_identification:_identify(src) by extension 'ignore_ament_install'
[0.195s] Level 1:colcon.colcon_core.package_identification:_identify(src) by extensions ['colcon_pkg']
[0.195s] Level 1:colcon.colcon_core.package_identification:_identify(src) by extension 'colcon_pkg'
[0.195s] Level 1:colcon.colcon_core.package_identification:_identify(src) by extensions ['colcon_meta']
[0.195s] Level 1:colcon.colcon_core.package_identification:_identify(src) by extension 'colcon_meta'
[0.195s] Level 1:colcon.colcon_core.package_identification:_identify(src) by extensions ['ros']
[0.195s] Level 1:colcon.colcon_core.package_identification:_identify(src) by extension 'ros'
[0.195s] Level 1:colcon.colcon_core.package_identification:_identify(src) by extensions ['cmake', 'python']
[0.195s] Level 1:colcon.colcon_core.package_identification:_identify(src) by extension 'cmake'
[0.195s] Level 1:colcon.colcon_core.package_identification:_identify(src) by extension 'python'
[0.196s] Level 1:colcon.colcon_core.package_identification:_identify(src) by extensions ['python_setup_py']
[0.196s] Level 1:colcon.colcon_core.package_identification:_identify(src) by extension 'python_setup_py'
[0.196s] Level 1:colcon.colcon_core.package_identification:_identify(src/my_cpp_pkg) by extensions ['ignore', 'ignore_ament_install']
[0.196s] Level 1:colcon.colcon_core.package_identification:_identify(src/my_cpp_pkg) by extension 'ignore'
[0.196s] Level 1:colcon.colcon_core.package_identification:_identify(src/my_cpp_pkg) by extension 'ignore_ament_install'
[0.196s] Level 1:colcon.colcon_core.package_identification:_identify(src/my_cpp_pkg) by extensions ['colcon_pkg']
[0.196s] Level 1:colcon.colcon_core.package_identification:_identify(src/my_cpp_pkg) by extension 'colcon_pkg'
[0.196s] Level 1:colcon.colcon_core.package_identification:_identify(src/my_cpp_pkg) by extensions ['colcon_meta']
[0.196s] Level 1:colcon.colcon_core.package_identification:_identify(src/my_cpp_pkg) by extension 'colcon_meta'
[0.196s] Level 1:colcon.colcon_core.package_identification:_identify(src/my_cpp_pkg) by extensions ['ros']
[0.196s] Level 1:colcon.colcon_core.package_identification:_identify(src/my_cpp_pkg) by extension 'ros'
[0.197s] DEBUG:colcon.colcon_core.package_identification:Package 'src/my_cpp_pkg' with type 'ros.ament_cmake' and name 'my_cpp_pkg'
[0.197s] Level 1:colcon.colcon_core.package_identification:_identify(src/my_py_pkg) by extensions ['ignore', 'ignore_ament_install']
[0.197s] Level 1:colcon.colcon_core.package_identification:_identify(src/my_py_pkg) by extension 'ignore'
[0.197s] Level 1:colcon.colcon_core.package_identification:_identify(src/my_py_pkg) by extension 'ignore_ament_install'
[0.197s] Level 1:colcon.colcon_core.package_identification:_identify(src/my_py_pkg) by extensions ['colcon_pkg']
[0.197s] Level 1:colcon.colcon_core.package_identification:_identify(src/my_py_pkg) by extension 'colcon_pkg'
[0.197s] Level 1:colcon.colcon_core.package_identification:_identify(src/my_py_pkg) by extensions ['colcon_meta']
[0.197s] Level 1:colcon.colcon_core.package_identification:_identify(src/my_py_pkg) by extension 'colcon_meta'
[0.197s] Level 1:colcon.colcon_core.package_identification:_identify(src/my_py_pkg) by extensions ['ros']
[0.197s] Level 1:colcon.colcon_core.package_identification:_identify(src/my_py_pkg) by extension 'ros'
[0.198s] DEBUG:colcon.colcon_core.package_identification:Package 'src/my_py_pkg' with type 'ros.ament_python' and name 'my_py_pkg'
[0.198s] Level 1:colcon.colcon_core.package_identification:_identify(src/my_robot_bringup) by extensions ['ignore', 'ignore_ament_install']
[0.199s] Level 1:colcon.colcon_core.package_identification:_identify(src/my_robot_bringup) by extension 'ignore'
[0.199s] Level 1:colcon.colcon_core.package_identification:_identify(src/my_robot_bringup) by extension 'ignore_ament_install'
[0.199s] Level 1:colcon.colcon_core.package_identification:_identify(src/my_robot_bringup) by extensions ['colcon_pkg']
[0.199s] Level 1:colcon.colcon_core.package_identification:_identify(src/my_robot_bringup) by extension 'colcon_pkg'
[0.199s] Level 1:colcon.colcon_core.package_identification:_identify(src/my_robot_bringup) by extensions ['colcon_meta']
[0.199s] Level 1:colcon.colcon_core.package_identification:_identify(src/my_robot_bringup) by extension 'colcon_meta'
[0.199s] Level 1:colcon.colcon_core.package_identification:_identify(src/my_robot_bringup) by extensions ['ros']
[0.199s] Level 1:colcon.colcon_core.package_identification:_identify(src/my_robot_bringup) by extension 'ros'
[0.199s] DEBUG:colcon.colcon_core.package_identification:Package 'src/my_robot_bringup' with type 'ros.ament_cmake' and name 'my_robot_bringup'
[0.199s] Level 1:colcon.colcon_core.package_identification:_identify(src/my_robot_interfaces) by extensions ['ignore', 'ignore_ament_install']
[0.199s] Level 1:colcon.colcon_core.package_identification:_identify(src/my_robot_interfaces) by extension 'ignore'
[0.199s] Level 1:colcon.colcon_core.package_identification:_identify(src/my_robot_interfaces) by extension 'ignore_ament_install'
[0.199s] Level 1:colcon.colcon_core.package_identification:_identify(src/my_robot_interfaces) by extensions ['colcon_pkg']
[0.199s] Level 1:colcon.colcon_core.package_identification:_identify(src/my_robot_interfaces) by extension 'colcon_pkg'
[0.199s] Level 1:colcon.colcon_core.package_identification:_identify(src/my_robot_interfaces) by extensions ['colcon_meta']
[0.199s] Level 1:colcon.colcon_core.package_identification:_identify(src/my_robot_interfaces) by extension 'colcon_meta'
[0.199s] Level 1:colcon.colcon_core.package_identification:_identify(src/my_robot_interfaces) by extensions ['ros']
[0.199s] Level 1:colcon.colcon_core.package_identification:_identify(src/my_robot_interfaces) by extension 'ros'
[0.200s] DEBUG:colcon.colcon_core.package_identification:Package 'src/my_robot_interfaces' with type 'ros.ament_cmake' and name 'my_robot_interfaces'
[0.200s] Level 1:colcon.colcon_core.package_discovery:discover_packages(recursive) using defaults
[0.200s] Level 1:colcon.colcon_core.package_discovery:discover_packages(ignore) discover
[0.200s] Level 1:colcon.colcon_core.package_discovery:discover_packages(ignore) using defaults
[0.200s] Level 1:colcon.colcon_core.package_discovery:discover_packages(path) discover
[0.200s] Level 1:colcon.colcon_core.package_discovery:discover_packages(path) using defaults
[0.218s] Level 1:colcon.colcon_core.package_discovery:discover_packages(prefix_path) check parameters
[0.218s] Level 1:colcon.colcon_core.package_discovery:discover_packages(prefix_path) discover
[0.227s] DEBUG:colcon.colcon_installed_package_information.package_discovery:Found 4 installed packages in /home/abhilash-ts434/Documents/ros2_ws/install
[0.228s] DEBUG:colcon.colcon_installed_package_information.package_discovery:Found 276 installed packages in /opt/ros/humble
[0.229s] Level 1:colcon.colcon_core.package_discovery:discover_packages(prefix_path) using defaults
[0.250s] Level 5:colcon.colcon_core.verb:set package 'my_cpp_pkg' build argument 'cmake_args' from command line to 'None'
[0.250s] Level 5:colcon.colcon_core.verb:set package 'my_cpp_pkg' build argument 'cmake_target' from command line to 'None'
[0.250s] Level 5:colcon.colcon_core.verb:set package 'my_cpp_pkg' build argument 'cmake_target_skip_unavailable' from command line to 'False'
[0.250s] Level 5:colcon.colcon_core.verb:set package 'my_cpp_pkg' build argument 'cmake_clean_cache' from command line to 'False'
[0.250s] Level 5:colcon.colcon_core.verb:set package 'my_cpp_pkg' build argument 'cmake_clean_first' from command line to 'False'
[0.250s] Level 5:colcon.colcon_core.verb:set package 'my_cpp_pkg' build argument 'cmake_force_configure' from command line to 'False'
[0.250s] Level 5:colcon.colcon_core.verb:set package 'my_cpp_pkg' build argument 'ament_cmake_args' from command line to 'None'
[0.250s] Level 5:colcon.colcon_core.verb:set package 'my_cpp_pkg' build argument 'catkin_cmake_args' from command line to 'None'
[0.250s] Level 5:colcon.colcon_core.verb:set package 'my_cpp_pkg' build argument 'catkin_skip_building_tests' from command line to 'False'
[0.250s] DEBUG:colcon.colcon_core.verb:Building package 'my_cpp_pkg' with the following arguments: {'ament_cmake_args': None, 'build_base': '/home/abhilash-ts434/Documents/ros2_ws/build/my_cpp_pkg', 'catkin_cmake_args': None, 'catkin_skip_building_tests': False, 'cmake_args': None, 'cmake_clean_cache': False, 'cmake_clean_first': False, 'cmake_force_configure': False, 'cmake_target': None, 'cmake_target_skip_unavailable': False, 'install_base': '/home/abhilash-ts434/Documents/ros2_ws/install/my_cpp_pkg', 'merge_install': False, 'path': '/home/abhilash-ts434/Documents/ros2_ws/src/my_cpp_pkg', 'symlink_install': False, 'test_result_base': None}
[0.251s] Level 5:colcon.colcon_core.verb:set package 'my_robot_interfaces' build argument 'cmake_args' from command line to 'None'
[0.251s] Level 5:colcon.colcon_core.verb:set package 'my_robot_interfaces' build argument 'cmake_target' from command line to 'None'
[0.251s] Level 5:colcon.colcon_core.verb:set package 'my_robot_interfaces' build argument 'cmake_target_skip_unavailable' from command line to 'False'
[0.251s] Level 5:colcon.colcon_core.verb:set package 'my_robot_interfaces' build argument 'cmake_clean_cache' from command line to 'False'
[0.251s] Level 5:colcon.colcon_core.verb:set package 'my_robot_interfaces' build argument 'cmake_clean_first' from command line to 'False'
[0.251s] Level 5:colcon.colcon_core.verb:set package 'my_robot_interfaces' build argument 'cmake_force_configure' from command line to 'False'
[0.251s] Level 5:colcon.colcon_core.verb:set package 'my_robot_interfaces' build argument 'ament_cmake_args' from command line to 'None'
[0.251s] Level 5:colcon.colcon_core.verb:set package 'my_robot_interfaces' build argument 'catkin_cmake_args' from command line to 'None'
[0.251s] Level 5:colcon.colcon_core.verb:set package 'my_robot_interfaces' build argument 'catkin_skip_building_tests' from command line to 'False'
[0.251s] DEBUG:colcon.colcon_core.verb:Building package 'my_robot_interfaces' with the following arguments: {'ament_cmake_args': None, 'build_base': '/home/abhilash-ts434/Documents/ros2_ws/build/my_robot_interfaces', 'catkin_cmake_args': None, 'catkin_skip_building_tests': False, 'cmake_args': None, 'cmake_clean_cache': False, 'cmake_clean_first': False, 'cmake_force_configure': False, 'cmake_target': None, 'cmake_target_skip_unavailable': False, 'install_base': '/home/abhilash-ts434/Documents/ros2_ws/install/my_robot_interfaces', 'merge_install': False, 'path': '/home/abhilash-ts434/Documents/ros2_ws/src/my_robot_interfaces', 'symlink_install': False, 'test_result_base': None}
[0.251s] Level 5:colcon.colcon_core.verb:set package 'my_py_pkg' build argument 'cmake_args' from command line to 'None'
[0.251s] Level 5:colcon.colcon_core.verb:set package 'my_py_pkg' build argument 'cmake_target' from command line to 'None'
[0.251s] Level 5:colcon.colcon_core.verb:set package 'my_py_pkg' build argument 'cmake_target_skip_unavailable' from command line to 'False'
[0.251s] Level 5:colcon.colcon_core.verb:set package 'my_py_pkg' build argument 'cmake_clean_cache' from command line to 'False'
[0.251s] Level 5:colcon.colcon_core.verb:set package 'my_py_pkg' build argument 'cmake_clean_first' from command line to 'False'
[0.251s] Level 5:colcon.colcon_core.verb:set package 'my_py_pkg' build argument 'cmake_force_configure' from command line to 'False'
[0.251s] Level 5:colcon.colcon_core.verb:set package 'my_py_pkg' build argument 'ament_cmake_args' from command line to 'None'
[0.251s] Level 5:colcon.colcon_core.verb:set package 'my_py_pkg' build argument 'catkin_cmake_args' from command line to 'None'
[0.251s] Level 5:colcon.colcon_core.verb:set package 'my_py_pkg' build argument 'catkin_skip_building_tests' from command line to 'False'
[0.251s] DEBUG:colcon.colcon_core.verb:Building package 'my_py_pkg' with the following arguments: {'ament_cmake_args': None, 'build_base': '/home/abhilash-ts434/Documents/ros2_ws/build/my_py_pkg', 'catkin_cmake_args': None, 'catkin_skip_building_tests': False, 'cmake_args': None, 'cmake_clean_cache': False, 'cmake_clean_first': False, 'cmake_force_configure': False, 'cmake_target': None, 'cmake_target_skip_unavailable': False, 'install_base': '/home/abhilash-ts434/Documents/ros2_ws/install/my_py_pkg', 'merge_install': False, 'path': '/home/abhilash-ts434/Documents/ros2_ws/src/my_py_pkg', 'symlink_install': False, 'test_result_base': None}
[0.251s] Level 5:colcon.colcon_core.verb:set package 'my_robot_bringup' build argument 'cmake_args' from command line to 'None'
[0.251s] Level 5:colcon.colcon_core.verb:set package 'my_robot_bringup' build argument 'cmake_target' from command line to 'None'
[0.251s] Level 5:colcon.colcon_core.verb:set package 'my_robot_bringup' build argument 'cmake_target_skip_unavailable' from command line to 'False'
[0.251s] Level 5:colcon.colcon_core.verb:set package 'my_robot_bringup' build argument 'cmake_clean_cache' from command line to 'False'
[0.251s] Level 5:colcon.colcon_core.verb:set package 'my_robot_bringup' build argument 'cmake_clean_first' from command line to 'False'
[0.251s] Level 5:colcon.colcon_core.verb:set package 'my_robot_bringup' build argument 'cmake_force_configure' from command line to 'False'
[0.251s] Level 5:colcon.colcon_core.verb:set package 'my_robot_bringup' build argument 'ament_cmake_args' from command line to 'None'
[0.251s] Level 5:colcon.colcon_core.verb:set package 'my_robot_bringup' build argument 'catkin_cmake_args' from command line to 'None'
[0.251s] Level 5:colcon.colcon_core.verb:set package 'my_robot_bringup' build argument 'catkin_skip_building_tests' from command line to 'False'
[0.251s] DEBUG:colcon.colcon_core.verb:Building package 'my_robot_bringup' with the following arguments: {'ament_cmake_args': None, 'build_base': '/home/abhilash-ts434/Documents/ros2_ws/build/my_robot_bringup', 'catkin_cmake_args': None, 'catkin_skip_building_tests': False, 'cmake_args': None, 'cmake_clean_cache': False, 'cmake_clean_first': False, 'cmake_force_configure': False, 'cmake_target': None, 'cmake_target_skip_unavailable': False, 'install_base': '/home/abhilash-ts434/Documents/ros2_ws/install/my_robot_bringup', 'merge_install': False, 'path': '/home/abhilash-ts434/Documents/ros2_ws/src/my_robot_bringup', 'symlink_install': False, 'test_result_base': None}
[0.251s] INFO:colcon.colcon_core.executor:Executing jobs using 'parallel' executor
[0.252s] DEBUG:colcon.colcon_parallel_executor.executor.parallel:run_until_complete
[0.252s] INFO:colcon.colcon_ros.task.ament_cmake.build:Building ROS package in '/home/abhilash-ts434/Documents/ros2_ws/src/my_robot_interfaces' with build type 'ament_cmake'
[0.252s] INFO:colcon.colcon_cmake.task.cmake.build:Building CMake package in '/home/abhilash-ts434/Documents/ros2_ws/src/my_robot_interfaces'
[0.253s] INFO:colcon.colcon_core.plugin_system:Skipping extension 'colcon_core.shell.bat': Not used on non-Windows systems
[0.254s] INFO:colcon.colcon_core.shell:Skip shell extension 'powershell' for command environment: Not usable outside of PowerShell
[0.254s] DEBUG:colcon.colcon_core.shell:Skip shell extension 'dsv' for command environment
[0.256s] INFO:colcon.colcon_ros.task.ament_cmake.build:Building ROS package in '/home/abhilash-ts434/Documents/ros2_ws/src/my_cpp_pkg' with build type 'ament_cmake'
[0.256s] INFO:colcon.colcon_cmake.task.cmake.build:Building CMake package in '/home/abhilash-ts434/Documents/ros2_ws/src/my_cpp_pkg'
[0.256s] INFO:colcon.colcon_core.shell:Skip shell extension 'powershell' for command environment: Not usable outside of PowerShell
[0.256s] DEBUG:colcon.colcon_core.shell:Skip shell extension 'dsv' for command environment
[0.261s] DEBUG:colcon.colcon_core.event_handler.log_command:Invoking command in '/home/abhilash-ts434/Documents/ros2_ws/build/my_robot_interfaces': CMAKE_PREFIX_PATH=${CMAKE_PREFIX_PATH}:/home/abhilash-ts434/Documents/ros2_ws/install/my_py_pkg:/opt/ros/humble /usr/bin/cmake --build /home/abhilash-ts434/Documents/ros2_ws/build/my_robot_interfaces -- -j16 -l16
[0.264s] DEBUG:colcon.colcon_core.event_handler.log_command:Invoking command in '/home/abhilash-ts434/Documents/ros2_ws/build/my_cpp_pkg': CMAKE_PREFIX_PATH=${CMAKE_PREFIX_PATH}:/home/abhilash-ts434/Documents/ros2_ws/install/my_py_pkg:/opt/ros/humble /usr/bin/cmake --build /home/abhilash-ts434/Documents/ros2_ws/build/my_cpp_pkg -- -j16 -l16
[0.327s] DEBUG:colcon.colcon_core.event_handler.log_command:Invoked command in '/home/abhilash-ts434/Documents/ros2_ws/build/my_cpp_pkg' returned '0': CMAKE_PREFIX_PATH=${CMAKE_PREFIX_PATH}:/home/abhilash-ts434/Documents/ros2_ws/install/my_py_pkg:/opt/ros/humble /usr/bin/cmake --build /home/abhilash-ts434/Documents/ros2_ws/build/my_cpp_pkg -- -j16 -l16
[0.335s] DEBUG:colcon.colcon_core.event_handler.log_command:Invoking command in '/home/abhilash-ts434/Documents/ros2_ws/build/my_cpp_pkg': CMAKE_PREFIX_PATH=${CMAKE_PREFIX_PATH}:/home/abhilash-ts434/Documents/ros2_ws/install/my_py_pkg:/opt/ros/humble /usr/bin/cmake --install /home/abhilash-ts434/Documents/ros2_ws/build/my_cpp_pkg
[0.342s] Level 1:colcon.colcon_core.environment:create_environment_scripts_only(my_cpp_pkg)
[0.342s] DEBUG:colcon.colcon_core.event_handler.log_command:Invoked command in '/home/abhilash-ts434/Documents/ros2_ws/build/my_cpp_pkg' returned '0': CMAKE_PREFIX_PATH=${CMAKE_PREFIX_PATH}:/home/abhilash-ts434/Documents/ros2_ws/install/my_py_pkg:/opt/ros/humble /usr/bin/cmake --install /home/abhilash-ts434/Documents/ros2_ws/build/my_cpp_pkg
[0.344s] Level 1:colcon.colcon_core.environment:checking '/home/abhilash-ts434/Documents/ros2_ws/install/my_cpp_pkg' for CMake module files
[0.344s] Level 1:colcon.colcon_core.environment:checking '/home/abhilash-ts434/Documents/ros2_ws/install/my_cpp_pkg' for CMake config files
[0.344s] Level 1:colcon.colcon_core.shell:create_environment_hook('my_cpp_pkg', 'cmake_prefix_path')
[0.345s] INFO:colcon.colcon_core.shell:Creating environment hook '/home/abhilash-ts434/Documents/ros2_ws/install/my_cpp_pkg/share/my_cpp_pkg/hook/cmake_prefix_path.ps1'
[0.345s] INFO:colcon.colcon_core.shell:Creating environment descriptor '/home/abhilash-ts434/Documents/ros2_ws/install/my_cpp_pkg/share/my_cpp_pkg/hook/cmake_prefix_path.dsv'
[0.345s] INFO:colcon.colcon_core.shell:Creating environment hook '/home/abhilash-ts434/Documents/ros2_ws/install/my_cpp_pkg/share/my_cpp_pkg/hook/cmake_prefix_path.sh'
[0.346s] Level 1:colcon.colcon_core.environment:checking '/home/abhilash-ts434/Documents/ros2_ws/install/my_cpp_pkg/lib'
[0.346s] Level 1:colcon.colcon_core.environment:checking '/home/abhilash-ts434/Documents/ros2_ws/install/my_cpp_pkg/bin'
[0.346s] Level 1:colcon.colcon_core.environment:checking '/home/abhilash-ts434/Documents/ros2_ws/install/my_cpp_pkg/lib/pkgconfig/my_cpp_pkg.pc'
[0.346s] Level 1:colcon.colcon_core.environment:checking '/home/abhilash-ts434/Documents/ros2_ws/install/my_cpp_pkg/lib/python3.10/site-packages'
[0.347s] Level 1:colcon.colcon_core.environment:checking '/home/abhilash-ts434/Documents/ros2_ws/install/my_cpp_pkg/bin'
[0.347s] INFO:colcon.colcon_core.shell:Creating package script '/home/abhilash-ts434/Documents/ros2_ws/install/my_cpp_pkg/share/my_cpp_pkg/package.ps1'
[0.347s] INFO:colcon.colcon_core.shell:Creating package descriptor '/home/abhilash-ts434/Documents/ros2_ws/install/my_cpp_pkg/share/my_cpp_pkg/package.dsv'
[0.348s] INFO:colcon.colcon_core.shell:Creating package script '/home/abhilash-ts434/Documents/ros2_ws/install/my_cpp_pkg/share/my_cpp_pkg/package.sh'
[0.348s] INFO:colcon.colcon_core.shell:Creating package script '/home/abhilash-ts434/Documents/ros2_ws/install/my_cpp_pkg/share/my_cpp_pkg/package.bash'
[0.349s] INFO:colcon.colcon_core.shell:Creating package script '/home/abhilash-ts434/Documents/ros2_ws/install/my_cpp_pkg/share/my_cpp_pkg/package.zsh'
[0.349s] Level 1:colcon.colcon_core.environment:create_file_with_runtime_dependencies(/home/abhilash-ts434/Documents/ros2_ws/install/my_cpp_pkg/share/colcon-core/packages/my_cpp_pkg)
[0.349s] Level 1:colcon.colcon_core.environment:create_environment_scripts_only(my_cpp_pkg)
[0.349s] Level 1:colcon.colcon_core.environment:checking '/home/abhilash-ts434/Documents/ros2_ws/install/my_cpp_pkg' for CMake module files
[0.350s] Level 1:colcon.colcon_core.environment:checking '/home/abhilash-ts434/Documents/ros2_ws/install/my_cpp_pkg' for CMake config files
[0.350s] Level 1:colcon.colcon_core.shell:create_environment_hook('my_cpp_pkg', 'cmake_prefix_path')
[0.350s] INFO:colcon.colcon_core.shell:Creating environment hook '/home/abhilash-ts434/Documents/ros2_ws/install/my_cpp_pkg/share/my_cpp_pkg/hook/cmake_prefix_path.ps1'
[0.350s] INFO:colcon.colcon_core.shell:Creating environment descriptor '/home/abhilash-ts434/Documents/ros2_ws/install/my_cpp_pkg/share/my_cpp_pkg/hook/cmake_prefix_path.dsv'
[0.351s] INFO:colcon.colcon_core.shell:Creating environment hook '/home/abhilash-ts434/Documents/ros2_ws/install/my_cpp_pkg/share/my_cpp_pkg/hook/cmake_prefix_path.sh'
[0.351s] Level 1:colcon.colcon_core.environment:checking '/home/abhilash-ts434/Documents/ros2_ws/install/my_cpp_pkg/lib'
[0.351s] Level 1:colcon.colcon_core.environment:checking '/home/abhilash-ts434/Documents/ros2_ws/install/my_cpp_pkg/bin'
[0.351s] Level 1:colcon.colcon_core.environment:checking '/home/abhilash-ts434/Documents/ros2_ws/install/my_cpp_pkg/lib/pkgconfig/my_cpp_pkg.pc'
[0.351s] Level 1:colcon.colcon_core.environment:checking '/home/abhilash-ts434/Documents/ros2_ws/install/my_cpp_pkg/lib/python3.10/site-packages'
[0.351s] Level 1:colcon.colcon_core.environment:checking '/home/abhilash-ts434/Documents/ros2_ws/install/my_cpp_pkg/bin'
[0.352s] INFO:colcon.colcon_core.shell:Creating package script '/home/abhilash-ts434/Documents/ros2_ws/install/my_cpp_pkg/share/my_cpp_pkg/package.ps1'
[0.352s] INFO:colcon.colcon_core.shell:Creating package descriptor '/home/abhilash-ts434/Documents/ros2_ws/install/my_cpp_pkg/share/my_cpp_pkg/package.dsv'
[0.352s] INFO:colcon.colcon_core.shell:Creating package script '/home/abhilash-ts434/Documents/ros2_ws/install/my_cpp_pkg/share/my_cpp_pkg/package.sh'
[0.353s] INFO:colcon.colcon_core.shell:Creating package script '/home/abhilash-ts434/Documents/ros2_ws/install/my_cpp_pkg/share/my_cpp_pkg/package.bash'
[0.353s] INFO:colcon.colcon_core.shell:Creating package script '/home/abhilash-ts434/Documents/ros2_ws/install/my_cpp_pkg/share/my_cpp_pkg/package.zsh'
[0.353s] Level 1:colcon.colcon_core.environment:create_file_with_runtime_dependencies(/home/abhilash-ts434/Documents/ros2_ws/install/my_cpp_pkg/share/colcon-core/packages/my_cpp_pkg)
[0.522s] DEBUG:colcon.colcon_core.event_handler.log_command:Invoked command in '/home/abhilash-ts434/Documents/ros2_ws/build/my_robot_interfaces' returned '0': CMAKE_PREFIX_PATH=${CMAKE_PREFIX_PATH}:/home/abhilash-ts434/Documents/ros2_ws/install/my_py_pkg:/opt/ros/humble /usr/bin/cmake --build /home/abhilash-ts434/Documents/ros2_ws/build/my_robot_interfaces -- -j16 -l16
[0.523s] DEBUG:colcon.colcon_core.event_handler.log_command:Invoking command in '/home/abhilash-ts434/Documents/ros2_ws/build/my_robot_interfaces': CMAKE_PREFIX_PATH=${CMAKE_PREFIX_PATH}:/home/abhilash-ts434/Documents/ros2_ws/install/my_py_pkg:/opt/ros/humble /usr/bin/cmake --install /home/abhilash-ts434/Documents/ros2_ws/build/my_robot_interfaces
[0.562s] Level 1:colcon.colcon_core.environment:create_environment_scripts_only(my_robot_interfaces)
[0.563s] Level 1:colcon.colcon_core.environment:checking '/home/abhilash-ts434/Documents/ros2_ws/install/my_robot_interfaces' for CMake module files
[0.563s] DEBUG:colcon.colcon_core.event_handler.log_command:Invoked command in '/home/abhilash-ts434/Documents/ros2_ws/build/my_robot_interfaces' returned '0': CMAKE_PREFIX_PATH=${CMAKE_PREFIX_PATH}:/home/abhilash-ts434/Documents/ros2_ws/install/my_py_pkg:/opt/ros/humble /usr/bin/cmake --install /home/abhilash-ts434/Documents/ros2_ws/build/my_robot_interfaces
[0.563s] Level 1:colcon.colcon_core.environment:checking '/home/abhilash-ts434/Documents/ros2_ws/install/my_robot_interfaces' for CMake config files
[0.563s] Level 1:colcon.colcon_core.shell:create_environment_hook('my_robot_interfaces', 'cmake_prefix_path')
[0.563s] INFO:colcon.colcon_core.shell:Creating environment hook '/home/abhilash-ts434/Documents/ros2_ws/install/my_robot_interfaces/share/my_robot_interfaces/hook/cmake_prefix_path.ps1'
[0.564s] INFO:colcon.colcon_core.shell:Creating environment descriptor '/home/abhilash-ts434/Documents/ros2_ws/install/my_robot_interfaces/share/my_robot_interfaces/hook/cmake_prefix_path.dsv'
[0.564s] INFO:colcon.colcon_core.shell:Creating environment hook '/home/abhilash-ts434/Documents/ros2_ws/install/my_robot_interfaces/share/my_robot_interfaces/hook/cmake_prefix_path.sh'
[0.565s] Level 1:colcon.colcon_core.environment:checking '/home/abhilash-ts434/Documents/ros2_ws/install/my_robot_interfaces/lib'
[0.565s] Level 1:colcon.colcon_core.shell:create_environment_hook('my_robot_interfaces', 'ld_library_path_lib')
[0.565s] INFO:colcon.colcon_core.shell:Creating environment hook '/home/abhilash-ts434/Documents/ros2_ws/install/my_robot_interfaces/share/my_robot_interfaces/hook/ld_library_path_lib.ps1'
[0.565s] INFO:colcon.colcon_core.shell:Creating environment descriptor '/home/abhilash-ts434/Documents/ros2_ws/install/my_robot_interfaces/share/my_robot_interfaces/hook/ld_library_path_lib.dsv'
[0.565s] INFO:colcon.colcon_core.shell:Creating environment hook '/home/abhilash-ts434/Documents/ros2_ws/install/my_robot_interfaces/share/my_robot_interfaces/hook/ld_library_path_lib.sh'
[0.565s] Level 1:colcon.colcon_core.environment:checking '/home/abhilash-ts434/Documents/ros2_ws/install/my_robot_interfaces/bin'
[0.565s] Level 1:colcon.colcon_core.environment:checking '/home/abhilash-ts434/Documents/ros2_ws/install/my_robot_interfaces/lib/pkgconfig/my_robot_interfaces.pc'
[0.566s] Level 1:colcon.colcon_core.environment:checking '/home/abhilash-ts434/Documents/ros2_ws/install/my_robot_interfaces/lib/python3.10/site-packages'
[0.566s] Level 1:colcon.colcon_core.environment:checking '/home/abhilash-ts434/Documents/ros2_ws/install/my_robot_interfaces/bin'
[0.566s] INFO:colcon.colcon_core.shell:Creating package script '/home/abhilash-ts434/Documents/ros2_ws/install/my_robot_interfaces/share/my_robot_interfaces/package.ps1'
[0.566s] INFO:colcon.colcon_core.shell:Creating package descriptor '/home/abhilash-ts434/Documents/ros2_ws/install/my_robot_interfaces/share/my_robot_interfaces/package.dsv'
[0.567s] INFO:colcon.colcon_core.shell:Creating package script '/home/abhilash-ts434/Documents/ros2_ws/install/my_robot_interfaces/share/my_robot_interfaces/package.sh'
[0.567s] INFO:colcon.colcon_core.shell:Creating package script '/home/abhilash-ts434/Documents/ros2_ws/install/my_robot_interfaces/share/my_robot_interfaces/package.bash'
[0.567s] INFO:colcon.colcon_core.shell:Creating package script '/home/abhilash-ts434/Documents/ros2_ws/install/my_robot_interfaces/share/my_robot_interfaces/package.zsh'
[0.567s] Level 1:colcon.colcon_core.environment:create_file_with_runtime_dependencies(/home/abhilash-ts434/Documents/ros2_ws/install/my_robot_interfaces/share/colcon-core/packages/my_robot_interfaces)
[0.568s] Level 1:colcon.colcon_core.environment:create_environment_scripts_only(my_robot_interfaces)
[0.568s] Level 1:colcon.colcon_core.environment:checking '/home/abhilash-ts434/Documents/ros2_ws/install/my_robot_interfaces' for CMake module files
[0.568s] Level 1:colcon.colcon_core.environment:checking '/home/abhilash-ts434/Documents/ros2_ws/install/my_robot_interfaces' for CMake config files
[0.568s] Level 1:colcon.colcon_core.shell:create_environment_hook('my_robot_interfaces', 'cmake_prefix_path')
[0.569s] INFO:colcon.colcon_core.shell:Creating environment hook '/home/abhilash-ts434/Documents/ros2_ws/install/my_robot_interfaces/share/my_robot_interfaces/hook/cmake_prefix_path.ps1'
[0.569s] INFO:colcon.colcon_core.shell:Creating environment descriptor '/home/abhilash-ts434/Documents/ros2_ws/install/my_robot_interfaces/share/my_robot_interfaces/hook/cmake_prefix_path.dsv'
[0.569s] INFO:colcon.colcon_core.shell:Creating environment hook '/home/abhilash-ts434/Documents/ros2_ws/install/my_robot_interfaces/share/my_robot_interfaces/hook/cmake_prefix_path.sh'
[0.569s] Level 1:colcon.colcon_core.environment:checking '/home/abhilash-ts434/Documents/ros2_ws/install/my_robot_interfaces/lib'
[0.569s] Level 1:colcon.colcon_core.shell:create_environment_hook('my_robot_interfaces', 'ld_library_path_lib')
[0.570s] INFO:colcon.colcon_core.shell:Creating environment hook '/home/abhilash-ts434/Documents/ros2_ws/install/my_robot_interfaces/share/my_robot_interfaces/hook/ld_library_path_lib.ps1'
[0.570s] INFO:colcon.colcon_core.shell:Creating environment descriptor '/home/abhilash-ts434/Documents/ros2_ws/install/my_robot_interfaces/share/my_robot_interfaces/hook/ld_library_path_lib.dsv'
[0.570s] INFO:colcon.colcon_core.shell:Creating environment hook '/home/abhilash-ts434/Documents/ros2_ws/install/my_robot_interfaces/share/my_robot_interfaces/hook/ld_library_path_lib.sh'
[0.570s] Level 1:colcon.colcon_core.environment:checking '/home/abhilash-ts434/Documents/ros2_ws/install/my_robot_interfaces/bin'
[0.570s] Level 1:colcon.colcon_core.environment:checking '/home/abhilash-ts434/Documents/ros2_ws/install/my_robot_interfaces/lib/pkgconfig/my_robot_interfaces.pc'
[0.570s] Level 1:colcon.colcon_core.environment:checking '/home/abhilash-ts434/Documents/ros2_ws/install/my_robot_interfaces/lib/python3.10/site-packages'
[0.571s] Level 1:colcon.colcon_core.environment:checking '/home/abhilash-ts434/Documents/ros2_ws/install/my_robot_interfaces/bin'
[0.571s] INFO:colcon.colcon_core.shell:Creating package script '/home/abhilash-ts434/Documents/ros2_ws/install/my_robot_interfaces/share/my_robot_interfaces/package.ps1'
[0.571s] INFO:colcon.colcon_core.shell:Creating package descriptor '/home/abhilash-ts434/Documents/ros2_ws/install/my_robot_interfaces/share/my_robot_interfaces/package.dsv'
[0.571s] INFO:colcon.colcon_core.shell:Creating package script '/home/abhilash-ts434/Documents/ros2_ws/install/my_robot_interfaces/share/my_robot_interfaces/package.sh'
[0.572s] INFO:colcon.colcon_core.shell:Creating package script '/home/abhilash-ts434/Documents/ros2_ws/install/my_robot_interfaces/share/my_robot_interfaces/package.bash'
[0.572s] INFO:colcon.colcon_core.shell:Creating package script '/home/abhilash-ts434/Documents/ros2_ws/install/my_robot_interfaces/share/my_robot_interfaces/package.zsh'
[0.572s] Level 1:colcon.colcon_core.environment:create_file_with_runtime_dependencies(/home/abhilash-ts434/Documents/ros2_ws/install/my_robot_interfaces/share/colcon-core/packages/my_robot_interfaces)
[0.573s] INFO:colcon.colcon_ros.task.ament_python.build:Building ROS package in '/home/abhilash-ts434/Documents/ros2_ws/src/my_py_pkg' with build type 'ament_python'
[0.573s] Level 1:colcon.colcon_core.shell:create_environment_hook('my_py_pkg', 'ament_prefix_path')
[0.573s] INFO:colcon.colcon_core.shell:Creating environment hook '/home/abhilash-ts434/Documents/ros2_ws/install/my_py_pkg/share/my_py_pkg/hook/ament_prefix_path.ps1'
[0.573s] INFO:colcon.colcon_core.shell:Creating environment descriptor '/home/abhilash-ts434/Documents/ros2_ws/install/my_py_pkg/share/my_py_pkg/hook/ament_prefix_path.dsv'
[0.574s] INFO:colcon.colcon_core.shell:Creating environment hook '/home/abhilash-ts434/Documents/ros2_ws/install/my_py_pkg/share/my_py_pkg/hook/ament_prefix_path.sh'
[0.574s] INFO:colcon.colcon_core.shell:Skip shell extension 'powershell' for command environment: Not usable outside of PowerShell
[0.574s] DEBUG:colcon.colcon_core.shell:Skip shell extension 'dsv' for command environment
[0.756s] INFO:colcon.colcon_core.task.python.build:Building Python package in '/home/abhilash-ts434/Documents/ros2_ws/src/my_py_pkg'
[0.756s] INFO:colcon.colcon_core.shell:Skip shell extension 'powershell' for command environment: Not usable outside of PowerShell
[0.756s] DEBUG:colcon.colcon_core.shell:Skip shell extension 'dsv' for command environment
[1.004s] DEBUG:colcon.colcon_core.event_handler.log_command:Invoking command in '/home/abhilash-ts434/Documents/ros2_ws/src/my_py_pkg': CMAKE_PREFIX_PATH=/home/abhilash-ts434/Documents/ros2_ws/install/my_robot_interfaces:/home/abhilash-ts434/Documents/ros2_ws/install/my_robot_bringup:/home/abhilash-ts434/Documents/ros2_ws/install/my_cpp_pkg PYTHONPATH=/home/abhilash-ts434/Documents/ros2_ws/build/my_py_pkg/prefix_override:/usr/lib/python3/dist-packages/colcon_core/task/python/colcon_distutils_commands:/home/abhilash-ts434/Documents/ros2_ws/install/my_py_pkg/lib/python3.10/site-packages:${PYTHONPATH} /usr/bin/python3 -W ignore:setup.py install is deprecated -W ignore:easy_install command is deprecated setup.py egg_info --egg-base ../../build/my_py_pkg build --build-base /home/abhilash-ts434/Documents/ros2_ws/build/my_py_pkg/build install --record /home/abhilash-ts434/Documents/ros2_ws/build/my_py_pkg/install.log --single-version-externally-managed install_data
[1.194s] Level 1:colcon.colcon_core.environment:checking '/home/abhilash-ts434/Documents/ros2_ws/install/my_py_pkg' for CMake module files
[1.195s] DEBUG:colcon.colcon_core.event_handler.log_command:Invoked command in '/home/abhilash-ts434/Documents/ros2_ws/src/my_py_pkg' returned '0': CMAKE_PREFIX_PATH=/home/abhilash-ts434/Documents/ros2_ws/install/my_robot_interfaces:/home/abhilash-ts434/Documents/ros2_ws/install/my_robot_bringup:/home/abhilash-ts434/Documents/ros2_ws/install/my_cpp_pkg PYTHONPATH=/home/abhilash-ts434/Documents/ros2_ws/build/my_py_pkg/prefix_override:/usr/lib/python3/dist-packages/colcon_core/task/python/colcon_distutils_commands:/home/abhilash-ts434/Documents/ros2_ws/install/my_py_pkg/lib/python3.10/site-packages:${PYTHONPATH} /usr/bin/python3 -W ignore:setup.py install is deprecated -W ignore:easy_install command is deprecated setup.py egg_info --egg-base ../../build/my_py_pkg build --build-base /home/abhilash-ts434/Documents/ros2_ws/build/my_py_pkg/build install --record /home/abhilash-ts434/Documents/ros2_ws/build/my_py_pkg/install.log --single-version-externally-managed install_data
[1.195s] Level 1:colcon.colcon_core.environment:checking '/home/abhilash-ts434/Documents/ros2_ws/install/my_py_pkg' for CMake config files
[1.195s] Level 1:colcon.colcon_core.environment:checking '/home/abhilash-ts434/Documents/ros2_ws/install/my_py_pkg/lib'
[1.195s] Level 1:colcon.colcon_core.environment:checking '/home/abhilash-ts434/Documents/ros2_ws/install/my_py_pkg/bin'
[1.195s] Level 1:colcon.colcon_core.environment:checking '/home/abhilash-ts434/Documents/ros2_ws/install/my_py_pkg/lib/pkgconfig/my_py_pkg.pc'
[1.195s] Level 1:colcon.colcon_core.environment:checking '/home/abhilash-ts434/Documents/ros2_ws/install/my_py_pkg/lib/python3.10/site-packages'
[1.195s] Level 1:colcon.colcon_core.shell:create_environment_hook('my_py_pkg', 'pythonpath')
[1.196s] INFO:colcon.colcon_core.shell:Creating environment hook '/home/abhilash-ts434/Documents/ros2_ws/install/my_py_pkg/share/my_py_pkg/hook/pythonpath.ps1'
[1.196s] INFO:colcon.colcon_core.shell:Creating environment descriptor '/home/abhilash-ts434/Documents/ros2_ws/install/my_py_pkg/share/my_py_pkg/hook/pythonpath.dsv'
[1.196s] INFO:colcon.colcon_core.shell:Creating environment hook '/home/abhilash-ts434/Documents/ros2_ws/install/my_py_pkg/share/my_py_pkg/hook/pythonpath.sh'
[1.197s] Level 1:colcon.colcon_core.environment:checking '/home/abhilash-ts434/Documents/ros2_ws/install/my_py_pkg/bin'
[1.197s] Level 1:colcon.colcon_core.environment:create_environment_scripts_only(my_py_pkg)
[1.197s] INFO:colcon.colcon_core.shell:Creating package script '/home/abhilash-ts434/Documents/ros2_ws/install/my_py_pkg/share/my_py_pkg/package.ps1'
[1.198s] INFO:colcon.colcon_core.shell:Creating package descriptor '/home/abhilash-ts434/Documents/ros2_ws/install/my_py_pkg/share/my_py_pkg/package.dsv'
[1.198s] INFO:colcon.colcon_core.shell:Creating package script '/home/abhilash-ts434/Documents/ros2_ws/install/my_py_pkg/share/my_py_pkg/package.sh'
[1.198s] INFO:colcon.colcon_core.shell:Creating package script '/home/abhilash-ts434/Documents/ros2_ws/install/my_py_pkg/share/my_py_pkg/package.bash'
[1.198s] INFO:colcon.colcon_core.shell:Creating package script '/home/abhilash-ts434/Documents/ros2_ws/install/my_py_pkg/share/my_py_pkg/package.zsh'
[1.199s] Level 1:colcon.colcon_core.environment:create_file_with_runtime_dependencies(/home/abhilash-ts434/Documents/ros2_ws/install/my_py_pkg/share/colcon-core/packages/my_py_pkg)
[1.199s] INFO:colcon.colcon_ros.task.ament_cmake.build:Building ROS package in '/home/abhilash-ts434/Documents/ros2_ws/src/my_robot_bringup' with build type 'ament_cmake'
[1.199s] INFO:colcon.colcon_cmake.task.cmake.build:Building CMake package in '/home/abhilash-ts434/Documents/ros2_ws/src/my_robot_bringup'
[1.199s] INFO:colcon.colcon_core.shell:Skip shell extension 'powershell' for command environment: Not usable outside of PowerShell
[1.199s] DEBUG:colcon.colcon_core.shell:Skip shell extension 'dsv' for command environment
[1.207s] DEBUG:colcon.colcon_core.event_handler.log_command:Invoking command in '/home/abhilash-ts434/Documents/ros2_ws/build/my_robot_bringup': AMENT_PREFIX_PATH=/home/abhilash-ts434/Documents/ros2_ws/install/my_py_pkg:/home/abhilash-ts434/Documents/ros2_ws/install/my_robot_bringup:/home/abhilash-ts434/Documents/ros2_ws/install/my_robot_interfaces:/home/abhilash-ts434/Documents/ros2_ws/install/my_cpp_pkg:/opt/ros/humble CMAKE_PREFIX_PATH=/home/abhilash-ts434/Documents/ros2_ws/install/my_robot_interfaces:/home/abhilash-ts434/Documents/ros2_ws/install/my_robot_bringup:/home/abhilash-ts434/Documents/ros2_ws/install/my_cpp_pkg:/home/abhilash-ts434/Documents/ros2_ws/install/my_py_pkg:/opt/ros/humble /usr/bin/cmake --build /home/abhilash-ts434/Documents/ros2_ws/build/my_robot_bringup -- -j16 -l16
[1.232s] DEBUG:colcon.colcon_core.event_handler.log_command:Invoked command in '/home/abhilash-ts434/Documents/ros2_ws/build/my_robot_bringup' returned '0': AMENT_PREFIX_PATH=/home/abhilash-ts434/Documents/ros2_ws/install/my_py_pkg:/home/abhilash-ts434/Documents/ros2_ws/install/my_robot_bringup:/home/abhilash-ts434/Documents/ros2_ws/install/my_robot_interfaces:/home/abhilash-ts434/Documents/ros2_ws/install/my_cpp_pkg:/opt/ros/humble CMAKE_PREFIX_PATH=/home/abhilash-ts434/Documents/ros2_ws/install/my_robot_interfaces:/home/abhilash-ts434/Documents/ros2_ws/install/my_robot_bringup:/home/abhilash-ts434/Documents/ros2_ws/install/my_cpp_pkg:/home/abhilash-ts434/Documents/ros2_ws/install/my_py_pkg:/opt/ros/humble /usr/bin/cmake --build /home/abhilash-ts434/Documents/ros2_ws/build/my_robot_bringup -- -j16 -l16
[1.233s] DEBUG:colcon.colcon_core.event_handler.log_command:Invoking command in '/home/abhilash-ts434/Documents/ros2_ws/build/my_robot_bringup': AMENT_PREFIX_PATH=/home/abhilash-ts434/Documents/ros2_ws/install/my_py_pkg:/home/abhilash-ts434/Documents/ros2_ws/install/my_robot_bringup:/home/abhilash-ts434/Documents/ros2_ws/install/my_robot_interfaces:/home/abhilash-ts434/Documents/ros2_ws/install/my_cpp_pkg:/opt/ros/humble CMAKE_PREFIX_PATH=/home/abhilash-ts434/Documents/ros2_ws/install/my_robot_interfaces:/home/abhilash-ts434/Documents/ros2_ws/install/my_robot_bringup:/home/abhilash-ts434/Documents/ros2_ws/install/my_cpp_pkg:/home/abhilash-ts434/Documents/ros2_ws/install/my_py_pkg:/opt/ros/humble /usr/bin/cmake --install /home/abhilash-ts434/Documents/ros2_ws/build/my_robot_bringup
[1.247s] Level 1:colcon.colcon_core.environment:create_environment_scripts_only(my_robot_bringup)
[1.247s] Level 1:colcon.colcon_core.environment:checking '/home/abhilash-ts434/Documents/ros2_ws/install/my_robot_bringup' for CMake module files
[1.248s] DEBUG:colcon.colcon_core.event_handler.log_command:Invoked command in '/home/abhilash-ts434/Documents/ros2_ws/build/my_robot_bringup' returned '0': AMENT_PREFIX_PATH=/home/abhilash-ts434/Documents/ros2_ws/install/my_py_pkg:/home/abhilash-ts434/Documents/ros2_ws/install/my_robot_bringup:/home/abhilash-ts434/Documents/ros2_ws/install/my_robot_interfaces:/home/abhilash-ts434/Documents/ros2_ws/install/my_cpp_pkg:/opt/ros/humble CMAKE_PREFIX_PATH=/home/abhilash-ts434/Documents/ros2_ws/install/my_robot_interfaces:/home/abhilash-ts434/Documents/ros2_ws/install/my_robot_bringup:/home/abhilash-ts434/Documents/ros2_ws/install/my_cpp_pkg:/home/abhilash-ts434/Documents/ros2_ws/install/my_py_pkg:/opt/ros/humble /usr/bin/cmake --install /home/abhilash-ts434/Documents/ros2_ws/build/my_robot_bringup
[1.248s] Level 1:colcon.colcon_core.environment:checking '/home/abhilash-ts434/Documents/ros2_ws/install/my_robot_bringup' for CMake config files
[1.248s] Level 1:colcon.colcon_core.shell:create_environment_hook('my_robot_bringup', 'cmake_prefix_path')
[1.248s] INFO:colcon.colcon_core.shell:Creating environment hook '/home/abhilash-ts434/Documents/ros2_ws/install/my_robot_bringup/share/my_robot_bringup/hook/cmake_prefix_path.ps1'
[1.249s] INFO:colcon.colcon_core.shell:Creating environment descriptor '/home/abhilash-ts434/Documents/ros2_ws/install/my_robot_bringup/share/my_robot_bringup/hook/cmake_prefix_path.dsv'
[1.249s] INFO:colcon.colcon_core.shell:Creating environment hook '/home/abhilash-ts434/Documents/ros2_ws/install/my_robot_bringup/share/my_robot_bringup/hook/cmake_prefix_path.sh'
[1.249s] Level 1:colcon.colcon_core.environment:checking '/home/abhilash-ts434/Documents/ros2_ws/install/my_robot_bringup/bin'
[1.249s] Level 1:colcon.colcon_core.environment:checking '/home/abhilash-ts434/Documents/ros2_ws/install/my_robot_bringup/lib/pkgconfig/my_robot_bringup.pc'
[1.250s] Level 1:colcon.colcon_core.environment:checking '/home/abhilash-ts434/Documents/ros2_ws/install/my_robot_bringup/lib/python3.10/site-packages'
[1.250s] Level 1:colcon.colcon_core.environment:checking '/home/abhilash-ts434/Documents/ros2_ws/install/my_robot_bringup/bin'
[1.250s] INFO:colcon.colcon_core.shell:Creating package script '/home/abhilash-ts434/Documents/ros2_ws/install/my_robot_bringup/share/my_robot_bringup/package.ps1'
[1.250s] INFO:colcon.colcon_core.shell:Creating package descriptor '/home/abhilash-ts434/Documents/ros2_ws/install/my_robot_bringup/share/my_robot_bringup/package.dsv'
[1.250s] INFO:colcon.colcon_core.shell:Creating package script '/home/abhilash-ts434/Documents/ros2_ws/install/my_robot_bringup/share/my_robot_bringup/package.sh'
[1.251s] INFO:colcon.colcon_core.shell:Creating package script '/home/abhilash-ts434/Documents/ros2_ws/install/my_robot_bringup/share/my_robot_bringup/package.bash'
[1.251s] INFO:colcon.colcon_core.shell:Creating package script '/home/abhilash-ts434/Documents/ros2_ws/install/my_robot_bringup/share/my_robot_bringup/package.zsh'
[1.251s] Level 1:colcon.colcon_core.environment:create_file_with_runtime_dependencies(/home/abhilash-ts434/Documents/ros2_ws/install/my_robot_bringup/share/colcon-core/packages/my_robot_bringup)
[1.252s] Level 1:colcon.colcon_core.environment:create_environment_scripts_only(my_robot_bringup)
[1.252s] Level 1:colcon.colcon_core.environment:checking '/home/abhilash-ts434/Documents/ros2_ws/install/my_robot_bringup' for CMake module files
[1.252s] Level 1:colcon.colcon_core.environment:checking '/home/abhilash-ts434/Documents/ros2_ws/install/my_robot_bringup' for CMake config files
[1.252s] Level 1:colcon.colcon_core.shell:create_environment_hook('my_robot_bringup', 'cmake_prefix_path')
[1.252s] INFO:colcon.colcon_core.shell:Creating environment hook '/home/abhilash-ts434/Documents/ros2_ws/install/my_robot_bringup/share/my_robot_bringup/hook/cmake_prefix_path.ps1'
[1.253s] INFO:colcon.colcon_core.shell:Creating environment descriptor '/home/abhilash-ts434/Documents/ros2_ws/install/my_robot_bringup/share/my_robot_bringup/hook/cmake_prefix_path.dsv'
[1.253s] INFO:colcon.colcon_core.shell:Creating environment hook '/home/abhilash-ts434/Documents/ros2_ws/install/my_robot_bringup/share/my_robot_bringup/hook/cmake_prefix_path.sh'
[1.253s] Level 1:colcon.colcon_core.environment:checking '/home/abhilash-ts434/Documents/ros2_ws/install/my_robot_bringup/bin'
[1.253s] Level 1:colcon.colcon_core.environment:checking '/home/abhilash-ts434/Documents/ros2_ws/install/my_robot_bringup/lib/pkgconfig/my_robot_bringup.pc'
[1.253s] Level 1:colcon.colcon_core.environment:checking '/home/abhilash-ts434/Documents/ros2_ws/install/my_robot_bringup/lib/python3.10/site-packages'
[1.254s] Level 1:colcon.colcon_core.environment:checking '/home/abhilash-ts434/Documents/ros2_ws/install/my_robot_bringup/bin'
[1.254s] INFO:colcon.colcon_core.shell:Creating package script '/home/abhilash-ts434/Documents/ros2_ws/install/my_robot_bringup/share/my_robot_bringup/package.ps1'
[1.254s] INFO:colcon.colcon_core.shell:Creating package descriptor '/home/abhilash-ts434/Documents/ros2_ws/install/my_robot_bringup/share/my_robot_bringup/package.dsv'
[1.254s] INFO:colcon.colcon_core.shell:Creating package script '/home/abhilash-ts434/Documents/ros2_ws/install/my_robot_bringup/share/my_robot_bringup/package.sh'
[1.255s] INFO:colcon.colcon_core.shell:Creating package script '/home/abhilash-ts434/Documents/ros2_ws/install/my_robot_bringup/share/my_robot_bringup/package.bash'
[1.255s] INFO:colcon.colcon_core.shell:Creating package script '/home/abhilash-ts434/Documents/ros2_ws/install/my_robot_bringup/share/my_robot_bringup/package.zsh'
[1.255s] Level 1:colcon.colcon_core.environment:create_file_with_runtime_dependencies(/home/abhilash-ts434/Documents/ros2_ws/install/my_robot_bringup/share/colcon-core/packages/my_robot_bringup)
[1.255s] DEBUG:colcon.colcon_parallel_executor.executor.parallel:closing loop
[1.256s] DEBUG:colcon.colcon_parallel_executor.executor.parallel:loop closed
[1.256s] DEBUG:colcon.colcon_parallel_executor.executor.parallel:run_until_complete finished with '0'
[1.256s] DEBUG:colcon.colcon_core.event_reactor:joining thread
[1.259s] INFO:colcon.colcon_core.plugin_system:Skipping extension 'colcon_notification.desktop_notification.terminal_notifier': Not used on non-Darwin systems
[1.259s] INFO:colcon.colcon_core.plugin_system:Skipping extension 'colcon_notification.desktop_notification.win32': Not used on non-Windows systems
[1.259s] INFO:colcon.colcon_notification.desktop_notification:Sending desktop notification using 'notify2'
[1.267s] DEBUG:colcon.colcon_core.event_reactor:joined thread
[1.268s] INFO:colcon.colcon_core.shell:Creating prefix script '/home/abhilash-ts434/Documents/ros2_ws/install/local_setup.ps1'
[1.268s] INFO:colcon.colcon_core.shell:Creating prefix util module '/home/abhilash-ts434/Documents/ros2_ws/install/_local_setup_util_ps1.py'
[1.269s] INFO:colcon.colcon_core.shell:Creating prefix chain script '/home/abhilash-ts434/Documents/ros2_ws/install/setup.ps1'
[1.270s] INFO:colcon.colcon_core.shell:Creating prefix script '/home/abhilash-ts434/Documents/ros2_ws/install/local_setup.sh'
[1.270s] INFO:colcon.colcon_core.shell:Creating prefix util module '/home/abhilash-ts434/Documents/ros2_ws/install/_local_setup_util_sh.py'
[1.271s] INFO:colcon.colcon_core.shell:Creating prefix chain script '/home/abhilash-ts434/Documents/ros2_ws/install/setup.sh'
[1.272s] INFO:colcon.colcon_core.shell:Creating prefix script '/home/abhilash-ts434/Documents/ros2_ws/install/local_setup.bash'
[1.272s] INFO:colcon.colcon_core.shell:Creating prefix chain script '/home/abhilash-ts434/Documents/ros2_ws/install/setup.bash'
[1.272s] INFO:colcon.colcon_core.shell:Creating prefix script '/home/abhilash-ts434/Documents/ros2_ws/install/local_setup.zsh'
[1.273s] INFO:colcon.colcon_core.shell:Creating prefix chain script '/home/abhilash-ts434/Documents/ros2_ws/install/setup.zsh'
