[0.007s] Invoking command in '/home/abhilash-ts434/Documents/ros2_ws/build/my_cpp_pkg': CMAKE_PREFIX_PATH=${CMAKE_PREFIX_PATH}:/home/abhilash-ts434/Documents/ros2_ws/install/my_py_pkg:/opt/ros/humble /usr/bin/cmake /home/abhilash-ts434/Documents/ros2_ws/src/my_cpp_pkg -DAMENT_CMAKE_SYMLINK_INSTALL=1 -DCMAKE_INSTALL_PREFIX=/home/abhilash-ts434/Documents/ros2_ws/install/my_cpp_pkg
[0.015s] -- Found ament_cmake: 1.3.11 (/opt/ros/humble/share/ament_cmake/cmake)
[0.095s] -- Override CMake install command with custom implementation using symlinks instead of copying resources
[0.101s] -- Found rclcpp: 16.0.11 (/opt/ros/humble/share/rclcpp/cmake)
[0.125s] -- Found rosidl_generator_c: 3.1.6 (/opt/ros/humble/share/rosidl_generator_c/cmake)
[0.126s] -- Found rosidl_adapter: 3.1.6 (/opt/ros/humble/share/rosidl_adapter/cmake)
[0.130s] -- Found rosidl_generator_cpp: 3.1.6 (/opt/ros/humble/share/rosidl_generator_cpp/cmake)
[0.138s] -- Using all available rosidl_typesupport_c: rosidl_typesupport_fastrtps_c;rosidl_typesupport_introspection_c
[0.146s] -- Using all available rosidl_typesupport_cpp: rosidl_typesupport_fastrtps_cpp;rosidl_typesupport_introspection_cpp
[0.173s] -- Found rmw_implementation_cmake: 6.1.2 (/opt/ros/humble/share/rmw_implementation_cmake/cmake)
[0.175s] -- Found rmw_fastrtps_cpp: 6.2.7 (/opt/ros/humble/share/rmw_fastrtps_cpp/cmake)
[0.246s] -- Using RMW implementation 'rmw_fastrtps_cpp' as default
[0.332s] -- Configuring done
[0.334s] [33mCMake Warning (dev) at CMakeLists.txt:12 (add_executable):
[0.334s]   Policy CMP0115 is not set: Source file extensions must be explicit.  Run
[0.334s]   "cmake --help-policy CMP0115" for policy details.  Use the cmake_policy
[0.334s]   command to set the policy and suppress this warning.
[0.334s] 
[0.334s]   File:
[0.334s] 
[0.334s]     /home/abhilash-ts434/Documents/ros2_ws/src/my_cpp_pkg/src/first_cpp_node.cpp
[0.334s] This warning is for project developers.  Use -Wno-dev to suppress it.
[0.334s] [0m
[0.334s] [33mCMake Warning (dev) at CMakeLists.txt:13 (add_executable):
[0.334s]   Policy CMP0115 is not set: Source file extensions must be explicit.  Run
[0.334s]   "cmake --help-policy CMP0115" for policy details.  Use the cmake_policy
[0.335s]   command to set the policy and suppress this warning.
[0.335s] 
[0.335s]   File:
[0.335s] 
[0.335s]     /home/abhilash-ts434/Documents/ros2_ws/src/my_cpp_pkg/src/oop_cpp_node.cpp
[0.335s] This warning is for project developers.  Use -Wno-dev to suppress it.
[0.335s] [0m
[0.341s] -- Generating done
[0.344s] -- Build files have been written to: /home/abhilash-ts434/Documents/ros2_ws/build/my_cpp_pkg
[0.350s] Invoked command in '/home/abhilash-ts434/Documents/ros2_ws/build/my_cpp_pkg' returned '0': CMAKE_PREFIX_PATH=${CMAKE_PREFIX_PATH}:/home/abhilash-ts434/Documents/ros2_ws/install/my_py_pkg:/opt/ros/humble /usr/bin/cmake /home/abhilash-ts434/Documents/ros2_ws/src/my_cpp_pkg -DAMENT_CMAKE_SYMLINK_INSTALL=1 -DCMAKE_INSTALL_PREFIX=/home/abhilash-ts434/Documents/ros2_ws/install/my_cpp_pkg
[0.351s] Invoking command in '/home/abhilash-ts434/Documents/ros2_ws/build/my_cpp_pkg': CMAKE_PREFIX_PATH=${CMAKE_PREFIX_PATH}:/home/abhilash-ts434/Documents/ros2_ws/install/my_py_pkg:/opt/ros/humble /usr/bin/cmake --build /home/abhilash-ts434/Documents/ros2_ws/build/my_cpp_pkg -- -j16 -l16
[0.378s] [35m[1mConsolidate compiler generated dependencies of target oop_node[0m
[0.378s] [35m[1mConsolidate compiler generated dependencies of target cpp_node[0m
[0.392s] [ 50%] [32m[1mLinking CXX executable cpp_node[0m
[0.392s] [ 50%] [32m[1mLinking CXX executable oop_node[0m
[0.479s] [ 75%] Built target cpp_node
[0.481s] [100%] Built target oop_node
[0.488s] Invoked command in '/home/abhilash-ts434/Documents/ros2_ws/build/my_cpp_pkg' returned '0': CMAKE_PREFIX_PATH=${CMAKE_PREFIX_PATH}:/home/abhilash-ts434/Documents/ros2_ws/install/my_py_pkg:/opt/ros/humble /usr/bin/cmake --build /home/abhilash-ts434/Documents/ros2_ws/build/my_cpp_pkg -- -j16 -l16
[0.495s] Invoking command in '/home/abhilash-ts434/Documents/ros2_ws/build/my_cpp_pkg': CMAKE_PREFIX_PATH=${CMAKE_PREFIX_PATH}:/home/abhilash-ts434/Documents/ros2_ws/install/my_py_pkg:/opt/ros/humble /usr/bin/cmake --install /home/abhilash-ts434/Documents/ros2_ws/build/my_cpp_pkg
[0.500s] -- Install configuration: ""
[0.500s] -- Execute custom install script
[0.500s] -- Symlinking: /home/abhilash-ts434/Documents/ros2_ws/install/my_cpp_pkg/lib/my_cpp_pkg/cpp_node
[0.507s] -- Symlinking: /home/abhilash-ts434/Documents/ros2_ws/install/my_cpp_pkg/lib/my_cpp_pkg/oop_node
[0.513s] -- Symlinking: /home/abhilash-ts434/Documents/ros2_ws/install/my_cpp_pkg/share/ament_index/resource_index/package_run_dependencies/my_cpp_pkg
[0.519s] -- Symlinking: /home/abhilash-ts434/Documents/ros2_ws/install/my_cpp_pkg/share/ament_index/resource_index/parent_prefix_path/my_cpp_pkg
[0.524s] -- Symlinking: /home/abhilash-ts434/Documents/ros2_ws/install/my_cpp_pkg/share/my_cpp_pkg/environment/ament_prefix_path.sh
[0.530s] -- Symlinking: /home/abhilash-ts434/Documents/ros2_ws/install/my_cpp_pkg/share/my_cpp_pkg/environment/ament_prefix_path.dsv
[0.536s] -- Symlinking: /home/abhilash-ts434/Documents/ros2_ws/install/my_cpp_pkg/share/my_cpp_pkg/environment/path.sh
[0.541s] -- Symlinking: /home/abhilash-ts434/Documents/ros2_ws/install/my_cpp_pkg/share/my_cpp_pkg/environment/path.dsv
[0.547s] -- Symlinking: /home/abhilash-ts434/Documents/ros2_ws/install/my_cpp_pkg/share/my_cpp_pkg/local_setup.bash
[0.553s] -- Symlinking: /home/abhilash-ts434/Documents/ros2_ws/install/my_cpp_pkg/share/my_cpp_pkg/local_setup.sh
[0.558s] -- Symlinking: /home/abhilash-ts434/Documents/ros2_ws/install/my_cpp_pkg/share/my_cpp_pkg/local_setup.zsh
[0.563s] -- Symlinking: /home/abhilash-ts434/Documents/ros2_ws/install/my_cpp_pkg/share/my_cpp_pkg/local_setup.dsv
[0.569s] -- Symlinking: /home/abhilash-ts434/Documents/ros2_ws/install/my_cpp_pkg/share/my_cpp_pkg/package.dsv
[0.575s] -- Symlinking: /home/abhilash-ts434/Documents/ros2_ws/install/my_cpp_pkg/share/ament_index/resource_index/packages/my_cpp_pkg
[0.581s] -- Symlinking: /home/abhilash-ts434/Documents/ros2_ws/install/my_cpp_pkg/share/my_cpp_pkg/cmake/my_cpp_pkgConfig.cmake
[0.586s] -- Symlinking: /home/abhilash-ts434/Documents/ros2_ws/install/my_cpp_pkg/share/my_cpp_pkg/cmake/my_cpp_pkgConfig-version.cmake
[0.591s] -- Symlinking: /home/abhilash-ts434/Documents/ros2_ws/install/my_cpp_pkg/share/my_cpp_pkg/package.xml
[0.598s] Invoked command in '/home/abhilash-ts434/Documents/ros2_ws/build/my_cpp_pkg' returned '0': CMAKE_PREFIX_PATH=${CMAKE_PREFIX_PATH}:/home/abhilash-ts434/Documents/ros2_ws/install/my_py_pkg:/opt/ros/humble /usr/bin/cmake --install /home/abhilash-ts434/Documents/ros2_ws/build/my_cpp_pkg
