[0.013s] Invoking command in '/home/abhilash-ts434/Documents/ros2_ws/src/build/my_cpp_pkg': CMAKE_PREFIX_PATH=${CMAKE_PREFIX_PATH}:/home/abhilash-ts434/Documents/ros2_ws/install/my_py_pkg:/opt/ros/humble /usr/bin/cmake /home/abhilash-ts434/Documents/ros2_ws/src/my_cpp_pkg -DCMAKE_INSTALL_PREFIX=/home/abhilash-ts434/Documents/ros2_ws/src/install/my_cpp_pkg
[0.024s] -- Found ament_cmake: 1.3.11 (/opt/ros/humble/share/ament_cmake/cmake)
[0.113s] -- Override CMake install command with custom implementation using symlinks instead of copying resources
[0.119s] -- Found rclcpp: 16.0.11 (/opt/ros/humble/share/rclcpp/cmake)
[0.144s] -- Found rosidl_generator_c: 3.1.6 (/opt/ros/humble/share/rosidl_generator_c/cmake)
[0.145s] -- Found rosidl_adapter: 3.1.6 (/opt/ros/humble/share/rosidl_adapter/cmake)
[0.149s] -- Found rosidl_generator_cpp: 3.1.6 (/opt/ros/humble/share/rosidl_generator_cpp/cmake)
[0.157s] -- Using all available rosidl_typesupport_c: rosidl_typesupport_fastrtps_c;rosidl_typesupport_introspection_c
[0.168s] -- Using all available rosidl_typesupport_cpp: rosidl_typesupport_fastrtps_cpp;rosidl_typesupport_introspection_cpp
[0.200s] -- Found rmw_implementation_cmake: 6.1.2 (/opt/ros/humble/share/rmw_implementation_cmake/cmake)
[0.201s] -- Found rmw_fastrtps_cpp: 6.2.7 (/opt/ros/humble/share/rmw_fastrtps_cpp/cmake)
[0.281s] -- Using RMW implementation 'rmw_fastrtps_cpp' as default
[0.371s] -- Configuring done
[0.373s] [33mCMake Warning (dev) at CMakeLists.txt:12 (add_executable):
[0.373s]   Policy CMP0115 is not set: Source file extensions must be explicit.  Run
[0.373s]   "cmake --help-policy CMP0115" for policy details.  Use the cmake_policy
[0.373s]   command to set the policy and suppress this warning.
[0.373s] 
[0.373s]   File:
[0.373s] 
[0.373s]     /home/abhilash-ts434/Documents/ros2_ws/src/my_cpp_pkg/src/first_cpp_node.cpp
[0.373s] This warning is for project developers.  Use -Wno-dev to suppress it.
[0.373s] [0m
[0.373s] [33mCMake Warning (dev) at CMakeLists.txt:13 (add_executable):
[0.373s]   Policy CMP0115 is not set: Source file extensions must be explicit.  Run
[0.373s]   "cmake --help-policy CMP0115" for policy details.  Use the cmake_policy
[0.373s]   command to set the policy and suppress this warning.
[0.373s] 
[0.373s]   File:
[0.373s] 
[0.373s]     /home/abhilash-ts434/Documents/ros2_ws/src/my_cpp_pkg/src/oop_cpp_node.cpp
[0.373s] This warning is for project developers.  Use -Wno-dev to suppress it.
[0.374s] [0m
[0.384s] -- Generating done
[0.389s] -- Build files have been written to: /home/abhilash-ts434/Documents/ros2_ws/src/build/my_cpp_pkg
[0.397s] Invoked command in '/home/abhilash-ts434/Documents/ros2_ws/src/build/my_cpp_pkg' returned '0': CMAKE_PREFIX_PATH=${CMAKE_PREFIX_PATH}:/home/abhilash-ts434/Documents/ros2_ws/install/my_py_pkg:/opt/ros/humble /usr/bin/cmake /home/abhilash-ts434/Documents/ros2_ws/src/my_cpp_pkg -DCMAKE_INSTALL_PREFIX=/home/abhilash-ts434/Documents/ros2_ws/src/install/my_cpp_pkg
[0.398s] Invoking command in '/home/abhilash-ts434/Documents/ros2_ws/src/build/my_cpp_pkg': CMAKE_PREFIX_PATH=${CMAKE_PREFIX_PATH}:/home/abhilash-ts434/Documents/ros2_ws/install/my_py_pkg:/opt/ros/humble /usr/bin/cmake --build /home/abhilash-ts434/Documents/ros2_ws/src/build/my_cpp_pkg -- -j16 -l16
[0.434s] [35m[1mConsolidate compiler generated dependencies of target oop_node[0m
[0.434s] [35m[1mConsolidate compiler generated dependencies of target cpp_node[0m
[0.449s] [100%] Built target oop_node
[0.449s] [100%] Built target cpp_node
[0.459s] Invoked command in '/home/abhilash-ts434/Documents/ros2_ws/src/build/my_cpp_pkg' returned '0': CMAKE_PREFIX_PATH=${CMAKE_PREFIX_PATH}:/home/abhilash-ts434/Documents/ros2_ws/install/my_py_pkg:/opt/ros/humble /usr/bin/cmake --build /home/abhilash-ts434/Documents/ros2_ws/src/build/my_cpp_pkg -- -j16 -l16
[0.461s] Invoking command in '/home/abhilash-ts434/Documents/ros2_ws/src/build/my_cpp_pkg': CMAKE_PREFIX_PATH=${CMAKE_PREFIX_PATH}:/home/abhilash-ts434/Documents/ros2_ws/install/my_py_pkg:/opt/ros/humble /usr/bin/cmake --install /home/abhilash-ts434/Documents/ros2_ws/src/build/my_cpp_pkg
[0.467s] -- Install configuration: ""
[0.467s] -- Execute custom install script
[0.467s] -- Up-to-date symlink: /home/abhilash-ts434/Documents/ros2_ws/src/install/my_cpp_pkg/lib/my_cpp_pkg/cpp_node
[0.467s] -- Up-to-date symlink: /home/abhilash-ts434/Documents/ros2_ws/src/install/my_cpp_pkg/lib/my_cpp_pkg/oop_node
[0.468s] -- Up-to-date symlink: /home/abhilash-ts434/Documents/ros2_ws/src/install/my_cpp_pkg/share/ament_index/resource_index/package_run_dependencies/my_cpp_pkg
[0.468s] -- Up-to-date symlink: /home/abhilash-ts434/Documents/ros2_ws/src/install/my_cpp_pkg/share/ament_index/resource_index/parent_prefix_path/my_cpp_pkg
[0.468s] -- Up-to-date symlink: /home/abhilash-ts434/Documents/ros2_ws/src/install/my_cpp_pkg/share/my_cpp_pkg/environment/ament_prefix_path.sh
[0.468s] -- Up-to-date symlink: /home/abhilash-ts434/Documents/ros2_ws/src/install/my_cpp_pkg/share/my_cpp_pkg/environment/ament_prefix_path.dsv
[0.468s] -- Up-to-date symlink: /home/abhilash-ts434/Documents/ros2_ws/src/install/my_cpp_pkg/share/my_cpp_pkg/environment/path.sh
[0.468s] -- Up-to-date symlink: /home/abhilash-ts434/Documents/ros2_ws/src/install/my_cpp_pkg/share/my_cpp_pkg/environment/path.dsv
[0.468s] -- Up-to-date symlink: /home/abhilash-ts434/Documents/ros2_ws/src/install/my_cpp_pkg/share/my_cpp_pkg/local_setup.bash
[0.469s] -- Up-to-date symlink: /home/abhilash-ts434/Documents/ros2_ws/src/install/my_cpp_pkg/share/my_cpp_pkg/local_setup.sh
[0.469s] -- Up-to-date symlink: /home/abhilash-ts434/Documents/ros2_ws/src/install/my_cpp_pkg/share/my_cpp_pkg/local_setup.zsh
[0.469s] -- Up-to-date symlink: /home/abhilash-ts434/Documents/ros2_ws/src/install/my_cpp_pkg/share/my_cpp_pkg/local_setup.dsv
[0.469s] -- Symlinking: /home/abhilash-ts434/Documents/ros2_ws/src/install/my_cpp_pkg/share/my_cpp_pkg/package.dsv
[0.477s] -- Up-to-date symlink: /home/abhilash-ts434/Documents/ros2_ws/src/install/my_cpp_pkg/share/ament_index/resource_index/packages/my_cpp_pkg
[0.477s] -- Up-to-date symlink: /home/abhilash-ts434/Documents/ros2_ws/src/install/my_cpp_pkg/share/my_cpp_pkg/cmake/my_cpp_pkgConfig.cmake
[0.477s] -- Up-to-date symlink: /home/abhilash-ts434/Documents/ros2_ws/src/install/my_cpp_pkg/share/my_cpp_pkg/cmake/my_cpp_pkgConfig-version.cmake
[0.477s] -- Up-to-date symlink: /home/abhilash-ts434/Documents/ros2_ws/src/install/my_cpp_pkg/share/my_cpp_pkg/package.xml
[0.479s] Invoked command in '/home/abhilash-ts434/Documents/ros2_ws/src/build/my_cpp_pkg' returned '0': CMAKE_PREFIX_PATH=${CMAKE_PREFIX_PATH}:/home/abhilash-ts434/Documents/ros2_ws/install/my_py_pkg:/opt/ros/humble /usr/bin/cmake --install /home/abhilash-ts434/Documents/ros2_ws/src/build/my_cpp_pkg
