[0.008s] Invoking command in '/home/abhilash-ts434/Documents/ros2_ws/build/my_robot_interfaces': CMAKE_PREFIX_PATH=${CMAKE_PREFIX_PATH}:/home/abhilash-ts434/Documents/ros2_ws/install/my_py_pkg:/opt/ros/humble /usr/bin/cmake --build /home/abhilash-ts434/Documents/ros2_ws/build/my_robot_interfaces -- -j16 -l16
[0.024s] -- Found ament_cmake: 1.3.11 (/opt/ros/humble/share/ament_cmake/cmake)
[0.110s] -- Found rosidl_default_generators: 1.2.0 (/opt/ros/humble/share/rosidl_default_generators/cmake)
[0.111s] -- Using all available rosidl_typesupport_c: rosidl_typesupport_fastrtps_c;rosidl_typesupport_introspection_c
[0.112s] -- Found rosidl_adapter: 3.1.6 (/opt/ros/humble/share/rosidl_adapter/cmake)
[0.130s] -- Using all available rosidl_typesupport_cpp: rosidl_typesupport_fastrtps_cpp;rosidl_typesupport_introspection_cpp
[0.300s] -- Found ament_cmake_ros: 0.10.0 (/opt/ros/humble/share/ament_cmake_ros/cmake)
[0.416s] -- Using all available rosidl_typesupport_c: rosidl_typesupport_fastrtps_c;rosidl_typesupport_introspection_c
[0.562s] -- Using all available rosidl_typesupport_cpp: rosidl_typesupport_fastrtps_cpp;rosidl_typesupport_introspection_cpp
[0.577s] -- Found python_cmake_module: 0.10.0 (/opt/ros/humble/share/python_cmake_module/cmake)
[0.591s] -- Using PYTHON_EXECUTABLE: /usr/bin/python3
[0.591s] -- Using PYTHON_INCLUDE_DIRS: /usr/include/python3.10
[0.591s] -- Using PYTHON_LIBRARIES: /usr/lib/x86_64-linux-gnu/libpython3.10.so
[0.606s] -- Configuring done
[0.630s] -- Generating done
[0.639s] -- Build files have been written to: /home/abhilash-ts434/Documents/ros2_ws/build/my_robot_interfaces
[0.654s] [  2%] [34m[1mGenerating C code for ROS interfaces[0m
[0.661s] [  5%] [34m[1mGenerating C++ code for ROS interfaces[0m
[0.667s] [  5%] Built target ament_cmake_python_copy_my_robot_interfaces
[0.833s] running egg_info
[0.833s] writing my_robot_interfaces.egg-info/PKG-INFO
[0.833s] writing dependency_links to my_robot_interfaces.egg-info/dependency_links.txt
[0.833s] writing top-level names to my_robot_interfaces.egg-info/top_level.txt
[0.835s] reading manifest file 'my_robot_interfaces.egg-info/SOURCES.txt'
[0.836s] writing manifest file 'my_robot_interfaces.egg-info/SOURCES.txt'
[0.860s] [  5%] Built target ament_cmake_python_build_my_robot_interfaces_egg
[0.861s] [35m[1mConsolidate compiler generated dependencies of target my_robot_interfaces__rosidl_generator_c[0m
[0.868s] [ 10%] [32mBuilding C object CMakeFiles/my_robot_interfaces__rosidl_generator_c.dir/rosidl_generator_c/my_robot_interfaces/srv/detail/compute_rectangle_area__functions.c.o[0m
[0.869s] [ 10%] [32mBuilding C object CMakeFiles/my_robot_interfaces__rosidl_generator_c.dir/rosidl_generator_c/my_robot_interfaces/msg/detail/hardware_status__functions.c.o[0m
[0.870s] [ 10%] Built target my_robot_interfaces__cpp
[0.877s] [ 17%] [34m[1mGenerating C++ type support for eProsima Fast-RTPS[0m
[0.877s] [ 17%] [34m[1mGenerating C++ introspection for ROS interfaces[0m
[0.877s] [ 17%] [34m[1mGenerating C++ type support dispatch for ROS interfaces[0m
[0.935s] [ 20%] [32m[1mLinking C shared library libmy_robot_interfaces__rosidl_generator_c.so[0m
[0.965s] [ 20%] Built target my_robot_interfaces__rosidl_generator_c
[0.972s] [ 25%] [34m[1mGenerating C introspection for ROS interfaces[0m
[0.972s] [ 25%] [34m[1mGenerating C type support for eProsima Fast-RTPS[0m
[0.973s] [ 28%] [34m[1mGenerating C type support dispatch for ROS interfaces[0m
[1.045s] [35m[1mConsolidate compiler generated dependencies of target my_robot_interfaces__rosidl_typesupport_cpp[0m
[1.055s] [ 33%] [32mBuilding CXX object CMakeFiles/my_robot_interfaces__rosidl_typesupport_cpp.dir/rosidl_typesupport_cpp/my_robot_interfaces/srv/compute_rectangle_area__type_support.cpp.o[0m
[1.055s] [ 33%] [32mBuilding CXX object CMakeFiles/my_robot_interfaces__rosidl_typesupport_cpp.dir/rosidl_typesupport_cpp/my_robot_interfaces/msg/hardware_status__type_support.cpp.o[0m
[1.068s] [35m[1mConsolidate compiler generated dependencies of target my_robot_interfaces__rosidl_typesupport_introspection_cpp[0m
[1.080s] [ 35%] [32mBuilding CXX object CMakeFiles/my_robot_interfaces__rosidl_typesupport_introspection_cpp.dir/rosidl_typesupport_introspection_cpp/my_robot_interfaces/srv/detail/compute_rectangle_area__type_support.cpp.o[0m
[1.081s] [ 38%] [32mBuilding CXX object CMakeFiles/my_robot_interfaces__rosidl_typesupport_introspection_cpp.dir/rosidl_typesupport_introspection_cpp/my_robot_interfaces/msg/detail/hardware_status__type_support.cpp.o[0m
[1.091s] [35m[1mConsolidate compiler generated dependencies of target my_robot_interfaces__rosidl_typesupport_fastrtps_cpp[0m
[1.102s] [ 41%] [32mBuilding CXX object CMakeFiles/my_robot_interfaces__rosidl_typesupport_fastrtps_cpp.dir/rosidl_typesupport_fastrtps_cpp/my_robot_interfaces/srv/detail/dds_fastrtps/compute_rectangle_area__type_support.cpp.o[0m
[1.103s] [ 43%] [32mBuilding CXX object CMakeFiles/my_robot_interfaces__rosidl_typesupport_fastrtps_cpp.dir/rosidl_typesupport_fastrtps_cpp/my_robot_interfaces/msg/detail/dds_fastrtps/hardware_status__type_support.cpp.o[0m
[1.179s] [35m[1mConsolidate compiler generated dependencies of target my_robot_interfaces__rosidl_typesupport_c[0m
[1.188s] [ 46%] [32mBuilding CXX object CMakeFiles/my_robot_interfaces__rosidl_typesupport_c.dir/rosidl_typesupport_c/my_robot_interfaces/msg/hardware_status__type_support.cpp.o[0m
[1.189s] [ 48%] [32mBuilding CXX object CMakeFiles/my_robot_interfaces__rosidl_typesupport_c.dir/rosidl_typesupport_c/my_robot_interfaces/srv/compute_rectangle_area__type_support.cpp.o[0m
[1.191s] [35m[1mConsolidate compiler generated dependencies of target my_robot_interfaces__rosidl_typesupport_introspection_c[0m
[1.203s] [ 51%] [32mBuilding C object CMakeFiles/my_robot_interfaces__rosidl_typesupport_introspection_c.dir/rosidl_typesupport_introspection_c/my_robot_interfaces/srv/detail/compute_rectangle_area__type_support.c.o[0m
[1.203s] [ 53%] [32mBuilding C object CMakeFiles/my_robot_interfaces__rosidl_typesupport_introspection_c.dir/rosidl_typesupport_introspection_c/my_robot_interfaces/msg/detail/hardware_status__type_support.c.o[0m
[1.219s] [ 56%] [32m[1mLinking CXX shared library libmy_robot_interfaces__rosidl_typesupport_c.so[0m
[1.235s] [ 58%] [32m[1mLinking C shared library libmy_robot_interfaces__rosidl_typesupport_introspection_c.so[0m
[1.242s] [35m[1mConsolidate compiler generated dependencies of target my_robot_interfaces__rosidl_typesupport_fastrtps_c[0m
[1.256s] [ 64%] [32mBuilding CXX object CMakeFiles/my_robot_interfaces__rosidl_typesupport_fastrtps_c.dir/rosidl_typesupport_fastrtps_c/my_robot_interfaces/msg/detail/hardware_status__type_support_c.cpp.o[0m
[1.256s] [ 64%] [32mBuilding CXX object CMakeFiles/my_robot_interfaces__rosidl_typesupport_fastrtps_c.dir/rosidl_typesupport_fastrtps_c/my_robot_interfaces/srv/detail/compute_rectangle_area__type_support_c.cpp.o[0m
[1.259s] [ 64%] Built target my_robot_interfaces__rosidl_typesupport_c
[1.262s] [ 64%] Built target my_robot_interfaces__rosidl_typesupport_introspection_c
[1.339s] [ 66%] [32m[1mLinking CXX shared library libmy_robot_interfaces__rosidl_typesupport_cpp.so[0m
[1.370s] [ 66%] Built target my_robot_interfaces__rosidl_typesupport_cpp
[1.412s] [ 69%] [32m[1mLinking CXX shared library libmy_robot_interfaces__rosidl_typesupport_fastrtps_cpp.so[0m
[1.417s] [ 71%] [32m[1mLinking CXX shared library libmy_robot_interfaces__rosidl_typesupport_introspection_cpp.so[0m
[1.461s] [ 71%] Built target my_robot_interfaces__rosidl_typesupport_introspection_cpp
[1.462s] [ 71%] Built target my_robot_interfaces__rosidl_typesupport_fastrtps_cpp
[1.477s] [ 74%] [32m[1mLinking CXX shared library libmy_robot_interfaces__rosidl_typesupport_fastrtps_c.so[0m
[1.521s] [ 74%] Built target my_robot_interfaces__rosidl_typesupport_fastrtps_c
[1.534s] [ 74%] Built target my_robot_interfaces
[1.547s] [ 76%] [34m[1mGenerating Python code for ROS interfaces[0m
[1.823s] [ 76%] Built target my_robot_interfaces__py
[1.830s] [35m[1mConsolidate compiler generated dependencies of target my_robot_interfaces__rosidl_generator_py[0m
[1.839s] [ 82%] [32mBuilding C object CMakeFiles/my_robot_interfaces__rosidl_generator_py.dir/rosidl_generator_py/my_robot_interfaces/srv/_compute_rectangle_area_s.c.o[0m
[1.839s] [ 82%] [32mBuilding C object CMakeFiles/my_robot_interfaces__rosidl_generator_py.dir/rosidl_generator_py/my_robot_interfaces/msg/_hardware_status_s.c.o[0m
[1.925s] [ 84%] [32m[1mLinking C shared library rosidl_generator_py/my_robot_interfaces/libmy_robot_interfaces__rosidl_generator_py.so[0m
[1.951s] [ 84%] Built target my_robot_interfaces__rosidl_generator_py
[1.958s] [35m[1mConsolidate compiler generated dependencies of target my_robot_interfaces__rosidl_typesupport_fastrtps_c__pyext[0m
[1.958s] [35m[1mConsolidate compiler generated dependencies of target my_robot_interfaces__rosidl_typesupport_c__pyext[0m
[1.958s] [35m[1mConsolidate compiler generated dependencies of target my_robot_interfaces__rosidl_typesupport_introspection_c__pyext[0m
[1.968s] [ 92%] [32mBuilding C object CMakeFiles/my_robot_interfaces__rosidl_typesupport_introspection_c__pyext.dir/rosidl_generator_py/my_robot_interfaces/_my_robot_interfaces_s.ep.rosidl_typesupport_introspection_c.c.o[0m
[1.968s] [ 92%] [32mBuilding C object CMakeFiles/my_robot_interfaces__rosidl_typesupport_fastrtps_c__pyext.dir/rosidl_generator_py/my_robot_interfaces/_my_robot_interfaces_s.ep.rosidl_typesupport_fastrtps_c.c.o[0m
[1.968s] [ 92%] [32mBuilding C object CMakeFiles/my_robot_interfaces__rosidl_typesupport_c__pyext.dir/rosidl_generator_py/my_robot_interfaces/_my_robot_interfaces_s.ep.rosidl_typesupport_c.c.o[0m
[2.030s] [ 97%] [32m[1mLinking C shared library rosidl_generator_py/my_robot_interfaces/my_robot_interfaces_s__rosidl_typesupport_introspection_c.cpython-310-x86_64-linux-gnu.so[0m
[2.030s] [ 97%] [32m[1mLinking C shared library rosidl_generator_py/my_robot_interfaces/my_robot_interfaces_s__rosidl_typesupport_c.cpython-310-x86_64-linux-gnu.so[0m
[2.031s] [100%] [32m[1mLinking C shared library rosidl_generator_py/my_robot_interfaces/my_robot_interfaces_s__rosidl_typesupport_fastrtps_c.cpython-310-x86_64-linux-gnu.so[0m
[2.052s] [100%] Built target my_robot_interfaces__rosidl_typesupport_introspection_c__pyext
[2.052s] [100%] Built target my_robot_interfaces__rosidl_typesupport_c__pyext
[2.053s] [100%] Built target my_robot_interfaces__rosidl_typesupport_fastrtps_c__pyext
[2.061s] Invoked command in '/home/abhilash-ts434/Documents/ros2_ws/build/my_robot_interfaces' returned '0': CMAKE_PREFIX_PATH=${CMAKE_PREFIX_PATH}:/home/abhilash-ts434/Documents/ros2_ws/install/my_py_pkg:/opt/ros/humble /usr/bin/cmake --build /home/abhilash-ts434/Documents/ros2_ws/build/my_robot_interfaces -- -j16 -l16
[2.062s] Invoking command in '/home/abhilash-ts434/Documents/ros2_ws/build/my_robot_interfaces': CMAKE_PREFIX_PATH=${CMAKE_PREFIX_PATH}:/home/abhilash-ts434/Documents/ros2_ws/install/my_py_pkg:/opt/ros/humble /usr/bin/cmake --install /home/abhilash-ts434/Documents/ros2_ws/build/my_robot_interfaces
[2.067s] -- Install configuration: ""
[2.067s] -- Installing: /home/abhilash-ts434/Documents/ros2_ws/install/my_robot_interfaces/share/ament_index/resource_index/rosidl_interfaces/my_robot_interfaces
[2.067s] -- Up-to-date: /home/abhilash-ts434/Documents/ros2_ws/install/my_robot_interfaces/include/my_robot_interfaces/my_robot_interfaces
[2.067s] -- Installing: /home/abhilash-ts434/Documents/ros2_ws/install/my_robot_interfaces/include/my_robot_interfaces/my_robot_interfaces/srv
[2.067s] -- Installing: /home/abhilash-ts434/Documents/ros2_ws/install/my_robot_interfaces/include/my_robot_interfaces/my_robot_interfaces/srv/detail
[2.067s] -- Installing: /home/abhilash-ts434/Documents/ros2_ws/install/my_robot_interfaces/include/my_robot_interfaces/my_robot_interfaces/srv/detail/compute_rectangle_area__functions.h
[2.068s] -- Installing: /home/abhilash-ts434/Documents/ros2_ws/install/my_robot_interfaces/include/my_robot_interfaces/my_robot_interfaces/srv/detail/compute_rectangle_area__struct.h
[2.068s] -- Installing: /home/abhilash-ts434/Documents/ros2_ws/install/my_robot_interfaces/include/my_robot_interfaces/my_robot_interfaces/srv/detail/compute_rectangle_area__type_support.h
[2.068s] -- Installing: /home/abhilash-ts434/Documents/ros2_ws/install/my_robot_interfaces/include/my_robot_interfaces/my_robot_interfaces/srv/detail/compute_rectangle_area__functions.c
[2.068s] -- Installing: /home/abhilash-ts434/Documents/ros2_ws/install/my_robot_interfaces/include/my_robot_interfaces/my_robot_interfaces/srv/compute_rectangle_area.h
[2.068s] -- Up-to-date: /home/abhilash-ts434/Documents/ros2_ws/install/my_robot_interfaces/include/my_robot_interfaces/my_robot_interfaces/msg
[2.068s] -- Up-to-date: /home/abhilash-ts434/Documents/ros2_ws/install/my_robot_interfaces/include/my_robot_interfaces/my_robot_interfaces/msg/detail
[2.068s] -- Installing: /home/abhilash-ts434/Documents/ros2_ws/install/my_robot_interfaces/include/my_robot_interfaces/my_robot_interfaces/msg/detail/hardware_status__struct.h
[2.068s] -- Installing: /home/abhilash-ts434/Documents/ros2_ws/install/my_robot_interfaces/include/my_robot_interfaces/my_robot_interfaces/msg/detail/hardware_status__functions.h
[2.068s] -- Installing: /home/abhilash-ts434/Documents/ros2_ws/install/my_robot_interfaces/include/my_robot_interfaces/my_robot_interfaces/msg/detail/hardware_status__functions.c
[2.068s] -- Installing: /home/abhilash-ts434/Documents/ros2_ws/install/my_robot_interfaces/include/my_robot_interfaces/my_robot_interfaces/msg/detail/hardware_status__type_support.h
[2.068s] -- Up-to-date: /home/abhilash-ts434/Documents/ros2_ws/install/my_robot_interfaces/include/my_robot_interfaces/my_robot_interfaces/msg/rosidl_generator_c__visibility_control.h
[2.068s] -- Installing: /home/abhilash-ts434/Documents/ros2_ws/install/my_robot_interfaces/include/my_robot_interfaces/my_robot_interfaces/msg/hardware_status.h
[2.069s] -- Up-to-date: /home/abhilash-ts434/Documents/ros2_ws/install/my_robot_interfaces/share/my_robot_interfaces/environment/library_path.sh
[2.069s] -- Installing: /home/abhilash-ts434/Documents/ros2_ws/install/my_robot_interfaces/share/my_robot_interfaces/environment/library_path.dsv
[2.069s] -- Installing: /home/abhilash-ts434/Documents/ros2_ws/install/my_robot_interfaces/lib/libmy_robot_interfaces__rosidl_generator_c.so
[2.069s] -- Set runtime path of "/home/abhilash-ts434/Documents/ros2_ws/install/my_robot_interfaces/lib/libmy_robot_interfaces__rosidl_generator_c.so" to ""
[2.069s] -- Up-to-date: /home/abhilash-ts434/Documents/ros2_ws/install/my_robot_interfaces/include/my_robot_interfaces/my_robot_interfaces
[2.069s] -- Up-to-date: /home/abhilash-ts434/Documents/ros2_ws/install/my_robot_interfaces/include/my_robot_interfaces/my_robot_interfaces/srv
[2.069s] -- Up-to-date: /home/abhilash-ts434/Documents/ros2_ws/install/my_robot_interfaces/include/my_robot_interfaces/my_robot_interfaces/srv/detail
[2.069s] -- Installing: /home/abhilash-ts434/Documents/ros2_ws/install/my_robot_interfaces/include/my_robot_interfaces/my_robot_interfaces/srv/detail/compute_rectangle_area__rosidl_typesupport_fastrtps_c.h
[2.069s] -- Up-to-date: /home/abhilash-ts434/Documents/ros2_ws/install/my_robot_interfaces/include/my_robot_interfaces/my_robot_interfaces/msg
[2.070s] -- Up-to-date: /home/abhilash-ts434/Documents/ros2_ws/install/my_robot_interfaces/include/my_robot_interfaces/my_robot_interfaces/msg/detail
[2.070s] -- Installing: /home/abhilash-ts434/Documents/ros2_ws/install/my_robot_interfaces/include/my_robot_interfaces/my_robot_interfaces/msg/detail/hardware_status__rosidl_typesupport_fastrtps_c.h
[2.070s] -- Up-to-date: /home/abhilash-ts434/Documents/ros2_ws/install/my_robot_interfaces/include/my_robot_interfaces/my_robot_interfaces/msg/rosidl_typesupport_fastrtps_c__visibility_control.h
[2.070s] -- Installing: /home/abhilash-ts434/Documents/ros2_ws/install/my_robot_interfaces/lib/libmy_robot_interfaces__rosidl_typesupport_fastrtps_c.so
[2.070s] -- Set runtime path of "/home/abhilash-ts434/Documents/ros2_ws/install/my_robot_interfaces/lib/libmy_robot_interfaces__rosidl_typesupport_fastrtps_c.so" to ""
[2.070s] -- Up-to-date: /home/abhilash-ts434/Documents/ros2_ws/install/my_robot_interfaces/include/my_robot_interfaces/my_robot_interfaces
[2.070s] -- Up-to-date: /home/abhilash-ts434/Documents/ros2_ws/install/my_robot_interfaces/include/my_robot_interfaces/my_robot_interfaces/srv
[2.070s] -- Up-to-date: /home/abhilash-ts434/Documents/ros2_ws/install/my_robot_interfaces/include/my_robot_interfaces/my_robot_interfaces/srv/detail
[2.070s] -- Installing: /home/abhilash-ts434/Documents/ros2_ws/install/my_robot_interfaces/include/my_robot_interfaces/my_robot_interfaces/srv/detail/compute_rectangle_area__type_support.c
[2.070s] -- Installing: /home/abhilash-ts434/Documents/ros2_ws/install/my_robot_interfaces/include/my_robot_interfaces/my_robot_interfaces/srv/detail/compute_rectangle_area__rosidl_typesupport_introspection_c.h
[2.070s] -- Up-to-date: /home/abhilash-ts434/Documents/ros2_ws/install/my_robot_interfaces/include/my_robot_interfaces/my_robot_interfaces/msg
[2.070s] -- Up-to-date: /home/abhilash-ts434/Documents/ros2_ws/install/my_robot_interfaces/include/my_robot_interfaces/my_robot_interfaces/msg/rosidl_typesupport_introspection_c__visibility_control.h
[2.070s] -- Up-to-date: /home/abhilash-ts434/Documents/ros2_ws/install/my_robot_interfaces/include/my_robot_interfaces/my_robot_interfaces/msg/detail
[2.071s] -- Installing: /home/abhilash-ts434/Documents/ros2_ws/install/my_robot_interfaces/include/my_robot_interfaces/my_robot_interfaces/msg/detail/hardware_status__rosidl_typesupport_introspection_c.h
[2.071s] -- Installing: /home/abhilash-ts434/Documents/ros2_ws/install/my_robot_interfaces/include/my_robot_interfaces/my_robot_interfaces/msg/detail/hardware_status__type_support.c
[2.071s] -- Installing: /home/abhilash-ts434/Documents/ros2_ws/install/my_robot_interfaces/lib/libmy_robot_interfaces__rosidl_typesupport_introspection_c.so
[2.071s] -- Set runtime path of "/home/abhilash-ts434/Documents/ros2_ws/install/my_robot_interfaces/lib/libmy_robot_interfaces__rosidl_typesupport_introspection_c.so" to ""
[2.071s] -- Installing: /home/abhilash-ts434/Documents/ros2_ws/install/my_robot_interfaces/lib/libmy_robot_interfaces__rosidl_typesupport_c.so
[2.071s] -- Set runtime path of "/home/abhilash-ts434/Documents/ros2_ws/install/my_robot_interfaces/lib/libmy_robot_interfaces__rosidl_typesupport_c.so" to ""
[2.071s] -- Up-to-date: /home/abhilash-ts434/Documents/ros2_ws/install/my_robot_interfaces/include/my_robot_interfaces/my_robot_interfaces
[2.071s] -- Up-to-date: /home/abhilash-ts434/Documents/ros2_ws/install/my_robot_interfaces/include/my_robot_interfaces/my_robot_interfaces/srv
[2.071s] -- Up-to-date: /home/abhilash-ts434/Documents/ros2_ws/install/my_robot_interfaces/include/my_robot_interfaces/my_robot_interfaces/srv/detail
[2.071s] -- Installing: /home/abhilash-ts434/Documents/ros2_ws/install/my_robot_interfaces/include/my_robot_interfaces/my_robot_interfaces/srv/detail/compute_rectangle_area__traits.hpp
[2.072s] -- Installing: /home/abhilash-ts434/Documents/ros2_ws/install/my_robot_interfaces/include/my_robot_interfaces/my_robot_interfaces/srv/detail/compute_rectangle_area__struct.hpp
[2.072s] -- Installing: /home/abhilash-ts434/Documents/ros2_ws/install/my_robot_interfaces/include/my_robot_interfaces/my_robot_interfaces/srv/detail/compute_rectangle_area__type_support.hpp
[2.072s] -- Installing: /home/abhilash-ts434/Documents/ros2_ws/install/my_robot_interfaces/include/my_robot_interfaces/my_robot_interfaces/srv/detail/compute_rectangle_area__builder.hpp
[2.072s] -- Installing: /home/abhilash-ts434/Documents/ros2_ws/install/my_robot_interfaces/include/my_robot_interfaces/my_robot_interfaces/srv/compute_rectangle_area.hpp
[2.072s] -- Up-to-date: /home/abhilash-ts434/Documents/ros2_ws/install/my_robot_interfaces/include/my_robot_interfaces/my_robot_interfaces/msg
[2.072s] -- Up-to-date: /home/abhilash-ts434/Documents/ros2_ws/install/my_robot_interfaces/include/my_robot_interfaces/my_robot_interfaces/msg/detail
[2.072s] -- Installing: /home/abhilash-ts434/Documents/ros2_ws/install/my_robot_interfaces/include/my_robot_interfaces/my_robot_interfaces/msg/detail/hardware_status__type_support.hpp
[2.072s] -- Installing: /home/abhilash-ts434/Documents/ros2_ws/install/my_robot_interfaces/include/my_robot_interfaces/my_robot_interfaces/msg/detail/hardware_status__traits.hpp
[2.072s] -- Installing: /home/abhilash-ts434/Documents/ros2_ws/install/my_robot_interfaces/include/my_robot_interfaces/my_robot_interfaces/msg/detail/hardware_status__builder.hpp
[2.072s] -- Installing: /home/abhilash-ts434/Documents/ros2_ws/install/my_robot_interfaces/include/my_robot_interfaces/my_robot_interfaces/msg/detail/hardware_status__struct.hpp
[2.072s] -- Installing: /home/abhilash-ts434/Documents/ros2_ws/install/my_robot_interfaces/include/my_robot_interfaces/my_robot_interfaces/msg/hardware_status.hpp
[2.072s] -- Up-to-date: /home/abhilash-ts434/Documents/ros2_ws/install/my_robot_interfaces/include/my_robot_interfaces/my_robot_interfaces/msg/rosidl_generator_cpp__visibility_control.hpp
[2.072s] -- Up-to-date: /home/abhilash-ts434/Documents/ros2_ws/install/my_robot_interfaces/include/my_robot_interfaces/my_robot_interfaces
[2.073s] -- Up-to-date: /home/abhilash-ts434/Documents/ros2_ws/install/my_robot_interfaces/include/my_robot_interfaces/my_robot_interfaces/srv
[2.073s] -- Up-to-date: /home/abhilash-ts434/Documents/ros2_ws/install/my_robot_interfaces/include/my_robot_interfaces/my_robot_interfaces/srv/detail
[2.073s] -- Installing: /home/abhilash-ts434/Documents/ros2_ws/install/my_robot_interfaces/include/my_robot_interfaces/my_robot_interfaces/srv/detail/dds_fastrtps
[2.073s] -- Installing: /home/abhilash-ts434/Documents/ros2_ws/install/my_robot_interfaces/include/my_robot_interfaces/my_robot_interfaces/srv/detail/compute_rectangle_area__rosidl_typesupport_fastrtps_cpp.hpp
[2.073s] -- Up-to-date: /home/abhilash-ts434/Documents/ros2_ws/install/my_robot_interfaces/include/my_robot_interfaces/my_robot_interfaces/msg
[2.073s] -- Up-to-date: /home/abhilash-ts434/Documents/ros2_ws/install/my_robot_interfaces/include/my_robot_interfaces/my_robot_interfaces/msg/rosidl_typesupport_fastrtps_cpp__visibility_control.h
[2.073s] -- Up-to-date: /home/abhilash-ts434/Documents/ros2_ws/install/my_robot_interfaces/include/my_robot_interfaces/my_robot_interfaces/msg/detail
[2.073s] -- Up-to-date: /home/abhilash-ts434/Documents/ros2_ws/install/my_robot_interfaces/include/my_robot_interfaces/my_robot_interfaces/msg/detail/dds_fastrtps
[2.073s] -- Installing: /home/abhilash-ts434/Documents/ros2_ws/install/my_robot_interfaces/include/my_robot_interfaces/my_robot_interfaces/msg/detail/hardware_status__rosidl_typesupport_fastrtps_cpp.hpp
[2.073s] -- Installing: /home/abhilash-ts434/Documents/ros2_ws/install/my_robot_interfaces/lib/libmy_robot_interfaces__rosidl_typesupport_fastrtps_cpp.so
[2.073s] -- Set runtime path of "/home/abhilash-ts434/Documents/ros2_ws/install/my_robot_interfaces/lib/libmy_robot_interfaces__rosidl_typesupport_fastrtps_cpp.so" to ""
[2.073s] -- Up-to-date: /home/abhilash-ts434/Documents/ros2_ws/install/my_robot_interfaces/include/my_robot_interfaces/my_robot_interfaces
[2.073s] -- Up-to-date: /home/abhilash-ts434/Documents/ros2_ws/install/my_robot_interfaces/include/my_robot_interfaces/my_robot_interfaces/srv
[2.073s] -- Up-to-date: /home/abhilash-ts434/Documents/ros2_ws/install/my_robot_interfaces/include/my_robot_interfaces/my_robot_interfaces/srv/detail
[2.074s] -- Installing: /home/abhilash-ts434/Documents/ros2_ws/install/my_robot_interfaces/include/my_robot_interfaces/my_robot_interfaces/srv/detail/compute_rectangle_area__rosidl_typesupport_introspection_cpp.hpp
[2.074s] -- Installing: /home/abhilash-ts434/Documents/ros2_ws/install/my_robot_interfaces/include/my_robot_interfaces/my_robot_interfaces/srv/detail/compute_rectangle_area__type_support.cpp
[2.074s] -- Up-to-date: /home/abhilash-ts434/Documents/ros2_ws/install/my_robot_interfaces/include/my_robot_interfaces/my_robot_interfaces/msg
[2.074s] -- Up-to-date: /home/abhilash-ts434/Documents/ros2_ws/install/my_robot_interfaces/include/my_robot_interfaces/my_robot_interfaces/msg/detail
[2.074s] -- Installing: /home/abhilash-ts434/Documents/ros2_ws/install/my_robot_interfaces/include/my_robot_interfaces/my_robot_interfaces/msg/detail/hardware_status__rosidl_typesupport_introspection_cpp.hpp
[2.074s] -- Installing: /home/abhilash-ts434/Documents/ros2_ws/install/my_robot_interfaces/include/my_robot_interfaces/my_robot_interfaces/msg/detail/hardware_status__type_support.cpp
[2.074s] -- Installing: /home/abhilash-ts434/Documents/ros2_ws/install/my_robot_interfaces/lib/libmy_robot_interfaces__rosidl_typesupport_introspection_cpp.so
[2.074s] -- Set runtime path of "/home/abhilash-ts434/Documents/ros2_ws/install/my_robot_interfaces/lib/libmy_robot_interfaces__rosidl_typesupport_introspection_cpp.so" to ""
[2.074s] -- Installing: /home/abhilash-ts434/Documents/ros2_ws/install/my_robot_interfaces/lib/libmy_robot_interfaces__rosidl_typesupport_cpp.so
[2.075s] -- Set runtime path of "/home/abhilash-ts434/Documents/ros2_ws/install/my_robot_interfaces/lib/libmy_robot_interfaces__rosidl_typesupport_cpp.so" to ""
[2.075s] -- Up-to-date: /home/abhilash-ts434/Documents/ros2_ws/install/my_robot_interfaces/share/my_robot_interfaces/environment/pythonpath.sh
[2.075s] -- Installing: /home/abhilash-ts434/Documents/ros2_ws/install/my_robot_interfaces/share/my_robot_interfaces/environment/pythonpath.dsv
[2.075s] -- Up-to-date: /home/abhilash-ts434/Documents/ros2_ws/install/my_robot_interfaces/local/lib/python3.10/dist-packages/my_robot_interfaces-0.0.0-py3.10.egg-info
[2.075s] -- Installing: /home/abhilash-ts434/Documents/ros2_ws/install/my_robot_interfaces/local/lib/python3.10/dist-packages/my_robot_interfaces-0.0.0-py3.10.egg-info/dependency_links.txt
[2.075s] -- Installing: /home/abhilash-ts434/Documents/ros2_ws/install/my_robot_interfaces/local/lib/python3.10/dist-packages/my_robot_interfaces-0.0.0-py3.10.egg-info/SOURCES.txt
[2.075s] -- Installing: /home/abhilash-ts434/Documents/ros2_ws/install/my_robot_interfaces/local/lib/python3.10/dist-packages/my_robot_interfaces-0.0.0-py3.10.egg-info/top_level.txt
[2.075s] -- Installing: /home/abhilash-ts434/Documents/ros2_ws/install/my_robot_interfaces/local/lib/python3.10/dist-packages/my_robot_interfaces-0.0.0-py3.10.egg-info/PKG-INFO
[2.075s] -- Up-to-date: /home/abhilash-ts434/Documents/ros2_ws/install/my_robot_interfaces/local/lib/python3.10/dist-packages/my_robot_interfaces
[2.075s] -- Installing: /home/abhilash-ts434/Documents/ros2_ws/install/my_robot_interfaces/local/lib/python3.10/dist-packages/my_robot_interfaces/_my_robot_interfaces_s.ep.rosidl_typesupport_fastrtps_c.c
[2.075s] -- Installing: /home/abhilash-ts434/Documents/ros2_ws/install/my_robot_interfaces/local/lib/python3.10/dist-packages/my_robot_interfaces/my_robot_interfaces_s__rosidl_typesupport_fastrtps_c.cpython-310-x86_64-linux-gnu.so
[2.076s] -- Installing: /home/abhilash-ts434/Documents/ros2_ws/install/my_robot_interfaces/local/lib/python3.10/dist-packages/my_robot_interfaces/_my_robot_interfaces_s.ep.rosidl_typesupport_introspection_c.c
[2.076s] -- Installing: /home/abhilash-ts434/Documents/ros2_ws/install/my_robot_interfaces/local/lib/python3.10/dist-packages/my_robot_interfaces/libmy_robot_interfaces__rosidl_generator_py.so
[2.076s] -- Installing: /home/abhilash-ts434/Documents/ros2_ws/install/my_robot_interfaces/local/lib/python3.10/dist-packages/my_robot_interfaces/srv
[2.076s] -- Installing: /home/abhilash-ts434/Documents/ros2_ws/install/my_robot_interfaces/local/lib/python3.10/dist-packages/my_robot_interfaces/srv/_compute_rectangle_area.py
[2.076s] -- Installing: /home/abhilash-ts434/Documents/ros2_ws/install/my_robot_interfaces/local/lib/python3.10/dist-packages/my_robot_interfaces/srv/_compute_rectangle_area_s.c
[2.076s] -- Installing: /home/abhilash-ts434/Documents/ros2_ws/install/my_robot_interfaces/local/lib/python3.10/dist-packages/my_robot_interfaces/srv/__init__.py
[2.076s] -- Up-to-date: /home/abhilash-ts434/Documents/ros2_ws/install/my_robot_interfaces/local/lib/python3.10/dist-packages/my_robot_interfaces/msg
[2.076s] -- Installing: /home/abhilash-ts434/Documents/ros2_ws/install/my_robot_interfaces/local/lib/python3.10/dist-packages/my_robot_interfaces/msg/_hardware_status_s.c
[2.076s] -- Installing: /home/abhilash-ts434/Documents/ros2_ws/install/my_robot_interfaces/local/lib/python3.10/dist-packages/my_robot_interfaces/msg/_hardware_status.py
[2.077s] -- Installing: /home/abhilash-ts434/Documents/ros2_ws/install/my_robot_interfaces/local/lib/python3.10/dist-packages/my_robot_interfaces/msg/__init__.py
[2.077s] -- Installing: /home/abhilash-ts434/Documents/ros2_ws/install/my_robot_interfaces/local/lib/python3.10/dist-packages/my_robot_interfaces/_my_robot_interfaces_s.ep.rosidl_typesupport_c.c
[2.077s] -- Installing: /home/abhilash-ts434/Documents/ros2_ws/install/my_robot_interfaces/local/lib/python3.10/dist-packages/my_robot_interfaces/my_robot_interfaces_s__rosidl_typesupport_c.cpython-310-x86_64-linux-gnu.so
[2.077s] -- Installing: /home/abhilash-ts434/Documents/ros2_ws/install/my_robot_interfaces/local/lib/python3.10/dist-packages/my_robot_interfaces/__init__.py
[2.077s] -- Installing: /home/abhilash-ts434/Documents/ros2_ws/install/my_robot_interfaces/local/lib/python3.10/dist-packages/my_robot_interfaces/my_robot_interfaces_s__rosidl_typesupport_introspection_c.cpython-310-x86_64-linux-gnu.so
[2.102s] Listing '/home/abhilash-ts434/Documents/ros2_ws/install/my_robot_interfaces/local/lib/python3.10/dist-packages/my_robot_interfaces'...
[2.102s] Compiling '/home/abhilash-ts434/Documents/ros2_ws/install/my_robot_interfaces/local/lib/python3.10/dist-packages/my_robot_interfaces/__init__.py'...
[2.102s] Listing '/home/abhilash-ts434/Documents/ros2_ws/install/my_robot_interfaces/local/lib/python3.10/dist-packages/my_robot_interfaces/msg'...
[2.102s] Compiling '/home/abhilash-ts434/Documents/ros2_ws/install/my_robot_interfaces/local/lib/python3.10/dist-packages/my_robot_interfaces/msg/__init__.py'...
[2.102s] Compiling '/home/abhilash-ts434/Documents/ros2_ws/install/my_robot_interfaces/local/lib/python3.10/dist-packages/my_robot_interfaces/msg/_hardware_status.py'...
[2.102s] Listing '/home/abhilash-ts434/Documents/ros2_ws/install/my_robot_interfaces/local/lib/python3.10/dist-packages/my_robot_interfaces/srv'...
[2.102s] Compiling '/home/abhilash-ts434/Documents/ros2_ws/install/my_robot_interfaces/local/lib/python3.10/dist-packages/my_robot_interfaces/srv/__init__.py'...
[2.102s] Compiling '/home/abhilash-ts434/Documents/ros2_ws/install/my_robot_interfaces/local/lib/python3.10/dist-packages/my_robot_interfaces/srv/_compute_rectangle_area.py'...
[2.105s] -- Installing: /home/abhilash-ts434/Documents/ros2_ws/install/my_robot_interfaces/local/lib/python3.10/dist-packages/my_robot_interfaces/my_robot_interfaces_s__rosidl_typesupport_fastrtps_c.cpython-310-x86_64-linux-gnu.so
[2.105s] -- Set runtime path of "/home/abhilash-ts434/Documents/ros2_ws/install/my_robot_interfaces/local/lib/python3.10/dist-packages/my_robot_interfaces/my_robot_interfaces_s__rosidl_typesupport_fastrtps_c.cpython-310-x86_64-linux-gnu.so" to ""
[2.105s] -- Installing: /home/abhilash-ts434/Documents/ros2_ws/install/my_robot_interfaces/local/lib/python3.10/dist-packages/my_robot_interfaces/my_robot_interfaces_s__rosidl_typesupport_introspection_c.cpython-310-x86_64-linux-gnu.so
[2.105s] -- Set runtime path of "/home/abhilash-ts434/Documents/ros2_ws/install/my_robot_interfaces/local/lib/python3.10/dist-packages/my_robot_interfaces/my_robot_interfaces_s__rosidl_typesupport_introspection_c.cpython-310-x86_64-linux-gnu.so" to ""
[2.106s] -- Installing: /home/abhilash-ts434/Documents/ros2_ws/install/my_robot_interfaces/local/lib/python3.10/dist-packages/my_robot_interfaces/my_robot_interfaces_s__rosidl_typesupport_c.cpython-310-x86_64-linux-gnu.so
[2.106s] -- Set runtime path of "/home/abhilash-ts434/Documents/ros2_ws/install/my_robot_interfaces/local/lib/python3.10/dist-packages/my_robot_interfaces/my_robot_interfaces_s__rosidl_typesupport_c.cpython-310-x86_64-linux-gnu.so" to ""
[2.106s] -- Installing: /home/abhilash-ts434/Documents/ros2_ws/install/my_robot_interfaces/lib/libmy_robot_interfaces__rosidl_generator_py.so
[2.106s] -- Set runtime path of "/home/abhilash-ts434/Documents/ros2_ws/install/my_robot_interfaces/lib/libmy_robot_interfaces__rosidl_generator_py.so" to ""
[2.106s] -- Up-to-date: /home/abhilash-ts434/Documents/ros2_ws/install/my_robot_interfaces/share/my_robot_interfaces/msg/HardwareStatus.idl
[2.106s] -- Installing: /home/abhilash-ts434/Documents/ros2_ws/install/my_robot_interfaces/share/my_robot_interfaces/srv/ComputeRectangleArea.idl
[2.107s] -- Up-to-date: /home/abhilash-ts434/Documents/ros2_ws/install/my_robot_interfaces/share/my_robot_interfaces/msg/HardwareStatus.msg
[2.107s] -- Installing: /home/abhilash-ts434/Documents/ros2_ws/install/my_robot_interfaces/share/my_robot_interfaces/srv/ComputeRectangleArea.srv
[2.107s] -- Installing: /home/abhilash-ts434/Documents/ros2_ws/install/my_robot_interfaces/share/my_robot_interfaces/srv/ComputeRectangleArea_Request.msg
[2.107s] -- Installing: /home/abhilash-ts434/Documents/ros2_ws/install/my_robot_interfaces/share/my_robot_interfaces/srv/ComputeRectangleArea_Response.msg
[2.107s] -- Up-to-date: /home/abhilash-ts434/Documents/ros2_ws/install/my_robot_interfaces/share/ament_index/resource_index/package_run_dependencies/my_robot_interfaces
[2.107s] -- Installing: /home/abhilash-ts434/Documents/ros2_ws/install/my_robot_interfaces/share/ament_index/resource_index/parent_prefix_path/my_robot_interfaces
[2.107s] -- Up-to-date: /home/abhilash-ts434/Documents/ros2_ws/install/my_robot_interfaces/share/my_robot_interfaces/environment/ament_prefix_path.sh
[2.107s] -- Installing: /home/abhilash-ts434/Documents/ros2_ws/install/my_robot_interfaces/share/my_robot_interfaces/environment/ament_prefix_path.dsv
[2.107s] -- Up-to-date: /home/abhilash-ts434/Documents/ros2_ws/install/my_robot_interfaces/share/my_robot_interfaces/environment/path.sh
[2.107s] -- Installing: /home/abhilash-ts434/Documents/ros2_ws/install/my_robot_interfaces/share/my_robot_interfaces/environment/path.dsv
[2.107s] -- Up-to-date: /home/abhilash-ts434/Documents/ros2_ws/install/my_robot_interfaces/share/my_robot_interfaces/local_setup.bash
[2.107s] -- Up-to-date: /home/abhilash-ts434/Documents/ros2_ws/install/my_robot_interfaces/share/my_robot_interfaces/local_setup.sh
[2.108s] -- Up-to-date: /home/abhilash-ts434/Documents/ros2_ws/install/my_robot_interfaces/share/my_robot_interfaces/local_setup.zsh
[2.108s] -- Installing: /home/abhilash-ts434/Documents/ros2_ws/install/my_robot_interfaces/share/my_robot_interfaces/local_setup.dsv
[2.108s] -- Installing: /home/abhilash-ts434/Documents/ros2_ws/install/my_robot_interfaces/share/my_robot_interfaces/package.dsv
[2.108s] -- Up-to-date: /home/abhilash-ts434/Documents/ros2_ws/install/my_robot_interfaces/share/ament_index/resource_index/packages/my_robot_interfaces
[2.108s] -- Up-to-date: /home/abhilash-ts434/Documents/ros2_ws/install/my_robot_interfaces/share/my_robot_interfaces/cmake/export_my_robot_interfaces__rosidl_generator_cExport.cmake
[2.108s] -- Up-to-date: /home/abhilash-ts434/Documents/ros2_ws/install/my_robot_interfaces/share/my_robot_interfaces/cmake/export_my_robot_interfaces__rosidl_generator_cExport-noconfig.cmake
[2.108s] -- Up-to-date: /home/abhilash-ts434/Documents/ros2_ws/install/my_robot_interfaces/share/my_robot_interfaces/cmake/export_my_robot_interfaces__rosidl_typesupport_fastrtps_cExport.cmake
[2.108s] -- Up-to-date: /home/abhilash-ts434/Documents/ros2_ws/install/my_robot_interfaces/share/my_robot_interfaces/cmake/export_my_robot_interfaces__rosidl_typesupport_fastrtps_cExport-noconfig.cmake
[2.108s] -- Up-to-date: /home/abhilash-ts434/Documents/ros2_ws/install/my_robot_interfaces/share/my_robot_interfaces/cmake/my_robot_interfaces__rosidl_typesupport_introspection_cExport.cmake
[2.108s] -- Up-to-date: /home/abhilash-ts434/Documents/ros2_ws/install/my_robot_interfaces/share/my_robot_interfaces/cmake/my_robot_interfaces__rosidl_typesupport_introspection_cExport-noconfig.cmake
[2.108s] -- Up-to-date: /home/abhilash-ts434/Documents/ros2_ws/install/my_robot_interfaces/share/my_robot_interfaces/cmake/my_robot_interfaces__rosidl_typesupport_cExport.cmake
[2.108s] -- Up-to-date: /home/abhilash-ts434/Documents/ros2_ws/install/my_robot_interfaces/share/my_robot_interfaces/cmake/my_robot_interfaces__rosidl_typesupport_cExport-noconfig.cmake
[2.108s] -- Up-to-date: /home/abhilash-ts434/Documents/ros2_ws/install/my_robot_interfaces/share/my_robot_interfaces/cmake/export_my_robot_interfaces__rosidl_generator_cppExport.cmake
[2.109s] -- Up-to-date: /home/abhilash-ts434/Documents/ros2_ws/install/my_robot_interfaces/share/my_robot_interfaces/cmake/export_my_robot_interfaces__rosidl_typesupport_fastrtps_cppExport.cmake
[2.109s] -- Up-to-date: /home/abhilash-ts434/Documents/ros2_ws/install/my_robot_interfaces/share/my_robot_interfaces/cmake/export_my_robot_interfaces__rosidl_typesupport_fastrtps_cppExport-noconfig.cmake
[2.109s] -- Up-to-date: /home/abhilash-ts434/Documents/ros2_ws/install/my_robot_interfaces/share/my_robot_interfaces/cmake/my_robot_interfaces__rosidl_typesupport_introspection_cppExport.cmake
[2.109s] -- Up-to-date: /home/abhilash-ts434/Documents/ros2_ws/install/my_robot_interfaces/share/my_robot_interfaces/cmake/my_robot_interfaces__rosidl_typesupport_introspection_cppExport-noconfig.cmake
[2.109s] -- Up-to-date: /home/abhilash-ts434/Documents/ros2_ws/install/my_robot_interfaces/share/my_robot_interfaces/cmake/my_robot_interfaces__rosidl_typesupport_cppExport.cmake
[2.109s] -- Up-to-date: /home/abhilash-ts434/Documents/ros2_ws/install/my_robot_interfaces/share/my_robot_interfaces/cmake/my_robot_interfaces__rosidl_typesupport_cppExport-noconfig.cmake
[2.109s] -- Up-to-date: /home/abhilash-ts434/Documents/ros2_ws/install/my_robot_interfaces/share/my_robot_interfaces/cmake/export_my_robot_interfaces__rosidl_generator_pyExport.cmake
[2.109s] -- Up-to-date: /home/abhilash-ts434/Documents/ros2_ws/install/my_robot_interfaces/share/my_robot_interfaces/cmake/export_my_robot_interfaces__rosidl_generator_pyExport-noconfig.cmake
[2.109s] -- Installing: /home/abhilash-ts434/Documents/ros2_ws/install/my_robot_interfaces/share/my_robot_interfaces/cmake/rosidl_cmake-extras.cmake
[2.109s] -- Up-to-date: /home/abhilash-ts434/Documents/ros2_ws/install/my_robot_interfaces/share/my_robot_interfaces/cmake/ament_cmake_export_include_directories-extras.cmake
[2.109s] -- Up-to-date: /home/abhilash-ts434/Documents/ros2_ws/install/my_robot_interfaces/share/my_robot_interfaces/cmake/ament_cmake_export_libraries-extras.cmake
[2.109s] -- Up-to-date: /home/abhilash-ts434/Documents/ros2_ws/install/my_robot_interfaces/share/my_robot_interfaces/cmake/ament_cmake_export_targets-extras.cmake
[2.109s] -- Up-to-date: /home/abhilash-ts434/Documents/ros2_ws/install/my_robot_interfaces/share/my_robot_interfaces/cmake/rosidl_cmake_export_typesupport_targets-extras.cmake
[2.109s] -- Up-to-date: /home/abhilash-ts434/Documents/ros2_ws/install/my_robot_interfaces/share/my_robot_interfaces/cmake/ament_cmake_export_dependencies-extras.cmake
[2.109s] -- Up-to-date: /home/abhilash-ts434/Documents/ros2_ws/install/my_robot_interfaces/share/my_robot_interfaces/cmake/rosidl_cmake_export_typesupport_libraries-extras.cmake
[2.110s] -- Up-to-date: /home/abhilash-ts434/Documents/ros2_ws/install/my_robot_interfaces/share/my_robot_interfaces/cmake/my_robot_interfacesConfig.cmake
[2.110s] -- Up-to-date: /home/abhilash-ts434/Documents/ros2_ws/install/my_robot_interfaces/share/my_robot_interfaces/cmake/my_robot_interfacesConfig-version.cmake
[2.110s] -- Up-to-date: /home/abhilash-ts434/Documents/ros2_ws/install/my_robot_interfaces/share/my_robot_interfaces/package.xml
[2.111s] Invoked command in '/home/abhilash-ts434/Documents/ros2_ws/build/my_robot_interfaces' returned '0': CMAKE_PREFIX_PATH=${CMAKE_PREFIX_PATH}:/home/abhilash-ts434/Documents/ros2_ws/install/my_py_pkg:/opt/ros/humble /usr/bin/cmake --install /home/abhilash-ts434/Documents/ros2_ws/build/my_robot_interfaces
