[0.410s] Invoking command in '/home/abhilash-ts434/Documents/ros2_ws/src/my_py_pkg': PYTHONPATH=/home/abhilash-ts434/Documents/ros2_ws/build/my_py_pkg/prefix_override:/usr/lib/python3/dist-packages/colcon_core/task/python/colcon_distutils_commands:/home/abhilash-ts434/Documents/ros2_ws/install/my_py_pkg/lib/python3.10/site-packages:${PYTHONPATH} /usr/bin/python3 -W ignore:setup.py install is deprecated -W ignore:easy_install command is deprecated setup.py egg_info --egg-base ../../build/my_py_pkg build --build-base /home/abhilash-ts434/Documents/ros2_ws/build/my_py_pkg/build install --record /home/abhilash-ts434/Documents/ros2_ws/build/my_py_pkg/install.log --single-version-externally-managed install_data
[0.561s] running egg_info
[0.562s] writing ../../build/my_py_pkg/my_py_pkg.egg-info/PKG-INFO
[0.562s] writing dependency_links to ../../build/my_py_pkg/my_py_pkg.egg-info/dependency_links.txt
[0.562s] writing entry points to ../../build/my_py_pkg/my_py_pkg.egg-info/entry_points.txt
[0.562s] writing requirements to ../../build/my_py_pkg/my_py_pkg.egg-info/requires.txt
[0.562s] writing top-level names to ../../build/my_py_pkg/my_py_pkg.egg-info/top_level.txt
[0.563s] reading manifest file '../../build/my_py_pkg/my_py_pkg.egg-info/SOURCES.txt'
[0.564s] writing manifest file '../../build/my_py_pkg/my_py_pkg.egg-info/SOURCES.txt'
[0.564s] running build
[0.564s] running build_py
[0.564s] copying my_py_pkg/oop_first_node.py -> /home/abhilash-ts434/Documents/ros2_ws/build/my_py_pkg/build/lib/my_py_pkg
[0.565s] running install
[0.565s] running install_lib
[0.565s] copying /home/abhilash-ts434/Documents/ros2_ws/build/my_py_pkg/build/lib/my_py_pkg/oop_first_node.py -> /home/abhilash-ts434/Documents/ros2_ws/install/my_py_pkg/lib/python3.10/site-packages/my_py_pkg
[0.566s] byte-compiling /home/abhilash-ts434/Documents/ros2_ws/install/my_py_pkg/lib/python3.10/site-packages/my_py_pkg/oop_first_node.py to oop_first_node.cpython-310.pyc
[0.566s] running install_data
[0.566s] running install_egg_info
[0.567s] removing '/home/abhilash-ts434/Documents/ros2_ws/install/my_py_pkg/lib/python3.10/site-packages/my_py_pkg-0.0.0-py3.10.egg-info' (and everything under it)
[0.567s] Copying ../../build/my_py_pkg/my_py_pkg.egg-info to /home/abhilash-ts434/Documents/ros2_ws/install/my_py_pkg/lib/python3.10/site-packages/my_py_pkg-0.0.0-py3.10.egg-info
[0.568s] running install_scripts
[0.581s] Installing oop_node script to /home/abhilash-ts434/Documents/ros2_ws/install/my_py_pkg/lib/my_py_pkg
[0.581s] Installing py_node script to /home/abhilash-ts434/Documents/ros2_ws/install/my_py_pkg/lib/my_py_pkg
[0.582s] writing list of installed files to '/home/abhilash-ts434/Documents/ros2_ws/build/my_py_pkg/install.log'
[0.595s] Invoked command in '/home/abhilash-ts434/Documents/ros2_ws/src/my_py_pkg' returned '0': PYTHONPATH=/home/abhilash-ts434/Documents/ros2_ws/build/my_py_pkg/prefix_override:/usr/lib/python3/dist-packages/colcon_core/task/python/colcon_distutils_commands:/home/abhilash-ts434/Documents/ros2_ws/install/my_py_pkg/lib/python3.10/site-packages:${PYTHONPATH} /usr/bin/python3 -W ignore:setup.py install is deprecated -W ignore:easy_install command is deprecated setup.py egg_info --egg-base ../../build/my_py_pkg build --build-base /home/abhilash-ts434/Documents/ros2_ws/build/my_py_pkg/build install --record /home/abhilash-ts434/Documents/ros2_ws/build/my_py_pkg/install.log --single-version-externally-managed install_data
