[0.011s] Invoking command in '/home/abhilash-ts434/Documents/ros2_ws/src/build/my_cpp_pkg': CMAKE_PREFIX_PATH=${CMAKE_PREFIX_PATH}:/home/abhilash-ts434/Documents/ros2_ws/install/my_py_pkg:/opt/ros/humble /usr/bin/cmake /home/abhilash-ts434/Documents/ros2_ws/src/my_cpp_pkg -DAMENT_CMAKE_SYMLINK_INSTALL=1 -DCMAKE_INSTALL_PREFIX=/home/abhilash-ts434/Documents/ros2_ws/src/install/my_cpp_pkg
[0.020s] -- Found ament_cmake: 1.3.11 (/opt/ros/humble/share/ament_cmake/cmake)
[0.104s] -- Override CMake install command with custom implementation using symlinks instead of copying resources
[0.110s] -- Found rclcpp: 16.0.11 (/opt/ros/humble/share/rclcpp/cmake)
[0.135s] -- Found rosidl_generator_c: 3.1.6 (/opt/ros/humble/share/rosidl_generator_c/cmake)
[0.137s] -- Found rosidl_adapter: 3.1.6 (/opt/ros/humble/share/rosidl_adapter/cmake)
[0.142s] -- Found rosidl_generator_cpp: 3.1.6 (/opt/ros/humble/share/rosidl_generator_cpp/cmake)
[0.151s] -- Using all available rosidl_typesupport_c: rosidl_typesupport_fastrtps_c;rosidl_typesupport_introspection_c
[0.159s] -- Using all available rosidl_typesupport_cpp: rosidl_typesupport_fastrtps_cpp;rosidl_typesupport_introspection_cpp
[0.190s] -- Found rmw_implementation_cmake: 6.1.2 (/opt/ros/humble/share/rmw_implementation_cmake/cmake)
[0.192s] -- Found rmw_fastrtps_cpp: 6.2.7 (/opt/ros/humble/share/rmw_fastrtps_cpp/cmake)
[0.270s] -- Using RMW implementation 'rmw_fastrtps_cpp' as default
[0.365s] -- Configuring done
[0.367s] [33mCMake Warning (dev) at CMakeLists.txt:12 (add_executable):
[0.367s]   Policy CMP0115 is not set: Source file extensions must be explicit.  Run
[0.367s]   "cmake --help-policy CMP0115" for policy details.  Use the cmake_policy
[0.367s]   command to set the policy and suppress this warning.
[0.367s] 
[0.367s]   File:
[0.367s] 
[0.367s]     /home/abhilash-ts434/Documents/ros2_ws/src/my_cpp_pkg/src/first_cpp_node.cpp
[0.367s] This warning is for project developers.  Use -Wno-dev to suppress it.
[0.367s] [0m
[0.367s] [33mCMake Warning (dev) at CMakeLists.txt:13 (add_executable):
[0.367s]   Policy CMP0115 is not set: Source file extensions must be explicit.  Run
[0.367s]   "cmake --help-policy CMP0115" for policy details.  Use the cmake_policy
[0.368s]   command to set the policy and suppress this warning.
[0.368s] 
[0.368s]   File:
[0.368s] 
[0.368s]     /home/abhilash-ts434/Documents/ros2_ws/src/my_cpp_pkg/src/oop_cpp_node.cpp
[0.368s] This warning is for project developers.  Use -Wno-dev to suppress it.
[0.368s] [0m
[0.377s] -- Generating done
[0.383s] -- Build files have been written to: /home/abhilash-ts434/Documents/ros2_ws/src/build/my_cpp_pkg
[0.389s] Invoked command in '/home/abhilash-ts434/Documents/ros2_ws/src/build/my_cpp_pkg' returned '0': CMAKE_PREFIX_PATH=${CMAKE_PREFIX_PATH}:/home/abhilash-ts434/Documents/ros2_ws/install/my_py_pkg:/opt/ros/humble /usr/bin/cmake /home/abhilash-ts434/Documents/ros2_ws/src/my_cpp_pkg -DAMENT_CMAKE_SYMLINK_INSTALL=1 -DCMAKE_INSTALL_PREFIX=/home/abhilash-ts434/Documents/ros2_ws/src/install/my_cpp_pkg
[0.391s] Invoking command in '/home/abhilash-ts434/Documents/ros2_ws/src/build/my_cpp_pkg': CMAKE_PREFIX_PATH=${CMAKE_PREFIX_PATH}:/home/abhilash-ts434/Documents/ros2_ws/install/my_py_pkg:/opt/ros/humble /usr/bin/cmake --build /home/abhilash-ts434/Documents/ros2_ws/src/build/my_cpp_pkg -- -j16 -l16
[0.424s] [35m[1mConsolidate compiler generated dependencies of target cpp_node[0m
[0.424s] [35m[1mConsolidate compiler generated dependencies of target oop_node[0m
[0.439s] [ 50%] [32m[1mLinking CXX executable oop_node[0m
[0.439s] [ 50%] [32m[1mLinking CXX executable cpp_node[0m
[0.531s] [100%] Built target cpp_node
[0.531s] [100%] Built target oop_node
[0.541s] Invoked command in '/home/abhilash-ts434/Documents/ros2_ws/src/build/my_cpp_pkg' returned '0': CMAKE_PREFIX_PATH=${CMAKE_PREFIX_PATH}:/home/abhilash-ts434/Documents/ros2_ws/install/my_py_pkg:/opt/ros/humble /usr/bin/cmake --build /home/abhilash-ts434/Documents/ros2_ws/src/build/my_cpp_pkg -- -j16 -l16
[0.542s] Invoking command in '/home/abhilash-ts434/Documents/ros2_ws/src/build/my_cpp_pkg': CMAKE_PREFIX_PATH=${CMAKE_PREFIX_PATH}:/home/abhilash-ts434/Documents/ros2_ws/install/my_py_pkg:/opt/ros/humble /usr/bin/cmake --install /home/abhilash-ts434/Documents/ros2_ws/src/build/my_cpp_pkg
[0.549s] -- Install configuration: ""
[0.549s] -- Execute custom install script
[0.549s] -- Symlinking: /home/abhilash-ts434/Documents/ros2_ws/src/install/my_cpp_pkg/lib/my_cpp_pkg/cpp_node
[0.556s] -- Symlinking: /home/abhilash-ts434/Documents/ros2_ws/src/install/my_cpp_pkg/lib/my_cpp_pkg/oop_node
[0.562s] -- Symlinking: /home/abhilash-ts434/Documents/ros2_ws/src/install/my_cpp_pkg/share/ament_index/resource_index/package_run_dependencies/my_cpp_pkg
[0.569s] -- Symlinking: /home/abhilash-ts434/Documents/ros2_ws/src/install/my_cpp_pkg/share/ament_index/resource_index/parent_prefix_path/my_cpp_pkg
[0.576s] -- Symlinking: /home/abhilash-ts434/Documents/ros2_ws/src/install/my_cpp_pkg/share/my_cpp_pkg/environment/ament_prefix_path.sh
[0.582s] -- Symlinking: /home/abhilash-ts434/Documents/ros2_ws/src/install/my_cpp_pkg/share/my_cpp_pkg/environment/ament_prefix_path.dsv
[0.589s] -- Symlinking: /home/abhilash-ts434/Documents/ros2_ws/src/install/my_cpp_pkg/share/my_cpp_pkg/environment/path.sh
[0.596s] -- Symlinking: /home/abhilash-ts434/Documents/ros2_ws/src/install/my_cpp_pkg/share/my_cpp_pkg/environment/path.dsv
[0.602s] -- Symlinking: /home/abhilash-ts434/Documents/ros2_ws/src/install/my_cpp_pkg/share/my_cpp_pkg/local_setup.bash
[0.608s] -- Symlinking: /home/abhilash-ts434/Documents/ros2_ws/src/install/my_cpp_pkg/share/my_cpp_pkg/local_setup.sh
[0.615s] -- Symlinking: /home/abhilash-ts434/Documents/ros2_ws/src/install/my_cpp_pkg/share/my_cpp_pkg/local_setup.zsh
[0.622s] -- Symlinking: /home/abhilash-ts434/Documents/ros2_ws/src/install/my_cpp_pkg/share/my_cpp_pkg/local_setup.dsv
[0.629s] -- Symlinking: /home/abhilash-ts434/Documents/ros2_ws/src/install/my_cpp_pkg/share/my_cpp_pkg/package.dsv
[0.636s] -- Symlinking: /home/abhilash-ts434/Documents/ros2_ws/src/install/my_cpp_pkg/share/ament_index/resource_index/packages/my_cpp_pkg
[0.642s] -- Symlinking: /home/abhilash-ts434/Documents/ros2_ws/src/install/my_cpp_pkg/share/my_cpp_pkg/cmake/my_cpp_pkgConfig.cmake
[0.649s] -- Symlinking: /home/abhilash-ts434/Documents/ros2_ws/src/install/my_cpp_pkg/share/my_cpp_pkg/cmake/my_cpp_pkgConfig-version.cmake
[0.655s] -- Symlinking: /home/abhilash-ts434/Documents/ros2_ws/src/install/my_cpp_pkg/share/my_cpp_pkg/package.xml
[0.664s] Invoked command in '/home/abhilash-ts434/Documents/ros2_ws/src/build/my_cpp_pkg' returned '0': CMAKE_PREFIX_PATH=${CMAKE_PREFIX_PATH}:/home/abhilash-ts434/Documents/ros2_ws/install/my_py_pkg:/opt/ros/humble /usr/bin/cmake --install /home/abhilash-ts434/Documents/ros2_ws/src/build/my_cpp_pkg
