[0.009s] Invoking command in '/home/abhilash-ts434/Documents/ros2_ws/build/my_robot_interfaces': CMAKE_PREFIX_PATH=${CMAKE_PREFIX_PATH}:/home/abhilash-ts434/Documents/ros2_ws/install/my_py_pkg:/opt/ros/humble /usr/bin/cmake --build /home/abhilash-ts434/Documents/ros2_ws/build/my_robot_interfaces -- -j16 -l16
[0.027s] -- Found ament_cmake: 1.3.11 (/opt/ros/humble/share/ament_cmake/cmake)
[0.112s] -- Found rosidl_default_generators: 1.2.0 (/opt/ros/humble/share/rosidl_default_generators/cmake)
[0.114s] -- Using all available rosidl_typesupport_c: rosidl_typesupport_fastrtps_c;rosidl_typesupport_introspection_c
[0.116s] -- Found rosidl_adapter: 3.1.6 (/opt/ros/humble/share/rosidl_adapter/cmake)
[0.138s] -- Using all available rosidl_typesupport_cpp: rosidl_typesupport_fastrtps_cpp;rosidl_typesupport_introspection_cpp
[0.332s] -- Found ament_cmake_ros: 0.10.0 (/opt/ros/humble/share/ament_cmake_ros/cmake)
[0.461s] -- Using all available rosidl_typesupport_c: rosidl_typesupport_fastrtps_c;rosidl_typesupport_introspection_c
[0.609s] -- Using all available rosidl_typesupport_cpp: rosidl_typesupport_fastrtps_cpp;rosidl_typesupport_introspection_cpp
[0.623s] -- Found python_cmake_module: 0.10.0 (/opt/ros/humble/share/python_cmake_module/cmake)
[0.639s] -- Using PYTHON_EXECUTABLE: /usr/bin/python3
[0.639s] -- Using PYTHON_INCLUDE_DIRS: /usr/include/python3.10
[0.639s] -- Using PYTHON_LIBRARIES: /usr/lib/x86_64-linux-gnu/libpython3.10.so
[0.654s] -- Configuring done
[0.695s] -- Generating done
[0.704s] -- Build files have been written to: /home/abhilash-ts434/Documents/ros2_ws/build/my_robot_interfaces
[0.722s] [35m[1mConsolidate compiler generated dependencies of target my_robot_interfaces__rosidl_generator_c[0m
[0.727s] [  1%] Built target my_robot_interfaces__cpp
[0.733s] [ 12%] Built target my_robot_interfaces__rosidl_generator_c
[0.737s] [35m[1mConsolidate compiler generated dependencies of target my_robot_interfaces__rosidl_typesupport_cpp[0m
[0.738s] [35m[1mConsolidate compiler generated dependencies of target my_robot_interfaces__rosidl_typesupport_introspection_cpp[0m
[0.738s] [35m[1mConsolidate compiler generated dependencies of target my_robot_interfaces__rosidl_typesupport_fastrtps_cpp[0m
[0.740s] [ 12%] Built target ament_cmake_python_copy_my_robot_interfaces
[0.742s] [35m[1mConsolidate compiler generated dependencies of target my_robot_interfaces__rosidl_typesupport_c[0m
[0.744s] [35m[1mConsolidate compiler generated dependencies of target my_robot_interfaces__rosidl_typesupport_introspection_c[0m
[0.744s] [35m[1mConsolidate compiler generated dependencies of target my_robot_interfaces__rosidl_typesupport_fastrtps_c[0m
[0.751s] [ 23%] Built target my_robot_interfaces__rosidl_typesupport_introspection_cpp
[0.751s] [ 41%] Built target my_robot_interfaces__rosidl_typesupport_c
[0.752s] [ 45%] Built target my_robot_interfaces__rosidl_typesupport_cpp
[0.752s] [ 56%] Built target my_robot_interfaces__rosidl_typesupport_fastrtps_cpp
[0.754s] [ 67%] Built target my_robot_interfaces__rosidl_typesupport_introspection_c
[0.757s] [ 78%] Built target my_robot_interfaces__rosidl_typesupport_fastrtps_c
[0.771s] [ 78%] Built target my_robot_interfaces
[0.785s] [ 80%] Built target my_robot_interfaces__py
[0.793s] [35m[1mConsolidate compiler generated dependencies of target my_robot_interfaces__rosidl_generator_py[0m
[0.805s] [ 89%] Built target my_robot_interfaces__rosidl_generator_py
[0.812s] [35m[1mConsolidate compiler generated dependencies of target my_robot_interfaces__rosidl_typesupport_introspection_c__pyext[0m
[0.812s] [35m[1mConsolidate compiler generated dependencies of target my_robot_interfaces__rosidl_typesupport_c__pyext[0m
[0.812s] [35m[1mConsolidate compiler generated dependencies of target my_robot_interfaces__rosidl_typesupport_fastrtps_c__pyext[0m
[0.822s] [ 96%] Built target my_robot_interfaces__rosidl_typesupport_c__pyext
[0.822s] [ 96%] Built target my_robot_interfaces__rosidl_typesupport_fastrtps_c__pyext
[0.822s] [100%] Built target my_robot_interfaces__rosidl_typesupport_introspection_c__pyext
[0.916s] running egg_info
[0.916s] writing my_robot_interfaces.egg-info/PKG-INFO
[0.917s] writing dependency_links to my_robot_interfaces.egg-info/dependency_links.txt
[0.917s] writing top-level names to my_robot_interfaces.egg-info/top_level.txt
[0.919s] reading manifest file 'my_robot_interfaces.egg-info/SOURCES.txt'
[0.919s] writing manifest file 'my_robot_interfaces.egg-info/SOURCES.txt'
[0.937s] [100%] Built target ament_cmake_python_build_my_robot_interfaces_egg
[0.947s] Invoked command in '/home/abhilash-ts434/Documents/ros2_ws/build/my_robot_interfaces' returned '0': CMAKE_PREFIX_PATH=${CMAKE_PREFIX_PATH}:/home/abhilash-ts434/Documents/ros2_ws/install/my_py_pkg:/opt/ros/humble /usr/bin/cmake --build /home/abhilash-ts434/Documents/ros2_ws/build/my_robot_interfaces -- -j16 -l16
[0.948s] Invoking command in '/home/abhilash-ts434/Documents/ros2_ws/build/my_robot_interfaces': CMAKE_PREFIX_PATH=${CMAKE_PREFIX_PATH}:/home/abhilash-ts434/Documents/ros2_ws/install/my_py_pkg:/opt/ros/humble /usr/bin/cmake --install /home/abhilash-ts434/Documents/ros2_ws/build/my_robot_interfaces
[0.954s] -- Install configuration: ""
[0.954s] -- Up-to-date: /home/abhilash-ts434/Documents/ros2_ws/install/my_robot_interfaces/share/ament_index/resource_index/rosidl_interfaces/my_robot_interfaces
[0.954s] -- Up-to-date: /home/abhilash-ts434/Documents/ros2_ws/install/my_robot_interfaces/include/my_robot_interfaces/my_robot_interfaces
[0.955s] -- Up-to-date: /home/abhilash-ts434/Documents/ros2_ws/install/my_robot_interfaces/include/my_robot_interfaces/my_robot_interfaces/srv
[0.955s] -- Up-to-date: /home/abhilash-ts434/Documents/ros2_ws/install/my_robot_interfaces/include/my_robot_interfaces/my_robot_interfaces/srv/detail
[0.955s] -- Up-to-date: /home/abhilash-ts434/Documents/ros2_ws/install/my_robot_interfaces/include/my_robot_interfaces/my_robot_interfaces/srv/detail/set_led_state__functions.c
[0.955s] -- Up-to-date: /home/abhilash-ts434/Documents/ros2_ws/install/my_robot_interfaces/include/my_robot_interfaces/my_robot_interfaces/srv/detail/set_led_state__struct.h
[0.955s] -- Up-to-date: /home/abhilash-ts434/Documents/ros2_ws/install/my_robot_interfaces/include/my_robot_interfaces/my_robot_interfaces/srv/detail/compute_rectangle_area__functions.h
[0.955s] -- Up-to-date: /home/abhilash-ts434/Documents/ros2_ws/install/my_robot_interfaces/include/my_robot_interfaces/my_robot_interfaces/srv/detail/set_led_state__functions.h
[0.955s] -- Up-to-date: /home/abhilash-ts434/Documents/ros2_ws/install/my_robot_interfaces/include/my_robot_interfaces/my_robot_interfaces/srv/detail/compute_rectangle_area__struct.h
[0.955s] -- Up-to-date: /home/abhilash-ts434/Documents/ros2_ws/install/my_robot_interfaces/include/my_robot_interfaces/my_robot_interfaces/srv/detail/set_led_state__type_support.h
[0.955s] -- Up-to-date: /home/abhilash-ts434/Documents/ros2_ws/install/my_robot_interfaces/include/my_robot_interfaces/my_robot_interfaces/srv/detail/compute_rectangle_area__type_support.h
[0.955s] -- Up-to-date: /home/abhilash-ts434/Documents/ros2_ws/install/my_robot_interfaces/include/my_robot_interfaces/my_robot_interfaces/srv/detail/compute_rectangle_area__functions.c
[0.955s] -- Up-to-date: /home/abhilash-ts434/Documents/ros2_ws/install/my_robot_interfaces/include/my_robot_interfaces/my_robot_interfaces/srv/set_led_state.h
[0.955s] -- Up-to-date: /home/abhilash-ts434/Documents/ros2_ws/install/my_robot_interfaces/include/my_robot_interfaces/my_robot_interfaces/srv/compute_rectangle_area.h
[0.955s] -- Up-to-date: /home/abhilash-ts434/Documents/ros2_ws/install/my_robot_interfaces/include/my_robot_interfaces/my_robot_interfaces/msg
[0.955s] -- Up-to-date: /home/abhilash-ts434/Documents/ros2_ws/install/my_robot_interfaces/include/my_robot_interfaces/my_robot_interfaces/msg/detail
[0.955s] -- Up-to-date: /home/abhilash-ts434/Documents/ros2_ws/install/my_robot_interfaces/include/my_robot_interfaces/my_robot_interfaces/msg/detail/hardware_status__struct.h
[0.955s] -- Up-to-date: /home/abhilash-ts434/Documents/ros2_ws/install/my_robot_interfaces/include/my_robot_interfaces/my_robot_interfaces/msg/detail/led_panel_state__functions.c
[0.955s] -- Up-to-date: /home/abhilash-ts434/Documents/ros2_ws/install/my_robot_interfaces/include/my_robot_interfaces/my_robot_interfaces/msg/detail/hardware_status__functions.h
[0.955s] -- Up-to-date: /home/abhilash-ts434/Documents/ros2_ws/install/my_robot_interfaces/include/my_robot_interfaces/my_robot_interfaces/msg/detail/led_panel_state__functions.h
[0.955s] -- Up-to-date: /home/abhilash-ts434/Documents/ros2_ws/install/my_robot_interfaces/include/my_robot_interfaces/my_robot_interfaces/msg/detail/hardware_status__functions.c
[0.955s] -- Up-to-date: /home/abhilash-ts434/Documents/ros2_ws/install/my_robot_interfaces/include/my_robot_interfaces/my_robot_interfaces/msg/detail/led_panel_state__struct.h
[0.955s] -- Up-to-date: /home/abhilash-ts434/Documents/ros2_ws/install/my_robot_interfaces/include/my_robot_interfaces/my_robot_interfaces/msg/detail/led_panel_state__type_support.h
[0.955s] -- Up-to-date: /home/abhilash-ts434/Documents/ros2_ws/install/my_robot_interfaces/include/my_robot_interfaces/my_robot_interfaces/msg/detail/hardware_status__type_support.h
[0.955s] -- Up-to-date: /home/abhilash-ts434/Documents/ros2_ws/install/my_robot_interfaces/include/my_robot_interfaces/my_robot_interfaces/msg/rosidl_generator_c__visibility_control.h
[0.955s] -- Up-to-date: /home/abhilash-ts434/Documents/ros2_ws/install/my_robot_interfaces/include/my_robot_interfaces/my_robot_interfaces/msg/led_panel_state.h
[0.956s] -- Up-to-date: /home/abhilash-ts434/Documents/ros2_ws/install/my_robot_interfaces/include/my_robot_interfaces/my_robot_interfaces/msg/hardware_status.h
[0.956s] -- Up-to-date: /home/abhilash-ts434/Documents/ros2_ws/install/my_robot_interfaces/share/my_robot_interfaces/environment/library_path.sh
[0.956s] -- Installing: /home/abhilash-ts434/Documents/ros2_ws/install/my_robot_interfaces/share/my_robot_interfaces/environment/library_path.dsv
[0.956s] -- Up-to-date: /home/abhilash-ts434/Documents/ros2_ws/install/my_robot_interfaces/lib/libmy_robot_interfaces__rosidl_generator_c.so
[0.956s] -- Up-to-date: /home/abhilash-ts434/Documents/ros2_ws/install/my_robot_interfaces/include/my_robot_interfaces/my_robot_interfaces
[0.956s] -- Up-to-date: /home/abhilash-ts434/Documents/ros2_ws/install/my_robot_interfaces/include/my_robot_interfaces/my_robot_interfaces/srv
[0.956s] -- Up-to-date: /home/abhilash-ts434/Documents/ros2_ws/install/my_robot_interfaces/include/my_robot_interfaces/my_robot_interfaces/srv/detail
[0.956s] -- Up-to-date: /home/abhilash-ts434/Documents/ros2_ws/install/my_robot_interfaces/include/my_robot_interfaces/my_robot_interfaces/srv/detail/set_led_state__rosidl_typesupport_fastrtps_c.h
[0.956s] -- Up-to-date: /home/abhilash-ts434/Documents/ros2_ws/install/my_robot_interfaces/include/my_robot_interfaces/my_robot_interfaces/srv/detail/compute_rectangle_area__rosidl_typesupport_fastrtps_c.h
[0.956s] -- Up-to-date: /home/abhilash-ts434/Documents/ros2_ws/install/my_robot_interfaces/include/my_robot_interfaces/my_robot_interfaces/msg
[0.956s] -- Up-to-date: /home/abhilash-ts434/Documents/ros2_ws/install/my_robot_interfaces/include/my_robot_interfaces/my_robot_interfaces/msg/detail
[0.956s] -- Up-to-date: /home/abhilash-ts434/Documents/ros2_ws/install/my_robot_interfaces/include/my_robot_interfaces/my_robot_interfaces/msg/detail/led_panel_state__rosidl_typesupport_fastrtps_c.h
[0.956s] -- Up-to-date: /home/abhilash-ts434/Documents/ros2_ws/install/my_robot_interfaces/include/my_robot_interfaces/my_robot_interfaces/msg/detail/hardware_status__rosidl_typesupport_fastrtps_c.h
[0.956s] -- Up-to-date: /home/abhilash-ts434/Documents/ros2_ws/install/my_robot_interfaces/include/my_robot_interfaces/my_robot_interfaces/msg/rosidl_typesupport_fastrtps_c__visibility_control.h
[0.956s] -- Up-to-date: /home/abhilash-ts434/Documents/ros2_ws/install/my_robot_interfaces/lib/libmy_robot_interfaces__rosidl_typesupport_fastrtps_c.so
[0.956s] -- Up-to-date: /home/abhilash-ts434/Documents/ros2_ws/install/my_robot_interfaces/include/my_robot_interfaces/my_robot_interfaces
[0.956s] -- Up-to-date: /home/abhilash-ts434/Documents/ros2_ws/install/my_robot_interfaces/include/my_robot_interfaces/my_robot_interfaces/srv
[0.956s] -- Up-to-date: /home/abhilash-ts434/Documents/ros2_ws/install/my_robot_interfaces/include/my_robot_interfaces/my_robot_interfaces/srv/detail
[0.956s] -- Up-to-date: /home/abhilash-ts434/Documents/ros2_ws/install/my_robot_interfaces/include/my_robot_interfaces/my_robot_interfaces/srv/detail/compute_rectangle_area__type_support.c
[0.957s] -- Up-to-date: /home/abhilash-ts434/Documents/ros2_ws/install/my_robot_interfaces/include/my_robot_interfaces/my_robot_interfaces/srv/detail/compute_rectangle_area__rosidl_typesupport_introspection_c.h
[0.957s] -- Up-to-date: /home/abhilash-ts434/Documents/ros2_ws/install/my_robot_interfaces/include/my_robot_interfaces/my_robot_interfaces/srv/detail/set_led_state__type_support.c
[0.957s] -- Up-to-date: /home/abhilash-ts434/Documents/ros2_ws/install/my_robot_interfaces/include/my_robot_interfaces/my_robot_interfaces/srv/detail/set_led_state__rosidl_typesupport_introspection_c.h
[0.957s] -- Up-to-date: /home/abhilash-ts434/Documents/ros2_ws/install/my_robot_interfaces/include/my_robot_interfaces/my_robot_interfaces/msg
[0.957s] -- Up-to-date: /home/abhilash-ts434/Documents/ros2_ws/install/my_robot_interfaces/include/my_robot_interfaces/my_robot_interfaces/msg/rosidl_typesupport_introspection_c__visibility_control.h
[0.957s] -- Up-to-date: /home/abhilash-ts434/Documents/ros2_ws/install/my_robot_interfaces/include/my_robot_interfaces/my_robot_interfaces/msg/detail
[0.957s] -- Up-to-date: /home/abhilash-ts434/Documents/ros2_ws/install/my_robot_interfaces/include/my_robot_interfaces/my_robot_interfaces/msg/detail/hardware_status__rosidl_typesupport_introspection_c.h
[0.957s] -- Up-to-date: /home/abhilash-ts434/Documents/ros2_ws/install/my_robot_interfaces/include/my_robot_interfaces/my_robot_interfaces/msg/detail/led_panel_state__type_support.c
[0.957s] -- Up-to-date: /home/abhilash-ts434/Documents/ros2_ws/install/my_robot_interfaces/include/my_robot_interfaces/my_robot_interfaces/msg/detail/hardware_status__type_support.c
[0.957s] -- Up-to-date: /home/abhilash-ts434/Documents/ros2_ws/install/my_robot_interfaces/include/my_robot_interfaces/my_robot_interfaces/msg/detail/led_panel_state__rosidl_typesupport_introspection_c.h
[0.957s] -- Up-to-date: /home/abhilash-ts434/Documents/ros2_ws/install/my_robot_interfaces/lib/libmy_robot_interfaces__rosidl_typesupport_introspection_c.so
[0.957s] -- Up-to-date: /home/abhilash-ts434/Documents/ros2_ws/install/my_robot_interfaces/lib/libmy_robot_interfaces__rosidl_typesupport_c.so
[0.958s] -- Up-to-date: /home/abhilash-ts434/Documents/ros2_ws/install/my_robot_interfaces/include/my_robot_interfaces/my_robot_interfaces
[0.958s] -- Up-to-date: /home/abhilash-ts434/Documents/ros2_ws/install/my_robot_interfaces/include/my_robot_interfaces/my_robot_interfaces/srv
[0.958s] -- Up-to-date: /home/abhilash-ts434/Documents/ros2_ws/install/my_robot_interfaces/include/my_robot_interfaces/my_robot_interfaces/srv/set_led_state.hpp
[0.958s] -- Up-to-date: /home/abhilash-ts434/Documents/ros2_ws/install/my_robot_interfaces/include/my_robot_interfaces/my_robot_interfaces/srv/detail
[0.958s] -- Up-to-date: /home/abhilash-ts434/Documents/ros2_ws/install/my_robot_interfaces/include/my_robot_interfaces/my_robot_interfaces/srv/detail/set_led_state__type_support.hpp
[0.958s] -- Up-to-date: /home/abhilash-ts434/Documents/ros2_ws/install/my_robot_interfaces/include/my_robot_interfaces/my_robot_interfaces/srv/detail/compute_rectangle_area__traits.hpp
[0.958s] -- Up-to-date: /home/abhilash-ts434/Documents/ros2_ws/install/my_robot_interfaces/include/my_robot_interfaces/my_robot_interfaces/srv/detail/set_led_state__builder.hpp
[0.958s] -- Up-to-date: /home/abhilash-ts434/Documents/ros2_ws/install/my_robot_interfaces/include/my_robot_interfaces/my_robot_interfaces/srv/detail/compute_rectangle_area__struct.hpp
[0.958s] -- Up-to-date: /home/abhilash-ts434/Documents/ros2_ws/install/my_robot_interfaces/include/my_robot_interfaces/my_robot_interfaces/srv/detail/compute_rectangle_area__type_support.hpp
[0.958s] -- Up-to-date: /home/abhilash-ts434/Documents/ros2_ws/install/my_robot_interfaces/include/my_robot_interfaces/my_robot_interfaces/srv/detail/set_led_state__struct.hpp
[0.958s] -- Up-to-date: /home/abhilash-ts434/Documents/ros2_ws/install/my_robot_interfaces/include/my_robot_interfaces/my_robot_interfaces/srv/detail/set_led_state__traits.hpp
[0.958s] -- Up-to-date: /home/abhilash-ts434/Documents/ros2_ws/install/my_robot_interfaces/include/my_robot_interfaces/my_robot_interfaces/srv/detail/compute_rectangle_area__builder.hpp
[0.958s] -- Up-to-date: /home/abhilash-ts434/Documents/ros2_ws/install/my_robot_interfaces/include/my_robot_interfaces/my_robot_interfaces/srv/compute_rectangle_area.hpp
[0.958s] -- Up-to-date: /home/abhilash-ts434/Documents/ros2_ws/install/my_robot_interfaces/include/my_robot_interfaces/my_robot_interfaces/msg
[0.958s] -- Up-to-date: /home/abhilash-ts434/Documents/ros2_ws/install/my_robot_interfaces/include/my_robot_interfaces/my_robot_interfaces/msg/detail
[0.958s] -- Up-to-date: /home/abhilash-ts434/Documents/ros2_ws/install/my_robot_interfaces/include/my_robot_interfaces/my_robot_interfaces/msg/detail/led_panel_state__struct.hpp
[0.958s] -- Up-to-date: /home/abhilash-ts434/Documents/ros2_ws/install/my_robot_interfaces/include/my_robot_interfaces/my_robot_interfaces/msg/detail/led_panel_state__builder.hpp
[0.958s] -- Up-to-date: /home/abhilash-ts434/Documents/ros2_ws/install/my_robot_interfaces/include/my_robot_interfaces/my_robot_interfaces/msg/detail/led_panel_state__traits.hpp
[0.958s] -- Up-to-date: /home/abhilash-ts434/Documents/ros2_ws/install/my_robot_interfaces/include/my_robot_interfaces/my_robot_interfaces/msg/detail/hardware_status__type_support.hpp
[0.958s] -- Up-to-date: /home/abhilash-ts434/Documents/ros2_ws/install/my_robot_interfaces/include/my_robot_interfaces/my_robot_interfaces/msg/detail/hardware_status__traits.hpp
[0.958s] -- Up-to-date: /home/abhilash-ts434/Documents/ros2_ws/install/my_robot_interfaces/include/my_robot_interfaces/my_robot_interfaces/msg/detail/led_panel_state__type_support.hpp
[0.958s] -- Up-to-date: /home/abhilash-ts434/Documents/ros2_ws/install/my_robot_interfaces/include/my_robot_interfaces/my_robot_interfaces/msg/detail/hardware_status__builder.hpp
[0.959s] -- Up-to-date: /home/abhilash-ts434/Documents/ros2_ws/install/my_robot_interfaces/include/my_robot_interfaces/my_robot_interfaces/msg/detail/hardware_status__struct.hpp
[0.959s] -- Up-to-date: /home/abhilash-ts434/Documents/ros2_ws/install/my_robot_interfaces/include/my_robot_interfaces/my_robot_interfaces/msg/led_panel_state.hpp
[0.959s] -- Up-to-date: /home/abhilash-ts434/Documents/ros2_ws/install/my_robot_interfaces/include/my_robot_interfaces/my_robot_interfaces/msg/hardware_status.hpp
[0.959s] -- Up-to-date: /home/abhilash-ts434/Documents/ros2_ws/install/my_robot_interfaces/include/my_robot_interfaces/my_robot_interfaces/msg/rosidl_generator_cpp__visibility_control.hpp
[0.959s] -- Up-to-date: /home/abhilash-ts434/Documents/ros2_ws/install/my_robot_interfaces/include/my_robot_interfaces/my_robot_interfaces
[0.959s] -- Up-to-date: /home/abhilash-ts434/Documents/ros2_ws/install/my_robot_interfaces/include/my_robot_interfaces/my_robot_interfaces/srv
[0.959s] -- Up-to-date: /home/abhilash-ts434/Documents/ros2_ws/install/my_robot_interfaces/include/my_robot_interfaces/my_robot_interfaces/srv/detail
[0.959s] -- Up-to-date: /home/abhilash-ts434/Documents/ros2_ws/install/my_robot_interfaces/include/my_robot_interfaces/my_robot_interfaces/srv/detail/dds_fastrtps
[0.959s] -- Up-to-date: /home/abhilash-ts434/Documents/ros2_ws/install/my_robot_interfaces/include/my_robot_interfaces/my_robot_interfaces/srv/detail/compute_rectangle_area__rosidl_typesupport_fastrtps_cpp.hpp
[0.959s] -- Up-to-date: /home/abhilash-ts434/Documents/ros2_ws/install/my_robot_interfaces/include/my_robot_interfaces/my_robot_interfaces/srv/detail/set_led_state__rosidl_typesupport_fastrtps_cpp.hpp
[0.959s] -- Up-to-date: /home/abhilash-ts434/Documents/ros2_ws/install/my_robot_interfaces/include/my_robot_interfaces/my_robot_interfaces/msg
[0.959s] -- Up-to-date: /home/abhilash-ts434/Documents/ros2_ws/install/my_robot_interfaces/include/my_robot_interfaces/my_robot_interfaces/msg/rosidl_typesupport_fastrtps_cpp__visibility_control.h
[0.959s] -- Up-to-date: /home/abhilash-ts434/Documents/ros2_ws/install/my_robot_interfaces/include/my_robot_interfaces/my_robot_interfaces/msg/detail
[0.959s] -- Up-to-date: /home/abhilash-ts434/Documents/ros2_ws/install/my_robot_interfaces/include/my_robot_interfaces/my_robot_interfaces/msg/detail/led_panel_state__rosidl_typesupport_fastrtps_cpp.hpp
[0.959s] -- Up-to-date: /home/abhilash-ts434/Documents/ros2_ws/install/my_robot_interfaces/include/my_robot_interfaces/my_robot_interfaces/msg/detail/dds_fastrtps
[0.959s] -- Up-to-date: /home/abhilash-ts434/Documents/ros2_ws/install/my_robot_interfaces/include/my_robot_interfaces/my_robot_interfaces/msg/detail/hardware_status__rosidl_typesupport_fastrtps_cpp.hpp
[0.959s] -- Up-to-date: /home/abhilash-ts434/Documents/ros2_ws/install/my_robot_interfaces/lib/libmy_robot_interfaces__rosidl_typesupport_fastrtps_cpp.so
[0.959s] -- Up-to-date: /home/abhilash-ts434/Documents/ros2_ws/install/my_robot_interfaces/include/my_robot_interfaces/my_robot_interfaces
[0.959s] -- Up-to-date: /home/abhilash-ts434/Documents/ros2_ws/install/my_robot_interfaces/include/my_robot_interfaces/my_robot_interfaces/srv
[0.959s] -- Up-to-date: /home/abhilash-ts434/Documents/ros2_ws/install/my_robot_interfaces/include/my_robot_interfaces/my_robot_interfaces/srv/detail
[0.959s] -- Up-to-date: /home/abhilash-ts434/Documents/ros2_ws/install/my_robot_interfaces/include/my_robot_interfaces/my_robot_interfaces/srv/detail/compute_rectangle_area__rosidl_typesupport_introspection_cpp.hpp
[0.959s] -- Up-to-date: /home/abhilash-ts434/Documents/ros2_ws/install/my_robot_interfaces/include/my_robot_interfaces/my_robot_interfaces/srv/detail/compute_rectangle_area__type_support.cpp
[0.959s] -- Up-to-date: /home/abhilash-ts434/Documents/ros2_ws/install/my_robot_interfaces/include/my_robot_interfaces/my_robot_interfaces/srv/detail/set_led_state__rosidl_typesupport_introspection_cpp.hpp
[0.959s] -- Up-to-date: /home/abhilash-ts434/Documents/ros2_ws/install/my_robot_interfaces/include/my_robot_interfaces/my_robot_interfaces/srv/detail/set_led_state__type_support.cpp
[0.959s] -- Up-to-date: /home/abhilash-ts434/Documents/ros2_ws/install/my_robot_interfaces/include/my_robot_interfaces/my_robot_interfaces/msg
[0.959s] -- Up-to-date: /home/abhilash-ts434/Documents/ros2_ws/install/my_robot_interfaces/include/my_robot_interfaces/my_robot_interfaces/msg/detail
[0.959s] -- Up-to-date: /home/abhilash-ts434/Documents/ros2_ws/install/my_robot_interfaces/include/my_robot_interfaces/my_robot_interfaces/msg/detail/led_panel_state__type_support.cpp
[0.960s] -- Up-to-date: /home/abhilash-ts434/Documents/ros2_ws/install/my_robot_interfaces/include/my_robot_interfaces/my_robot_interfaces/msg/detail/hardware_status__rosidl_typesupport_introspection_cpp.hpp
[0.960s] -- Up-to-date: /home/abhilash-ts434/Documents/ros2_ws/install/my_robot_interfaces/include/my_robot_interfaces/my_robot_interfaces/msg/detail/led_panel_state__rosidl_typesupport_introspection_cpp.hpp
[0.960s] -- Up-to-date: /home/abhilash-ts434/Documents/ros2_ws/install/my_robot_interfaces/include/my_robot_interfaces/my_robot_interfaces/msg/detail/hardware_status__type_support.cpp
[0.960s] -- Up-to-date: /home/abhilash-ts434/Documents/ros2_ws/install/my_robot_interfaces/lib/libmy_robot_interfaces__rosidl_typesupport_introspection_cpp.so
[0.960s] -- Up-to-date: /home/abhilash-ts434/Documents/ros2_ws/install/my_robot_interfaces/lib/libmy_robot_interfaces__rosidl_typesupport_cpp.so
[0.960s] -- Up-to-date: /home/abhilash-ts434/Documents/ros2_ws/install/my_robot_interfaces/share/my_robot_interfaces/environment/pythonpath.sh
[0.960s] -- Installing: /home/abhilash-ts434/Documents/ros2_ws/install/my_robot_interfaces/share/my_robot_interfaces/environment/pythonpath.dsv
[0.960s] -- Up-to-date: /home/abhilash-ts434/Documents/ros2_ws/install/my_robot_interfaces/local/lib/python3.10/dist-packages/my_robot_interfaces-0.0.0-py3.10.egg-info
[0.960s] -- Installing: /home/abhilash-ts434/Documents/ros2_ws/install/my_robot_interfaces/local/lib/python3.10/dist-packages/my_robot_interfaces-0.0.0-py3.10.egg-info/dependency_links.txt
[0.960s] -- Installing: /home/abhilash-ts434/Documents/ros2_ws/install/my_robot_interfaces/local/lib/python3.10/dist-packages/my_robot_interfaces-0.0.0-py3.10.egg-info/SOURCES.txt
[0.960s] -- Installing: /home/abhilash-ts434/Documents/ros2_ws/install/my_robot_interfaces/local/lib/python3.10/dist-packages/my_robot_interfaces-0.0.0-py3.10.egg-info/top_level.txt
[0.960s] -- Installing: /home/abhilash-ts434/Documents/ros2_ws/install/my_robot_interfaces/local/lib/python3.10/dist-packages/my_robot_interfaces-0.0.0-py3.10.egg-info/PKG-INFO
[0.960s] -- Up-to-date: /home/abhilash-ts434/Documents/ros2_ws/install/my_robot_interfaces/local/lib/python3.10/dist-packages/my_robot_interfaces
[0.961s] -- Up-to-date: /home/abhilash-ts434/Documents/ros2_ws/install/my_robot_interfaces/local/lib/python3.10/dist-packages/my_robot_interfaces/_my_robot_interfaces_s.ep.rosidl_typesupport_fastrtps_c.c
[0.961s] -- Up-to-date: /home/abhilash-ts434/Documents/ros2_ws/install/my_robot_interfaces/local/lib/python3.10/dist-packages/my_robot_interfaces/my_robot_interfaces_s__rosidl_typesupport_fastrtps_c.cpython-310-x86_64-linux-gnu.so
[0.961s] -- Up-to-date: /home/abhilash-ts434/Documents/ros2_ws/install/my_robot_interfaces/local/lib/python3.10/dist-packages/my_robot_interfaces/_my_robot_interfaces_s.ep.rosidl_typesupport_introspection_c.c
[0.961s] -- Up-to-date: /home/abhilash-ts434/Documents/ros2_ws/install/my_robot_interfaces/local/lib/python3.10/dist-packages/my_robot_interfaces/libmy_robot_interfaces__rosidl_generator_py.so
[0.961s] -- Up-to-date: /home/abhilash-ts434/Documents/ros2_ws/install/my_robot_interfaces/local/lib/python3.10/dist-packages/my_robot_interfaces/srv
[0.961s] -- Up-to-date: /home/abhilash-ts434/Documents/ros2_ws/install/my_robot_interfaces/local/lib/python3.10/dist-packages/my_robot_interfaces/srv/_compute_rectangle_area.py
[0.961s] -- Up-to-date: /home/abhilash-ts434/Documents/ros2_ws/install/my_robot_interfaces/local/lib/python3.10/dist-packages/my_robot_interfaces/srv/_set_led_state.py
[0.961s] -- Up-to-date: /home/abhilash-ts434/Documents/ros2_ws/install/my_robot_interfaces/local/lib/python3.10/dist-packages/my_robot_interfaces/srv/_set_led_state_s.c
[0.961s] -- Up-to-date: /home/abhilash-ts434/Documents/ros2_ws/install/my_robot_interfaces/local/lib/python3.10/dist-packages/my_robot_interfaces/srv/_compute_rectangle_area_s.c
[0.961s] -- Up-to-date: /home/abhilash-ts434/Documents/ros2_ws/install/my_robot_interfaces/local/lib/python3.10/dist-packages/my_robot_interfaces/srv/__init__.py
[0.961s] -- Up-to-date: /home/abhilash-ts434/Documents/ros2_ws/install/my_robot_interfaces/local/lib/python3.10/dist-packages/my_robot_interfaces/msg
[0.961s] -- Up-to-date: /home/abhilash-ts434/Documents/ros2_ws/install/my_robot_interfaces/local/lib/python3.10/dist-packages/my_robot_interfaces/msg/_led_panel_state_s.c
[0.961s] -- Up-to-date: /home/abhilash-ts434/Documents/ros2_ws/install/my_robot_interfaces/local/lib/python3.10/dist-packages/my_robot_interfaces/msg/_led_panel_state.py
[0.961s] -- Up-to-date: /home/abhilash-ts434/Documents/ros2_ws/install/my_robot_interfaces/local/lib/python3.10/dist-packages/my_robot_interfaces/msg/_hardware_status_s.c
[0.961s] -- Up-to-date: /home/abhilash-ts434/Documents/ros2_ws/install/my_robot_interfaces/local/lib/python3.10/dist-packages/my_robot_interfaces/msg/_hardware_status.py
[0.961s] -- Up-to-date: /home/abhilash-ts434/Documents/ros2_ws/install/my_robot_interfaces/local/lib/python3.10/dist-packages/my_robot_interfaces/msg/__init__.py
[0.961s] -- Up-to-date: /home/abhilash-ts434/Documents/ros2_ws/install/my_robot_interfaces/local/lib/python3.10/dist-packages/my_robot_interfaces/_my_robot_interfaces_s.ep.rosidl_typesupport_c.c
[0.962s] -- Up-to-date: /home/abhilash-ts434/Documents/ros2_ws/install/my_robot_interfaces/local/lib/python3.10/dist-packages/my_robot_interfaces/my_robot_interfaces_s__rosidl_typesupport_c.cpython-310-x86_64-linux-gnu.so
[0.962s] -- Installing: /home/abhilash-ts434/Documents/ros2_ws/install/my_robot_interfaces/local/lib/python3.10/dist-packages/my_robot_interfaces/__init__.py
[0.962s] -- Up-to-date: /home/abhilash-ts434/Documents/ros2_ws/install/my_robot_interfaces/local/lib/python3.10/dist-packages/my_robot_interfaces/my_robot_interfaces_s__rosidl_typesupport_introspection_c.cpython-310-x86_64-linux-gnu.so
[0.984s] Listing '/home/abhilash-ts434/Documents/ros2_ws/install/my_robot_interfaces/local/lib/python3.10/dist-packages/my_robot_interfaces'...
[0.984s] Compiling '/home/abhilash-ts434/Documents/ros2_ws/install/my_robot_interfaces/local/lib/python3.10/dist-packages/my_robot_interfaces/__init__.py'...
[0.984s] Listing '/home/abhilash-ts434/Documents/ros2_ws/install/my_robot_interfaces/local/lib/python3.10/dist-packages/my_robot_interfaces/msg'...
[0.985s] Listing '/home/abhilash-ts434/Documents/ros2_ws/install/my_robot_interfaces/local/lib/python3.10/dist-packages/my_robot_interfaces/srv'...
[0.988s] -- Up-to-date: /home/abhilash-ts434/Documents/ros2_ws/install/my_robot_interfaces/local/lib/python3.10/dist-packages/my_robot_interfaces/my_robot_interfaces_s__rosidl_typesupport_fastrtps_c.cpython-310-x86_64-linux-gnu.so
[0.988s] -- Up-to-date: /home/abhilash-ts434/Documents/ros2_ws/install/my_robot_interfaces/local/lib/python3.10/dist-packages/my_robot_interfaces/my_robot_interfaces_s__rosidl_typesupport_introspection_c.cpython-310-x86_64-linux-gnu.so
[0.989s] -- Up-to-date: /home/abhilash-ts434/Documents/ros2_ws/install/my_robot_interfaces/local/lib/python3.10/dist-packages/my_robot_interfaces/my_robot_interfaces_s__rosidl_typesupport_c.cpython-310-x86_64-linux-gnu.so
[0.989s] -- Up-to-date: /home/abhilash-ts434/Documents/ros2_ws/install/my_robot_interfaces/lib/libmy_robot_interfaces__rosidl_generator_py.so
[0.990s] -- Up-to-date: /home/abhilash-ts434/Documents/ros2_ws/install/my_robot_interfaces/share/my_robot_interfaces/msg/HardwareStatus.idl
[0.990s] -- Up-to-date: /home/abhilash-ts434/Documents/ros2_ws/install/my_robot_interfaces/share/my_robot_interfaces/msg/LEDPanelState.idl
[0.990s] -- Up-to-date: /home/abhilash-ts434/Documents/ros2_ws/install/my_robot_interfaces/share/my_robot_interfaces/srv/ComputeRectangleArea.idl
[0.990s] -- Up-to-date: /home/abhilash-ts434/Documents/ros2_ws/install/my_robot_interfaces/share/my_robot_interfaces/srv/SetLEDState.idl
[0.990s] -- Up-to-date: /home/abhilash-ts434/Documents/ros2_ws/install/my_robot_interfaces/share/my_robot_interfaces/msg/HardwareStatus.msg
[0.990s] -- Up-to-date: /home/abhilash-ts434/Documents/ros2_ws/install/my_robot_interfaces/share/my_robot_interfaces/msg/LEDPanelState.msg
[0.990s] -- Up-to-date: /home/abhilash-ts434/Documents/ros2_ws/install/my_robot_interfaces/share/my_robot_interfaces/srv/ComputeRectangleArea.srv
[0.990s] -- Up-to-date: /home/abhilash-ts434/Documents/ros2_ws/install/my_robot_interfaces/share/my_robot_interfaces/srv/ComputeRectangleArea_Request.msg
[0.990s] -- Up-to-date: /home/abhilash-ts434/Documents/ros2_ws/install/my_robot_interfaces/share/my_robot_interfaces/srv/ComputeRectangleArea_Response.msg
[0.990s] -- Up-to-date: /home/abhilash-ts434/Documents/ros2_ws/install/my_robot_interfaces/share/my_robot_interfaces/srv/SetLEDState.srv
[0.990s] -- Up-to-date: /home/abhilash-ts434/Documents/ros2_ws/install/my_robot_interfaces/share/my_robot_interfaces/srv/SetLEDState_Request.msg
[0.990s] -- Up-to-date: /home/abhilash-ts434/Documents/ros2_ws/install/my_robot_interfaces/share/my_robot_interfaces/srv/SetLEDState_Response.msg
[0.990s] -- Up-to-date: /home/abhilash-ts434/Documents/ros2_ws/install/my_robot_interfaces/share/ament_index/resource_index/package_run_dependencies/my_robot_interfaces
[0.990s] -- Up-to-date: /home/abhilash-ts434/Documents/ros2_ws/install/my_robot_interfaces/share/ament_index/resource_index/parent_prefix_path/my_robot_interfaces
[0.990s] -- Up-to-date: /home/abhilash-ts434/Documents/ros2_ws/install/my_robot_interfaces/share/my_robot_interfaces/environment/ament_prefix_path.sh
[0.990s] -- Installing: /home/abhilash-ts434/Documents/ros2_ws/install/my_robot_interfaces/share/my_robot_interfaces/environment/ament_prefix_path.dsv
[0.990s] -- Up-to-date: /home/abhilash-ts434/Documents/ros2_ws/install/my_robot_interfaces/share/my_robot_interfaces/environment/path.sh
[0.991s] -- Installing: /home/abhilash-ts434/Documents/ros2_ws/install/my_robot_interfaces/share/my_robot_interfaces/environment/path.dsv
[0.991s] -- Up-to-date: /home/abhilash-ts434/Documents/ros2_ws/install/my_robot_interfaces/share/my_robot_interfaces/local_setup.bash
[0.991s] -- Up-to-date: /home/abhilash-ts434/Documents/ros2_ws/install/my_robot_interfaces/share/my_robot_interfaces/local_setup.sh
[0.991s] -- Up-to-date: /home/abhilash-ts434/Documents/ros2_ws/install/my_robot_interfaces/share/my_robot_interfaces/local_setup.zsh
[0.991s] -- Installing: /home/abhilash-ts434/Documents/ros2_ws/install/my_robot_interfaces/share/my_robot_interfaces/local_setup.dsv
[0.991s] -- Installing: /home/abhilash-ts434/Documents/ros2_ws/install/my_robot_interfaces/share/my_robot_interfaces/package.dsv
[0.991s] -- Up-to-date: /home/abhilash-ts434/Documents/ros2_ws/install/my_robot_interfaces/share/ament_index/resource_index/packages/my_robot_interfaces
[0.991s] -- Up-to-date: /home/abhilash-ts434/Documents/ros2_ws/install/my_robot_interfaces/share/my_robot_interfaces/cmake/export_my_robot_interfaces__rosidl_generator_cExport.cmake
[0.991s] -- Up-to-date: /home/abhilash-ts434/Documents/ros2_ws/install/my_robot_interfaces/share/my_robot_interfaces/cmake/export_my_robot_interfaces__rosidl_generator_cExport-noconfig.cmake
[0.991s] -- Up-to-date: /home/abhilash-ts434/Documents/ros2_ws/install/my_robot_interfaces/share/my_robot_interfaces/cmake/export_my_robot_interfaces__rosidl_typesupport_fastrtps_cExport.cmake
[0.991s] -- Up-to-date: /home/abhilash-ts434/Documents/ros2_ws/install/my_robot_interfaces/share/my_robot_interfaces/cmake/export_my_robot_interfaces__rosidl_typesupport_fastrtps_cExport-noconfig.cmake
[0.991s] -- Up-to-date: /home/abhilash-ts434/Documents/ros2_ws/install/my_robot_interfaces/share/my_robot_interfaces/cmake/my_robot_interfaces__rosidl_typesupport_introspection_cExport.cmake
[0.992s] -- Up-to-date: /home/abhilash-ts434/Documents/ros2_ws/install/my_robot_interfaces/share/my_robot_interfaces/cmake/my_robot_interfaces__rosidl_typesupport_introspection_cExport-noconfig.cmake
[0.992s] -- Up-to-date: /home/abhilash-ts434/Documents/ros2_ws/install/my_robot_interfaces/share/my_robot_interfaces/cmake/my_robot_interfaces__rosidl_typesupport_cExport.cmake
[0.992s] -- Up-to-date: /home/abhilash-ts434/Documents/ros2_ws/install/my_robot_interfaces/share/my_robot_interfaces/cmake/my_robot_interfaces__rosidl_typesupport_cExport-noconfig.cmake
[0.992s] -- Up-to-date: /home/abhilash-ts434/Documents/ros2_ws/install/my_robot_interfaces/share/my_robot_interfaces/cmake/export_my_robot_interfaces__rosidl_generator_cppExport.cmake
[0.992s] -- Up-to-date: /home/abhilash-ts434/Documents/ros2_ws/install/my_robot_interfaces/share/my_robot_interfaces/cmake/export_my_robot_interfaces__rosidl_typesupport_fastrtps_cppExport.cmake
[0.992s] -- Up-to-date: /home/abhilash-ts434/Documents/ros2_ws/install/my_robot_interfaces/share/my_robot_interfaces/cmake/export_my_robot_interfaces__rosidl_typesupport_fastrtps_cppExport-noconfig.cmake
[0.992s] -- Up-to-date: /home/abhilash-ts434/Documents/ros2_ws/install/my_robot_interfaces/share/my_robot_interfaces/cmake/my_robot_interfaces__rosidl_typesupport_introspection_cppExport.cmake
[0.992s] -- Up-to-date: /home/abhilash-ts434/Documents/ros2_ws/install/my_robot_interfaces/share/my_robot_interfaces/cmake/my_robot_interfaces__rosidl_typesupport_introspection_cppExport-noconfig.cmake
[0.992s] -- Up-to-date: /home/abhilash-ts434/Documents/ros2_ws/install/my_robot_interfaces/share/my_robot_interfaces/cmake/my_robot_interfaces__rosidl_typesupport_cppExport.cmake
[0.992s] -- Up-to-date: /home/abhilash-ts434/Documents/ros2_ws/install/my_robot_interfaces/share/my_robot_interfaces/cmake/my_robot_interfaces__rosidl_typesupport_cppExport-noconfig.cmake
[0.993s] -- Up-to-date: /home/abhilash-ts434/Documents/ros2_ws/install/my_robot_interfaces/share/my_robot_interfaces/cmake/export_my_robot_interfaces__rosidl_generator_pyExport.cmake
[0.993s] -- Up-to-date: /home/abhilash-ts434/Documents/ros2_ws/install/my_robot_interfaces/share/my_robot_interfaces/cmake/export_my_robot_interfaces__rosidl_generator_pyExport-noconfig.cmake
[0.993s] -- Up-to-date: /home/abhilash-ts434/Documents/ros2_ws/install/my_robot_interfaces/share/my_robot_interfaces/cmake/rosidl_cmake-extras.cmake
[0.993s] -- Up-to-date: /home/abhilash-ts434/Documents/ros2_ws/install/my_robot_interfaces/share/my_robot_interfaces/cmake/ament_cmake_export_include_directories-extras.cmake
[0.993s] -- Up-to-date: /home/abhilash-ts434/Documents/ros2_ws/install/my_robot_interfaces/share/my_robot_interfaces/cmake/ament_cmake_export_libraries-extras.cmake
[0.993s] -- Up-to-date: /home/abhilash-ts434/Documents/ros2_ws/install/my_robot_interfaces/share/my_robot_interfaces/cmake/ament_cmake_export_targets-extras.cmake
[0.993s] -- Up-to-date: /home/abhilash-ts434/Documents/ros2_ws/install/my_robot_interfaces/share/my_robot_interfaces/cmake/rosidl_cmake_export_typesupport_targets-extras.cmake
[0.993s] -- Up-to-date: /home/abhilash-ts434/Documents/ros2_ws/install/my_robot_interfaces/share/my_robot_interfaces/cmake/ament_cmake_export_dependencies-extras.cmake
[0.993s] -- Up-to-date: /home/abhilash-ts434/Documents/ros2_ws/install/my_robot_interfaces/share/my_robot_interfaces/cmake/rosidl_cmake_export_typesupport_libraries-extras.cmake
[0.993s] -- Up-to-date: /home/abhilash-ts434/Documents/ros2_ws/install/my_robot_interfaces/share/my_robot_interfaces/cmake/my_robot_interfacesConfig.cmake
[0.993s] -- Up-to-date: /home/abhilash-ts434/Documents/ros2_ws/install/my_robot_interfaces/share/my_robot_interfaces/cmake/my_robot_interfacesConfig-version.cmake
[0.993s] -- Up-to-date: /home/abhilash-ts434/Documents/ros2_ws/install/my_robot_interfaces/share/my_robot_interfaces/package.xml
[0.995s] Invoked command in '/home/abhilash-ts434/Documents/ros2_ws/build/my_robot_interfaces' returned '0': CMAKE_PREFIX_PATH=${CMAKE_PREFIX_PATH}:/home/abhilash-ts434/Documents/ros2_ws/install/my_py_pkg:/opt/ros/humble /usr/bin/cmake --install /home/abhilash-ts434/Documents/ros2_ws/build/my_robot_interfaces
