[0.009s] Invoking command in '/home/abhilash-ts434/Documents/ros2_ws/build/my_robot_description': CMAKE_PREFIX_PATH=${CMAKE_PREFIX_PATH}:/home/abhilash-ts434/Documents/ros2_ws/install/my_py_pkg:/opt/ros/humble /usr/bin/cmake --build /home/abhilash-ts434/Documents/ros2_ws/build/my_robot_description -- -j16 -l16
[0.025s] -- Found ament_cmake: 1.3.11 (/opt/ros/humble/share/ament_cmake/cmake)
[0.152s] -- Configuring done
[0.154s] -- Generating done
[0.155s] -- Build files have been written to: /home/abhilash-ts434/Documents/ros2_ws/build/my_robot_description
[0.171s] Invoked command in '/home/abhilash-ts434/Documents/ros2_ws/build/my_robot_description' returned '0': CMAKE_PREFIX_PATH=${CMAKE_PREFIX_PATH}:/home/abhilash-ts434/Documents/ros2_ws/install/my_py_pkg:/opt/ros/humble /usr/bin/cmake --build /home/abhilash-ts434/Documents/ros2_ws/build/my_robot_description -- -j16 -l16
[0.180s] Invoking command in '/home/abhilash-ts434/Documents/ros2_ws/build/my_robot_description': CMAKE_PREFIX_PATH=${CMAKE_PREFIX_PATH}:/home/abhilash-ts434/Documents/ros2_ws/install/my_py_pkg:/opt/ros/humble /usr/bin/cmake --install /home/abhilash-ts434/Documents/ros2_ws/build/my_robot_description
[0.184s] -- Install configuration: ""
[0.184s] -- Up-to-date: /home/abhilash-ts434/Documents/ros2_ws/install/my_robot_description/share/my_robot_description//urdf
[0.184s] -- Up-to-date: /home/abhilash-ts434/Documents/ros2_ws/install/my_robot_description/share/my_robot_description//urdf/my_robot.urdf
[0.184s] -- Installing: /home/abhilash-ts434/Documents/ros2_ws/install/my_robot_description/share/my_robot_description//launch
[0.184s] -- Installing: /home/abhilash-ts434/Documents/ros2_ws/install/my_robot_description/share/my_robot_description//launch/display.launch.xml
[0.185s] -- Up-to-date: /home/abhilash-ts434/Documents/ros2_ws/install/my_robot_description/share/ament_index/resource_index/package_run_dependencies/my_robot_description
[0.185s] -- Up-to-date: /home/abhilash-ts434/Documents/ros2_ws/install/my_robot_description/share/ament_index/resource_index/parent_prefix_path/my_robot_description
[0.185s] -- Up-to-date: /home/abhilash-ts434/Documents/ros2_ws/install/my_robot_description/share/my_robot_description/environment/ament_prefix_path.sh
[0.185s] -- Installing: /home/abhilash-ts434/Documents/ros2_ws/install/my_robot_description/share/my_robot_description/environment/ament_prefix_path.dsv
[0.185s] -- Up-to-date: /home/abhilash-ts434/Documents/ros2_ws/install/my_robot_description/share/my_robot_description/environment/path.sh
[0.185s] -- Installing: /home/abhilash-ts434/Documents/ros2_ws/install/my_robot_description/share/my_robot_description/environment/path.dsv
[0.185s] -- Up-to-date: /home/abhilash-ts434/Documents/ros2_ws/install/my_robot_description/share/my_robot_description/local_setup.bash
[0.185s] -- Up-to-date: /home/abhilash-ts434/Documents/ros2_ws/install/my_robot_description/share/my_robot_description/local_setup.sh
[0.185s] -- Up-to-date: /home/abhilash-ts434/Documents/ros2_ws/install/my_robot_description/share/my_robot_description/local_setup.zsh
[0.185s] -- Installing: /home/abhilash-ts434/Documents/ros2_ws/install/my_robot_description/share/my_robot_description/local_setup.dsv
[0.185s] -- Installing: /home/abhilash-ts434/Documents/ros2_ws/install/my_robot_description/share/my_robot_description/package.dsv
[0.185s] -- Up-to-date: /home/abhilash-ts434/Documents/ros2_ws/install/my_robot_description/share/ament_index/resource_index/packages/my_robot_description
[0.185s] -- Up-to-date: /home/abhilash-ts434/Documents/ros2_ws/install/my_robot_description/share/my_robot_description/cmake/my_robot_descriptionConfig.cmake
[0.185s] -- Up-to-date: /home/abhilash-ts434/Documents/ros2_ws/install/my_robot_description/share/my_robot_description/cmake/my_robot_descriptionConfig-version.cmake
[0.185s] -- Up-to-date: /home/abhilash-ts434/Documents/ros2_ws/install/my_robot_description/share/my_robot_description/package.xml
[0.186s] Invoked command in '/home/abhilash-ts434/Documents/ros2_ws/build/my_robot_description' returned '0': CMAKE_PREFIX_PATH=${CMAKE_PREFIX_PATH}:/home/abhilash-ts434/Documents/ros2_ws/install/my_py_pkg:/opt/ros/humble /usr/bin/cmake --install /home/abhilash-ts434/Documents/ros2_ws/build/my_robot_description
