[0.010s] Invoking command in '/home/abhilash-ts434/Documents/ros2_ws/build/my_robot_interfaces': CMAKE_PREFIX_PATH=${CMAKE_PREFIX_PATH}:/home/abhilash-ts434/Documents/ros2_ws/install/my_py_pkg:/opt/ros/humble /usr/bin/cmake --build /home/abhilash-ts434/Documents/ros2_ws/build/my_robot_interfaces -- -j16 -l16
[0.042s] -- Found ament_cmake: 1.3.11 (/opt/ros/humble/share/ament_cmake/cmake)
[0.133s] [31mCMake Error at CMakeLists.txt:10 (find_package):
[0.133s]   By not providing "Findrosidl_default_generators.cmake" in CMAKE_MODULE_PATH
[0.133s]   this project has asked CMake to find a package configuration file provided
[0.133s]   by "rosidl_default_generators", but CMake did not find one.
[0.133s] 
[0.133s]   Could not find a package configuration file provided by
[0.133s]   "rosidl_default_generators" with any of the following names:
[0.133s] 
[0.133s]     rosidl_default_generatorsConfig.cmake
[0.133s]     rosidl_default_generators-config.cmake
[0.133s] 
[0.133s]   Add the installation prefix of "rosidl_default_generators" to
[0.133s]   CMAKE_PREFIX_PATH or set "rosidl_default_generators_DIR" to a directory
[0.133s]   containing one of the above files.  If "rosidl_default_generators" provides
[0.133s]   a separate development package or SDK, be sure it has been installed.
[0.134s] 
[0.134s] [0m
[0.135s] -- Configuring incomplete, errors occurred!
[0.135s] See also "/home/abhilash-ts434/Documents/ros2_ws/build/my_robot_interfaces/CMakeFiles/CMakeOutput.log".
[0.135s] gmake: *** [Makefile:1395: cmake_check_build_system] Error 1
