[0.010s] Invoking command in '/home/abhilash-ts434/Documents/ros2_ws/build/my_robot_bringup': CMAKE_PREFIX_PATH=${CMAKE_PREFIX_PATH}:/home/abhilash-ts434/Documents/ros2_ws/install/my_py_pkg:/opt/ros/humble /usr/bin/cmake /home/abhilash-ts434/Documents/ros2_ws/src/my_robot_bringup -DCMAKE_INSTALL_PREFIX=/home/abhilash-ts434/Documents/ros2_ws/install/my_robot_bringup
[0.018s] -- Found ament_cmake: 1.3.11 (/opt/ros/humble/share/ament_cmake/cmake)
[0.124s] -- Override CMake install command with custom implementation using symlinks instead of copying resources
[0.176s] -- Configuring done
[0.179s] -- Generating done
[0.180s] -- Build files have been written to: /home/abhilash-ts434/Documents/ros2_ws/build/my_robot_bringup
[0.182s] Invoked command in '/home/abhilash-ts434/Documents/ros2_ws/build/my_robot_bringup' returned '0': CMAKE_PREFIX_PATH=${CMAKE_PREFIX_PATH}:/home/abhilash-ts434/Documents/ros2_ws/install/my_py_pkg:/opt/ros/humble /usr/bin/cmake /home/abhilash-ts434/Documents/ros2_ws/src/my_robot_bringup -DCMAKE_INSTALL_PREFIX=/home/abhilash-ts434/Documents/ros2_ws/install/my_robot_bringup
[0.183s] Invoking command in '/home/abhilash-ts434/Documents/ros2_ws/build/my_robot_bringup': CMAKE_PREFIX_PATH=${CMAKE_PREFIX_PATH}:/home/abhilash-ts434/Documents/ros2_ws/install/my_py_pkg:/opt/ros/humble /usr/bin/cmake --build /home/abhilash-ts434/Documents/ros2_ws/build/my_robot_bringup -- -j16 -l16
[0.209s] Invoked command in '/home/abhilash-ts434/Documents/ros2_ws/build/my_robot_bringup' returned '0': CMAKE_PREFIX_PATH=${CMAKE_PREFIX_PATH}:/home/abhilash-ts434/Documents/ros2_ws/install/my_py_pkg:/opt/ros/humble /usr/bin/cmake --build /home/abhilash-ts434/Documents/ros2_ws/build/my_robot_bringup -- -j16 -l16
[0.210s] Invoking command in '/home/abhilash-ts434/Documents/ros2_ws/build/my_robot_bringup': CMAKE_PREFIX_PATH=${CMAKE_PREFIX_PATH}:/home/abhilash-ts434/Documents/ros2_ws/install/my_py_pkg:/opt/ros/humble /usr/bin/cmake --install /home/abhilash-ts434/Documents/ros2_ws/build/my_robot_bringup
[0.214s] -- Install configuration: ""
[0.215s] -- Execute custom install script
[0.215s] -- Up-to-date symlink: /home/abhilash-ts434/Documents/ros2_ws/install/my_robot_bringup/share/my_robot_bringup/launch/number_app.launch.py
[0.215s] -- Up-to-date symlink: /home/abhilash-ts434/Documents/ros2_ws/install/my_robot_bringup/share/ament_index/resource_index/package_run_dependencies/my_robot_bringup
[0.215s] -- Up-to-date symlink: /home/abhilash-ts434/Documents/ros2_ws/install/my_robot_bringup/share/ament_index/resource_index/parent_prefix_path/my_robot_bringup
[0.215s] -- Up-to-date symlink: /home/abhilash-ts434/Documents/ros2_ws/install/my_robot_bringup/share/my_robot_bringup/environment/ament_prefix_path.sh
[0.215s] -- Up-to-date symlink: /home/abhilash-ts434/Documents/ros2_ws/install/my_robot_bringup/share/my_robot_bringup/environment/ament_prefix_path.dsv
[0.215s] -- Up-to-date symlink: /home/abhilash-ts434/Documents/ros2_ws/install/my_robot_bringup/share/my_robot_bringup/environment/path.sh
[0.216s] -- Up-to-date symlink: /home/abhilash-ts434/Documents/ros2_ws/install/my_robot_bringup/share/my_robot_bringup/environment/path.dsv
[0.216s] -- Up-to-date symlink: /home/abhilash-ts434/Documents/ros2_ws/install/my_robot_bringup/share/my_robot_bringup/local_setup.bash
[0.216s] -- Up-to-date symlink: /home/abhilash-ts434/Documents/ros2_ws/install/my_robot_bringup/share/my_robot_bringup/local_setup.sh
[0.216s] -- Up-to-date symlink: /home/abhilash-ts434/Documents/ros2_ws/install/my_robot_bringup/share/my_robot_bringup/local_setup.zsh
[0.216s] -- Up-to-date symlink: /home/abhilash-ts434/Documents/ros2_ws/install/my_robot_bringup/share/my_robot_bringup/local_setup.dsv
[0.216s] -- Symlinking: /home/abhilash-ts434/Documents/ros2_ws/install/my_robot_bringup/share/my_robot_bringup/package.dsv
[0.222s] -- Up-to-date symlink: /home/abhilash-ts434/Documents/ros2_ws/install/my_robot_bringup/share/ament_index/resource_index/packages/my_robot_bringup
[0.222s] -- Up-to-date symlink: /home/abhilash-ts434/Documents/ros2_ws/install/my_robot_bringup/share/my_robot_bringup/cmake/my_robot_bringupConfig.cmake
[0.222s] -- Up-to-date symlink: /home/abhilash-ts434/Documents/ros2_ws/install/my_robot_bringup/share/my_robot_bringup/cmake/my_robot_bringupConfig-version.cmake
[0.222s] -- Up-to-date symlink: /home/abhilash-ts434/Documents/ros2_ws/install/my_robot_bringup/share/my_robot_bringup/package.xml
[0.225s] Invoked command in '/home/abhilash-ts434/Documents/ros2_ws/build/my_robot_bringup' returned '0': CMAKE_PREFIX_PATH=${CMAKE_PREFIX_PATH}:/home/abhilash-ts434/Documents/ros2_ws/install/my_py_pkg:/opt/ros/humble /usr/bin/cmake --install /home/abhilash-ts434/Documents/ros2_ws/build/my_robot_bringup
