[0.008s] Invoking command in '/home/abhilash-ts434/Documents/ros2_ws/build/my_robot_description': CMAKE_PREFIX_PATH=${CMAKE_PREFIX_PATH}:/home/abhilash-ts434/Documents/ros2_ws/install/my_py_pkg:/opt/ros/humble /usr/bin/cmake /home/abhilash-ts434/Documents/ros2_ws/src/my_robot_description -DAMENT_CMAKE_SYMLINK_INSTALL=1 -DCMAKE_INSTALL_PREFIX=/home/abhilash-ts434/Documents/ros2_ws/install/my_robot_description
[0.016s] -- Found ament_cmake: 1.3.11 (/opt/ros/humble/share/ament_cmake/cmake)
[0.096s] -- Override CMake install command with custom implementation using symlinks instead of copying resources
[0.147s] -- Configuring done
[0.149s] -- Generating done
[0.150s] -- Build files have been written to: /home/abhilash-ts434/Documents/ros2_ws/build/my_robot_description
[0.152s] Invoked command in '/home/abhilash-ts434/Documents/ros2_ws/build/my_robot_description' returned '0': CMAKE_PREFIX_PATH=${CMAKE_PREFIX_PATH}:/home/abhilash-ts434/Documents/ros2_ws/install/my_py_pkg:/opt/ros/humble /usr/bin/cmake /home/abhilash-ts434/Documents/ros2_ws/src/my_robot_description -DAMENT_CMAKE_SYMLINK_INSTALL=1 -DCMAKE_INSTALL_PREFIX=/home/abhilash-ts434/Documents/ros2_ws/install/my_robot_description
[0.154s] Invoking command in '/home/abhilash-ts434/Documents/ros2_ws/build/my_robot_description': CMAKE_PREFIX_PATH=${CMAKE_PREFIX_PATH}:/home/abhilash-ts434/Documents/ros2_ws/install/my_py_pkg:/opt/ros/humble /usr/bin/cmake --build /home/abhilash-ts434/Documents/ros2_ws/build/my_robot_description -- -j16 -l16
[0.179s] Invoked command in '/home/abhilash-ts434/Documents/ros2_ws/build/my_robot_description' returned '0': CMAKE_PREFIX_PATH=${CMAKE_PREFIX_PATH}:/home/abhilash-ts434/Documents/ros2_ws/install/my_py_pkg:/opt/ros/humble /usr/bin/cmake --build /home/abhilash-ts434/Documents/ros2_ws/build/my_robot_description -- -j16 -l16
[0.185s] Invoking command in '/home/abhilash-ts434/Documents/ros2_ws/build/my_robot_description': CMAKE_PREFIX_PATH=${CMAKE_PREFIX_PATH}:/home/abhilash-ts434/Documents/ros2_ws/install/my_py_pkg:/opt/ros/humble /usr/bin/cmake --install /home/abhilash-ts434/Documents/ros2_ws/build/my_robot_description
[0.190s] -- Install configuration: ""
[0.190s] -- Execute custom install script
[0.191s] -- Symlinking: /home/abhilash-ts434/Documents/ros2_ws/install/my_robot_description/share/my_robot_description//urdf/my_robot.urdf.xacro
[0.196s] -- Symlinking: /home/abhilash-ts434/Documents/ros2_ws/install/my_robot_description/share/my_robot_description//launch/display.launch.py
[0.201s] -- Symlinking: /home/abhilash-ts434/Documents/ros2_ws/install/my_robot_description/share/my_robot_description//launch/display.launch.xml
[0.206s] -- Symlinking: /home/abhilash-ts434/Documents/ros2_ws/install/my_robot_description/share/my_robot_description//rviz/urdf_config.rviz
[0.212s] -- Symlinking: /home/abhilash-ts434/Documents/ros2_ws/install/my_robot_description/share/ament_index/resource_index/package_run_dependencies/my_robot_description
[0.217s] -- Symlinking: /home/abhilash-ts434/Documents/ros2_ws/install/my_robot_description/share/ament_index/resource_index/parent_prefix_path/my_robot_description
[0.223s] -- Symlinking: /home/abhilash-ts434/Documents/ros2_ws/install/my_robot_description/share/my_robot_description/environment/ament_prefix_path.sh
[0.229s] -- Symlinking: /home/abhilash-ts434/Documents/ros2_ws/install/my_robot_description/share/my_robot_description/environment/ament_prefix_path.dsv
[0.235s] -- Symlinking: /home/abhilash-ts434/Documents/ros2_ws/install/my_robot_description/share/my_robot_description/environment/path.sh
[0.241s] -- Symlinking: /home/abhilash-ts434/Documents/ros2_ws/install/my_robot_description/share/my_robot_description/environment/path.dsv
[0.246s] -- Symlinking: /home/abhilash-ts434/Documents/ros2_ws/install/my_robot_description/share/my_robot_description/local_setup.bash
[0.251s] -- Symlinking: /home/abhilash-ts434/Documents/ros2_ws/install/my_robot_description/share/my_robot_description/local_setup.sh
[0.258s] -- Symlinking: /home/abhilash-ts434/Documents/ros2_ws/install/my_robot_description/share/my_robot_description/local_setup.zsh
[0.263s] -- Symlinking: /home/abhilash-ts434/Documents/ros2_ws/install/my_robot_description/share/my_robot_description/local_setup.dsv
[0.268s] -- Symlinking: /home/abhilash-ts434/Documents/ros2_ws/install/my_robot_description/share/my_robot_description/package.dsv
[0.274s] -- Symlinking: /home/abhilash-ts434/Documents/ros2_ws/install/my_robot_description/share/ament_index/resource_index/packages/my_robot_description
[0.280s] -- Symlinking: /home/abhilash-ts434/Documents/ros2_ws/install/my_robot_description/share/my_robot_description/cmake/my_robot_descriptionConfig.cmake
[0.285s] -- Symlinking: /home/abhilash-ts434/Documents/ros2_ws/install/my_robot_description/share/my_robot_description/cmake/my_robot_descriptionConfig-version.cmake
[0.290s] -- Symlinking: /home/abhilash-ts434/Documents/ros2_ws/install/my_robot_description/share/my_robot_description/package.xml
[0.297s] Invoked command in '/home/abhilash-ts434/Documents/ros2_ws/build/my_robot_description' returned '0': CMAKE_PREFIX_PATH=${CMAKE_PREFIX_PATH}:/home/abhilash-ts434/Documents/ros2_ws/install/my_py_pkg:/opt/ros/humble /usr/bin/cmake --install /home/abhilash-ts434/Documents/ros2_ws/build/my_robot_description
