[0.098s] DEBUG:colcon:Command line arguments: ['/usr/bin/colcon', 'build']
[0.098s] DEBUG:colcon:Parsed command line arguments: Namespace(log_base=None, log_level=None, verb_name='build', build_base='build', install_base='install', merge_install=False, symlink_install=False, test_result_base=None, continue_on_error=False, executor='parallel', parallel_workers=16, event_handlers=None, ignore_user_meta=False, metas=['./colcon.meta'], base_paths=['.'], packages_ignore=None, packages_ignore_regex=None, paths=None, packages_up_to=None, packages_up_to_regex=None, packages_above=None, packages_above_and_dependencies=None, packages_above_depth=None, packages_select_by_dep=None, packages_skip_by_dep=None, packages_skip_up_to=None, packages_select_build_failed=False, packages_skip_build_finished=False, packages_select_test_failures=False, packages_skip_test_passed=False, packages_select=None, packages_skip=None, packages_select_regex=None, packages_skip_regex=None, packages_start=None, packages_end=None, allow_overriding=[], cmake_args=None, cmake_target=None, cmake_target_skip_unavailable=False, cmake_clean_cache=False, cmake_clean_first=False, cmake_force_configure=False, ament_cmake_args=None, catkin_cmake_args=None, catkin_skip_building_tests=False, verb_parser=<colcon_defaults.argument_parser.defaults.DefaultArgumentsDecorator object at 0x739ee5655a50>, verb_extension=<colcon_core.verb.build.BuildVerb object at 0x739ee5655570>, main=<bound method BuildVerb.main of <colcon_core.verb.build.BuildVerb object at 0x739ee5655570>>)
[0.261s] Level 1:colcon.colcon_core.package_discovery:discover_packages(colcon_meta) check parameters
[0.261s] Level 1:colcon.colcon_core.package_discovery:discover_packages(recursive) check parameters
[0.261s] Level 1:colcon.colcon_core.package_discovery:discover_packages(ignore) check parameters
[0.261s] Level 1:colcon.colcon_core.package_discovery:discover_packages(path) check parameters
[0.261s] Level 1:colcon.colcon_core.package_discovery:discover_packages(colcon_meta) discover
[0.261s] Level 1:colcon.colcon_core.package_discovery:discover_packages(recursive) discover
[0.261s] INFO:colcon.colcon_core.package_discovery:Crawling recursively for packages in '/home/abhilash-ts434/Documents/ros2_ws/src'
[0.261s] Level 1:colcon.colcon_core.package_identification:_identify(.) by extensions ['ignore', 'ignore_ament_install']
[0.261s] Level 1:colcon.colcon_core.package_identification:_identify(.) by extension 'ignore'
[0.261s] Level 1:colcon.colcon_core.package_identification:_identify(.) by extension 'ignore_ament_install'
[0.261s] Level 1:colcon.colcon_core.package_identification:_identify(.) by extensions ['colcon_pkg']
[0.261s] Level 1:colcon.colcon_core.package_identification:_identify(.) by extension 'colcon_pkg'
[0.261s] Level 1:colcon.colcon_core.package_identification:_identify(.) by extensions ['colcon_meta']
[0.261s] Level 1:colcon.colcon_core.package_identification:_identify(.) by extension 'colcon_meta'
[0.261s] Level 1:colcon.colcon_core.package_identification:_identify(.) by extensions ['ros']
[0.261s] Level 1:colcon.colcon_core.package_identification:_identify(.) by extension 'ros'
[0.268s] Level 1:colcon.colcon_core.package_identification:_identify(.) by extensions ['cmake', 'python']
[0.268s] Level 1:colcon.colcon_core.package_identification:_identify(.) by extension 'cmake'
[0.268s] Level 1:colcon.colcon_core.package_identification:_identify(.) by extension 'python'
[0.268s] Level 1:colcon.colcon_core.package_identification:_identify(.) by extensions ['python_setup_py']
[0.268s] Level 1:colcon.colcon_core.package_identification:_identify(.) by extension 'python_setup_py'
[0.269s] Level 1:colcon.colcon_core.package_identification:_identify(build) by extensions ['ignore', 'ignore_ament_install']
[0.269s] Level 1:colcon.colcon_core.package_identification:_identify(build) by extension 'ignore'
[0.269s] Level 1:colcon.colcon_core.package_identification:_identify(build) ignored
[0.269s] Level 1:colcon.colcon_core.package_identification:_identify(install) by extensions ['ignore', 'ignore_ament_install']
[0.269s] Level 1:colcon.colcon_core.package_identification:_identify(install) by extension 'ignore'
[0.269s] Level 1:colcon.colcon_core.package_identification:_identify(install) ignored
[0.269s] Level 1:colcon.colcon_core.package_identification:_identify(log) by extensions ['ignore', 'ignore_ament_install']
[0.269s] Level 1:colcon.colcon_core.package_identification:_identify(log) by extension 'ignore'
[0.269s] Level 1:colcon.colcon_core.package_identification:_identify(log) ignored
[0.269s] Level 1:colcon.colcon_core.package_identification:_identify(my_cpp_pkg) by extensions ['ignore', 'ignore_ament_install']
[0.269s] Level 1:colcon.colcon_core.package_identification:_identify(my_cpp_pkg) by extension 'ignore'
[0.269s] Level 1:colcon.colcon_core.package_identification:_identify(my_cpp_pkg) by extension 'ignore_ament_install'
[0.269s] Level 1:colcon.colcon_core.package_identification:_identify(my_cpp_pkg) by extensions ['colcon_pkg']
[0.269s] Level 1:colcon.colcon_core.package_identification:_identify(my_cpp_pkg) by extension 'colcon_pkg'
[0.269s] Level 1:colcon.colcon_core.package_identification:_identify(my_cpp_pkg) by extensions ['colcon_meta']
[0.269s] Level 1:colcon.colcon_core.package_identification:_identify(my_cpp_pkg) by extension 'colcon_meta'
[0.269s] Level 1:colcon.colcon_core.package_identification:_identify(my_cpp_pkg) by extensions ['ros']
[0.269s] Level 1:colcon.colcon_core.package_identification:_identify(my_cpp_pkg) by extension 'ros'
[0.271s] DEBUG:colcon.colcon_core.package_identification:Package 'my_cpp_pkg' with type 'ros.ament_cmake' and name 'my_cpp_pkg'
[0.271s] Level 1:colcon.colcon_core.package_identification:_identify(my_py_pkg) by extensions ['ignore', 'ignore_ament_install']
[0.271s] Level 1:colcon.colcon_core.package_identification:_identify(my_py_pkg) by extension 'ignore'
[0.271s] Level 1:colcon.colcon_core.package_identification:_identify(my_py_pkg) by extension 'ignore_ament_install'
[0.271s] Level 1:colcon.colcon_core.package_identification:_identify(my_py_pkg) by extensions ['colcon_pkg']
[0.271s] Level 1:colcon.colcon_core.package_identification:_identify(my_py_pkg) by extension 'colcon_pkg'
[0.271s] Level 1:colcon.colcon_core.package_identification:_identify(my_py_pkg) by extensions ['colcon_meta']
[0.271s] Level 1:colcon.colcon_core.package_identification:_identify(my_py_pkg) by extension 'colcon_meta'
[0.271s] Level 1:colcon.colcon_core.package_identification:_identify(my_py_pkg) by extensions ['ros']
[0.271s] Level 1:colcon.colcon_core.package_identification:_identify(my_py_pkg) by extension 'ros'
[0.271s] DEBUG:colcon.colcon_core.package_identification:Package 'my_py_pkg' with type 'ros.ament_python' and name 'my_py_pkg'
[0.272s] Level 1:colcon.colcon_core.package_identification:_identify(my_robot_bringup) by extensions ['ignore', 'ignore_ament_install']
[0.272s] Level 1:colcon.colcon_core.package_identification:_identify(my_robot_bringup) by extension 'ignore'
[0.272s] Level 1:colcon.colcon_core.package_identification:_identify(my_robot_bringup) by extension 'ignore_ament_install'
[0.272s] Level 1:colcon.colcon_core.package_identification:_identify(my_robot_bringup) by extensions ['colcon_pkg']
[0.272s] Level 1:colcon.colcon_core.package_identification:_identify(my_robot_bringup) by extension 'colcon_pkg'
[0.272s] Level 1:colcon.colcon_core.package_identification:_identify(my_robot_bringup) by extensions ['colcon_meta']
[0.272s] Level 1:colcon.colcon_core.package_identification:_identify(my_robot_bringup) by extension 'colcon_meta'
[0.272s] Level 1:colcon.colcon_core.package_identification:_identify(my_robot_bringup) by extensions ['ros']
[0.272s] Level 1:colcon.colcon_core.package_identification:_identify(my_robot_bringup) by extension 'ros'
[0.272s] DEBUG:colcon.colcon_core.package_identification:Package 'my_robot_bringup' with type 'ros.ament_cmake' and name 'my_robot_bringup'
[0.272s] Level 1:colcon.colcon_core.package_identification:_identify(my_robot_interfaces) by extensions ['ignore', 'ignore_ament_install']
[0.272s] Level 1:colcon.colcon_core.package_identification:_identify(my_robot_interfaces) by extension 'ignore'
[0.272s] Level 1:colcon.colcon_core.package_identification:_identify(my_robot_interfaces) by extension 'ignore_ament_install'
[0.272s] Level 1:colcon.colcon_core.package_identification:_identify(my_robot_interfaces) by extensions ['colcon_pkg']
[0.272s] Level 1:colcon.colcon_core.package_identification:_identify(my_robot_interfaces) by extension 'colcon_pkg'
[0.272s] Level 1:colcon.colcon_core.package_identification:_identify(my_robot_interfaces) by extensions ['colcon_meta']
[0.272s] Level 1:colcon.colcon_core.package_identification:_identify(my_robot_interfaces) by extension 'colcon_meta'
[0.272s] Level 1:colcon.colcon_core.package_identification:_identify(my_robot_interfaces) by extensions ['ros']
[0.272s] Level 1:colcon.colcon_core.package_identification:_identify(my_robot_interfaces) by extension 'ros'
[0.273s] DEBUG:colcon.colcon_core.package_identification:Package 'my_robot_interfaces' with type 'ros.ament_cmake' and name 'my_robot_interfaces'
[0.274s] Level 1:colcon.colcon_core.package_discovery:discover_packages(recursive) using defaults
[0.274s] Level 1:colcon.colcon_core.package_discovery:discover_packages(ignore) discover
[0.274s] Level 1:colcon.colcon_core.package_discovery:discover_packages(ignore) using defaults
[0.274s] Level 1:colcon.colcon_core.package_discovery:discover_packages(path) discover
[0.274s] Level 1:colcon.colcon_core.package_discovery:discover_packages(path) using defaults
[0.296s] Level 1:colcon.colcon_core.package_discovery:discover_packages(prefix_path) check parameters
[0.296s] Level 1:colcon.colcon_core.package_discovery:discover_packages(prefix_path) discover
[0.299s] DEBUG:colcon.colcon_installed_package_information.package_discovery:Found 4 installed packages in /home/abhilash-ts434/Documents/ros2_ws/install
[0.300s] DEBUG:colcon.colcon_installed_package_information.package_discovery:Found 276 installed packages in /opt/ros/humble
[0.301s] Level 1:colcon.colcon_core.package_discovery:discover_packages(prefix_path) using defaults
[0.324s] Level 5:colcon.colcon_core.verb:set package 'my_cpp_pkg' build argument 'cmake_args' from command line to 'None'
[0.324s] Level 5:colcon.colcon_core.verb:set package 'my_cpp_pkg' build argument 'cmake_target' from command line to 'None'
[0.324s] Level 5:colcon.colcon_core.verb:set package 'my_cpp_pkg' build argument 'cmake_target_skip_unavailable' from command line to 'False'
[0.324s] Level 5:colcon.colcon_core.verb:set package 'my_cpp_pkg' build argument 'cmake_clean_cache' from command line to 'False'
[0.324s] Level 5:colcon.colcon_core.verb:set package 'my_cpp_pkg' build argument 'cmake_clean_first' from command line to 'False'
[0.324s] Level 5:colcon.colcon_core.verb:set package 'my_cpp_pkg' build argument 'cmake_force_configure' from command line to 'False'
[0.324s] Level 5:colcon.colcon_core.verb:set package 'my_cpp_pkg' build argument 'ament_cmake_args' from command line to 'None'
[0.324s] Level 5:colcon.colcon_core.verb:set package 'my_cpp_pkg' build argument 'catkin_cmake_args' from command line to 'None'
[0.324s] Level 5:colcon.colcon_core.verb:set package 'my_cpp_pkg' build argument 'catkin_skip_building_tests' from command line to 'False'
[0.324s] DEBUG:colcon.colcon_core.verb:Building package 'my_cpp_pkg' with the following arguments: {'ament_cmake_args': None, 'build_base': '/home/abhilash-ts434/Documents/ros2_ws/src/build/my_cpp_pkg', 'catkin_cmake_args': None, 'catkin_skip_building_tests': False, 'cmake_args': None, 'cmake_clean_cache': False, 'cmake_clean_first': False, 'cmake_force_configure': False, 'cmake_target': None, 'cmake_target_skip_unavailable': False, 'install_base': '/home/abhilash-ts434/Documents/ros2_ws/src/install/my_cpp_pkg', 'merge_install': False, 'path': '/home/abhilash-ts434/Documents/ros2_ws/src/my_cpp_pkg', 'symlink_install': False, 'test_result_base': None}
[0.324s] Level 5:colcon.colcon_core.verb:set package 'my_robot_interfaces' build argument 'cmake_args' from command line to 'None'
[0.324s] Level 5:colcon.colcon_core.verb:set package 'my_robot_interfaces' build argument 'cmake_target' from command line to 'None'
[0.324s] Level 5:colcon.colcon_core.verb:set package 'my_robot_interfaces' build argument 'cmake_target_skip_unavailable' from command line to 'False'
[0.324s] Level 5:colcon.colcon_core.verb:set package 'my_robot_interfaces' build argument 'cmake_clean_cache' from command line to 'False'
[0.324s] Level 5:colcon.colcon_core.verb:set package 'my_robot_interfaces' build argument 'cmake_clean_first' from command line to 'False'
[0.324s] Level 5:colcon.colcon_core.verb:set package 'my_robot_interfaces' build argument 'cmake_force_configure' from command line to 'False'
[0.324s] Level 5:colcon.colcon_core.verb:set package 'my_robot_interfaces' build argument 'ament_cmake_args' from command line to 'None'
[0.324s] Level 5:colcon.colcon_core.verb:set package 'my_robot_interfaces' build argument 'catkin_cmake_args' from command line to 'None'
[0.324s] Level 5:colcon.colcon_core.verb:set package 'my_robot_interfaces' build argument 'catkin_skip_building_tests' from command line to 'False'
[0.324s] DEBUG:colcon.colcon_core.verb:Building package 'my_robot_interfaces' with the following arguments: {'ament_cmake_args': None, 'build_base': '/home/abhilash-ts434/Documents/ros2_ws/src/build/my_robot_interfaces', 'catkin_cmake_args': None, 'catkin_skip_building_tests': False, 'cmake_args': None, 'cmake_clean_cache': False, 'cmake_clean_first': False, 'cmake_force_configure': False, 'cmake_target': None, 'cmake_target_skip_unavailable': False, 'install_base': '/home/abhilash-ts434/Documents/ros2_ws/src/install/my_robot_interfaces', 'merge_install': False, 'path': '/home/abhilash-ts434/Documents/ros2_ws/src/my_robot_interfaces', 'symlink_install': False, 'test_result_base': None}
[0.324s] Level 5:colcon.colcon_core.verb:set package 'my_py_pkg' build argument 'cmake_args' from command line to 'None'
[0.324s] Level 5:colcon.colcon_core.verb:set package 'my_py_pkg' build argument 'cmake_target' from command line to 'None'
[0.324s] Level 5:colcon.colcon_core.verb:set package 'my_py_pkg' build argument 'cmake_target_skip_unavailable' from command line to 'False'
[0.324s] Level 5:colcon.colcon_core.verb:set package 'my_py_pkg' build argument 'cmake_clean_cache' from command line to 'False'
[0.324s] Level 5:colcon.colcon_core.verb:set package 'my_py_pkg' build argument 'cmake_clean_first' from command line to 'False'
[0.324s] Level 5:colcon.colcon_core.verb:set package 'my_py_pkg' build argument 'cmake_force_configure' from command line to 'False'
[0.324s] Level 5:colcon.colcon_core.verb:set package 'my_py_pkg' build argument 'ament_cmake_args' from command line to 'None'
[0.324s] Level 5:colcon.colcon_core.verb:set package 'my_py_pkg' build argument 'catkin_cmake_args' from command line to 'None'
[0.324s] Level 5:colcon.colcon_core.verb:set package 'my_py_pkg' build argument 'catkin_skip_building_tests' from command line to 'False'
[0.324s] DEBUG:colcon.colcon_core.verb:Building package 'my_py_pkg' with the following arguments: {'ament_cmake_args': None, 'build_base': '/home/abhilash-ts434/Documents/ros2_ws/src/build/my_py_pkg', 'catkin_cmake_args': None, 'catkin_skip_building_tests': False, 'cmake_args': None, 'cmake_clean_cache': False, 'cmake_clean_first': False, 'cmake_force_configure': False, 'cmake_target': None, 'cmake_target_skip_unavailable': False, 'install_base': '/home/abhilash-ts434/Documents/ros2_ws/src/install/my_py_pkg', 'merge_install': False, 'path': '/home/abhilash-ts434/Documents/ros2_ws/src/my_py_pkg', 'symlink_install': False, 'test_result_base': None}
[0.325s] Level 5:colcon.colcon_core.verb:set package 'my_robot_bringup' build argument 'cmake_args' from command line to 'None'
[0.325s] Level 5:colcon.colcon_core.verb:set package 'my_robot_bringup' build argument 'cmake_target' from command line to 'None'
[0.325s] Level 5:colcon.colcon_core.verb:set package 'my_robot_bringup' build argument 'cmake_target_skip_unavailable' from command line to 'False'
[0.325s] Level 5:colcon.colcon_core.verb:set package 'my_robot_bringup' build argument 'cmake_clean_cache' from command line to 'False'
[0.325s] Level 5:colcon.colcon_core.verb:set package 'my_robot_bringup' build argument 'cmake_clean_first' from command line to 'False'
[0.325s] Level 5:colcon.colcon_core.verb:set package 'my_robot_bringup' build argument 'cmake_force_configure' from command line to 'False'
[0.325s] Level 5:colcon.colcon_core.verb:set package 'my_robot_bringup' build argument 'ament_cmake_args' from command line to 'None'
[0.325s] Level 5:colcon.colcon_core.verb:set package 'my_robot_bringup' build argument 'catkin_cmake_args' from command line to 'None'
[0.325s] Level 5:colcon.colcon_core.verb:set package 'my_robot_bringup' build argument 'catkin_skip_building_tests' from command line to 'False'
[0.325s] DEBUG:colcon.colcon_core.verb:Building package 'my_robot_bringup' with the following arguments: {'ament_cmake_args': None, 'build_base': '/home/abhilash-ts434/Documents/ros2_ws/src/build/my_robot_bringup', 'catkin_cmake_args': None, 'catkin_skip_building_tests': False, 'cmake_args': None, 'cmake_clean_cache': False, 'cmake_clean_first': False, 'cmake_force_configure': False, 'cmake_target': None, 'cmake_target_skip_unavailable': False, 'install_base': '/home/abhilash-ts434/Documents/ros2_ws/src/install/my_robot_bringup', 'merge_install': False, 'path': '/home/abhilash-ts434/Documents/ros2_ws/src/my_robot_bringup', 'symlink_install': False, 'test_result_base': None}
[0.325s] INFO:colcon.colcon_core.executor:Executing jobs using 'parallel' executor
[0.326s] DEBUG:colcon.colcon_parallel_executor.executor.parallel:run_until_complete
[0.326s] INFO:colcon.colcon_ros.task.ament_cmake.build:Building ROS package in '/home/abhilash-ts434/Documents/ros2_ws/src/my_robot_interfaces' with build type 'ament_cmake'
[0.326s] INFO:colcon.colcon_cmake.task.cmake.build:Building CMake package in '/home/abhilash-ts434/Documents/ros2_ws/src/my_robot_interfaces'
[0.329s] INFO:colcon.colcon_core.plugin_system:Skipping extension 'colcon_core.shell.bat': Not used on non-Windows systems
[0.329s] INFO:colcon.colcon_core.shell:Skip shell extension 'powershell' for command environment: Not usable outside of PowerShell
[0.329s] DEBUG:colcon.colcon_core.shell:Skip shell extension 'dsv' for command environment
[0.332s] INFO:colcon.colcon_ros.task.ament_cmake.build:Building ROS package in '/home/abhilash-ts434/Documents/ros2_ws/src/my_cpp_pkg' with build type 'ament_cmake'
[0.332s] INFO:colcon.colcon_cmake.task.cmake.build:Building CMake package in '/home/abhilash-ts434/Documents/ros2_ws/src/my_cpp_pkg'
[0.332s] INFO:colcon.colcon_core.shell:Skip shell extension 'powershell' for command environment: Not usable outside of PowerShell
[0.332s] DEBUG:colcon.colcon_core.shell:Skip shell extension 'dsv' for command environment
[0.336s] DEBUG:colcon.colcon_core.event_handler.log_command:Invoking command in '/home/abhilash-ts434/Documents/ros2_ws/src/build/my_robot_interfaces': CMAKE_PREFIX_PATH=${CMAKE_PREFIX_PATH}:/home/abhilash-ts434/Documents/ros2_ws/install/my_py_pkg:/opt/ros/humble /usr/bin/cmake /home/abhilash-ts434/Documents/ros2_ws/src/my_robot_interfaces -DCMAKE_INSTALL_PREFIX=/home/abhilash-ts434/Documents/ros2_ws/src/install/my_robot_interfaces
[0.340s] DEBUG:colcon.colcon_core.event_handler.log_command:Invoking command in '/home/abhilash-ts434/Documents/ros2_ws/src/build/my_cpp_pkg': CMAKE_PREFIX_PATH=${CMAKE_PREFIX_PATH}:/home/abhilash-ts434/Documents/ros2_ws/install/my_py_pkg:/opt/ros/humble /usr/bin/cmake /home/abhilash-ts434/Documents/ros2_ws/src/my_cpp_pkg -DCMAKE_INSTALL_PREFIX=/home/abhilash-ts434/Documents/ros2_ws/src/install/my_cpp_pkg
[1.243s] DEBUG:colcon.colcon_core.event_handler.log_command:Invoked command in '/home/abhilash-ts434/Documents/ros2_ws/src/build/my_cpp_pkg' returned '0': CMAKE_PREFIX_PATH=${CMAKE_PREFIX_PATH}:/home/abhilash-ts434/Documents/ros2_ws/install/my_py_pkg:/opt/ros/humble /usr/bin/cmake /home/abhilash-ts434/Documents/ros2_ws/src/my_cpp_pkg -DCMAKE_INSTALL_PREFIX=/home/abhilash-ts434/Documents/ros2_ws/src/install/my_cpp_pkg
[1.244s] DEBUG:colcon.colcon_core.event_handler.log_command:Invoking command in '/home/abhilash-ts434/Documents/ros2_ws/src/build/my_cpp_pkg': CMAKE_PREFIX_PATH=${CMAKE_PREFIX_PATH}:/home/abhilash-ts434/Documents/ros2_ws/install/my_py_pkg:/opt/ros/humble /usr/bin/cmake --build /home/abhilash-ts434/Documents/ros2_ws/src/build/my_cpp_pkg -- -j16 -l16
[1.504s] DEBUG:colcon.colcon_core.event_handler.log_command:Invoked command in '/home/abhilash-ts434/Documents/ros2_ws/src/build/my_robot_interfaces' returned '0': CMAKE_PREFIX_PATH=${CMAKE_PREFIX_PATH}:/home/abhilash-ts434/Documents/ros2_ws/install/my_py_pkg:/opt/ros/humble /usr/bin/cmake /home/abhilash-ts434/Documents/ros2_ws/src/my_robot_interfaces -DCMAKE_INSTALL_PREFIX=/home/abhilash-ts434/Documents/ros2_ws/src/install/my_robot_interfaces
[1.505s] DEBUG:colcon.colcon_core.event_handler.log_command:Invoking command in '/home/abhilash-ts434/Documents/ros2_ws/src/build/my_robot_interfaces': CMAKE_PREFIX_PATH=${CMAKE_PREFIX_PATH}:/home/abhilash-ts434/Documents/ros2_ws/install/my_py_pkg:/opt/ros/humble /usr/bin/cmake --build /home/abhilash-ts434/Documents/ros2_ws/src/build/my_robot_interfaces -- -j16 -l16
[3.862s] DEBUG:colcon.colcon_core.event_handler.log_command:Invoked command in '/home/abhilash-ts434/Documents/ros2_ws/src/build/my_robot_interfaces' returned '0': CMAKE_PREFIX_PATH=${CMAKE_PREFIX_PATH}:/home/abhilash-ts434/Documents/ros2_ws/install/my_py_pkg:/opt/ros/humble /usr/bin/cmake --build /home/abhilash-ts434/Documents/ros2_ws/src/build/my_robot_interfaces -- -j16 -l16
[3.872s] DEBUG:colcon.colcon_core.event_handler.log_command:Invoking command in '/home/abhilash-ts434/Documents/ros2_ws/src/build/my_robot_interfaces': CMAKE_PREFIX_PATH=${CMAKE_PREFIX_PATH}:/home/abhilash-ts434/Documents/ros2_ws/install/my_py_pkg:/opt/ros/humble /usr/bin/cmake --install /home/abhilash-ts434/Documents/ros2_ws/src/build/my_robot_interfaces
[3.936s] Level 1:colcon.colcon_core.environment:create_environment_scripts_only(my_robot_interfaces)
[3.937s] DEBUG:colcon.colcon_core.event_handler.log_command:Invoked command in '/home/abhilash-ts434/Documents/ros2_ws/src/build/my_robot_interfaces' returned '0': CMAKE_PREFIX_PATH=${CMAKE_PREFIX_PATH}:/home/abhilash-ts434/Documents/ros2_ws/install/my_py_pkg:/opt/ros/humble /usr/bin/cmake --install /home/abhilash-ts434/Documents/ros2_ws/src/build/my_robot_interfaces
[3.941s] Level 1:colcon.colcon_core.environment:checking '/home/abhilash-ts434/Documents/ros2_ws/src/install/my_robot_interfaces' for CMake module files
[3.941s] Level 1:colcon.colcon_core.environment:checking '/home/abhilash-ts434/Documents/ros2_ws/src/install/my_robot_interfaces' for CMake config files
[3.941s] Level 1:colcon.colcon_core.shell:create_environment_hook('my_robot_interfaces', 'cmake_prefix_path')
[3.941s] INFO:colcon.colcon_core.shell:Creating environment hook '/home/abhilash-ts434/Documents/ros2_ws/src/install/my_robot_interfaces/share/my_robot_interfaces/hook/cmake_prefix_path.ps1'
[3.942s] INFO:colcon.colcon_core.shell:Creating environment descriptor '/home/abhilash-ts434/Documents/ros2_ws/src/install/my_robot_interfaces/share/my_robot_interfaces/hook/cmake_prefix_path.dsv'
[3.943s] INFO:colcon.colcon_core.shell:Creating environment hook '/home/abhilash-ts434/Documents/ros2_ws/src/install/my_robot_interfaces/share/my_robot_interfaces/hook/cmake_prefix_path.sh'
[3.943s] Level 1:colcon.colcon_core.environment:checking '/home/abhilash-ts434/Documents/ros2_ws/src/install/my_robot_interfaces/lib'
[3.943s] Level 1:colcon.colcon_core.shell:create_environment_hook('my_robot_interfaces', 'ld_library_path_lib')
[3.944s] INFO:colcon.colcon_core.shell:Creating environment hook '/home/abhilash-ts434/Documents/ros2_ws/src/install/my_robot_interfaces/share/my_robot_interfaces/hook/ld_library_path_lib.ps1'
[3.944s] INFO:colcon.colcon_core.shell:Creating environment descriptor '/home/abhilash-ts434/Documents/ros2_ws/src/install/my_robot_interfaces/share/my_robot_interfaces/hook/ld_library_path_lib.dsv'
[3.944s] INFO:colcon.colcon_core.shell:Creating environment hook '/home/abhilash-ts434/Documents/ros2_ws/src/install/my_robot_interfaces/share/my_robot_interfaces/hook/ld_library_path_lib.sh'
[3.944s] Level 1:colcon.colcon_core.environment:checking '/home/abhilash-ts434/Documents/ros2_ws/src/install/my_robot_interfaces/bin'
[3.944s] Level 1:colcon.colcon_core.environment:checking '/home/abhilash-ts434/Documents/ros2_ws/src/install/my_robot_interfaces/lib/pkgconfig/my_robot_interfaces.pc'
[3.944s] Level 1:colcon.colcon_core.environment:checking '/home/abhilash-ts434/Documents/ros2_ws/src/install/my_robot_interfaces/lib/python3.10/site-packages'
[3.945s] Level 1:colcon.colcon_core.environment:checking '/home/abhilash-ts434/Documents/ros2_ws/src/install/my_robot_interfaces/bin'
[3.945s] INFO:colcon.colcon_core.shell:Creating package script '/home/abhilash-ts434/Documents/ros2_ws/src/install/my_robot_interfaces/share/my_robot_interfaces/package.ps1'
[3.945s] INFO:colcon.colcon_core.shell:Creating package descriptor '/home/abhilash-ts434/Documents/ros2_ws/src/install/my_robot_interfaces/share/my_robot_interfaces/package.dsv'
[3.946s] INFO:colcon.colcon_core.shell:Creating package script '/home/abhilash-ts434/Documents/ros2_ws/src/install/my_robot_interfaces/share/my_robot_interfaces/package.sh'
[3.947s] INFO:colcon.colcon_core.shell:Creating package script '/home/abhilash-ts434/Documents/ros2_ws/src/install/my_robot_interfaces/share/my_robot_interfaces/package.bash'
[3.947s] INFO:colcon.colcon_core.shell:Creating package script '/home/abhilash-ts434/Documents/ros2_ws/src/install/my_robot_interfaces/share/my_robot_interfaces/package.zsh'
[3.948s] Level 1:colcon.colcon_core.environment:create_file_with_runtime_dependencies(/home/abhilash-ts434/Documents/ros2_ws/src/install/my_robot_interfaces/share/colcon-core/packages/my_robot_interfaces)
[3.948s] Level 1:colcon.colcon_core.environment:create_environment_scripts_only(my_robot_interfaces)
[3.948s] Level 1:colcon.colcon_core.environment:checking '/home/abhilash-ts434/Documents/ros2_ws/src/install/my_robot_interfaces' for CMake module files
[3.949s] Level 1:colcon.colcon_core.environment:checking '/home/abhilash-ts434/Documents/ros2_ws/src/install/my_robot_interfaces' for CMake config files
[3.949s] Level 1:colcon.colcon_core.shell:create_environment_hook('my_robot_interfaces', 'cmake_prefix_path')
[3.949s] INFO:colcon.colcon_core.shell:Creating environment hook '/home/abhilash-ts434/Documents/ros2_ws/src/install/my_robot_interfaces/share/my_robot_interfaces/hook/cmake_prefix_path.ps1'
[3.950s] INFO:colcon.colcon_core.shell:Creating environment descriptor '/home/abhilash-ts434/Documents/ros2_ws/src/install/my_robot_interfaces/share/my_robot_interfaces/hook/cmake_prefix_path.dsv'
[3.950s] INFO:colcon.colcon_core.shell:Creating environment hook '/home/abhilash-ts434/Documents/ros2_ws/src/install/my_robot_interfaces/share/my_robot_interfaces/hook/cmake_prefix_path.sh'
[3.951s] Level 1:colcon.colcon_core.environment:checking '/home/abhilash-ts434/Documents/ros2_ws/src/install/my_robot_interfaces/lib'
[3.951s] Level 1:colcon.colcon_core.shell:create_environment_hook('my_robot_interfaces', 'ld_library_path_lib')
[3.951s] INFO:colcon.colcon_core.shell:Creating environment hook '/home/abhilash-ts434/Documents/ros2_ws/src/install/my_robot_interfaces/share/my_robot_interfaces/hook/ld_library_path_lib.ps1'
[3.951s] INFO:colcon.colcon_core.shell:Creating environment descriptor '/home/abhilash-ts434/Documents/ros2_ws/src/install/my_robot_interfaces/share/my_robot_interfaces/hook/ld_library_path_lib.dsv'
[3.951s] INFO:colcon.colcon_core.shell:Creating environment hook '/home/abhilash-ts434/Documents/ros2_ws/src/install/my_robot_interfaces/share/my_robot_interfaces/hook/ld_library_path_lib.sh'
[3.952s] Level 1:colcon.colcon_core.environment:checking '/home/abhilash-ts434/Documents/ros2_ws/src/install/my_robot_interfaces/bin'
[3.952s] Level 1:colcon.colcon_core.environment:checking '/home/abhilash-ts434/Documents/ros2_ws/src/install/my_robot_interfaces/lib/pkgconfig/my_robot_interfaces.pc'
[3.952s] Level 1:colcon.colcon_core.environment:checking '/home/abhilash-ts434/Documents/ros2_ws/src/install/my_robot_interfaces/lib/python3.10/site-packages'
[3.952s] Level 1:colcon.colcon_core.environment:checking '/home/abhilash-ts434/Documents/ros2_ws/src/install/my_robot_interfaces/bin'
[3.952s] INFO:colcon.colcon_core.shell:Creating package script '/home/abhilash-ts434/Documents/ros2_ws/src/install/my_robot_interfaces/share/my_robot_interfaces/package.ps1'
[3.953s] INFO:colcon.colcon_core.shell:Creating package descriptor '/home/abhilash-ts434/Documents/ros2_ws/src/install/my_robot_interfaces/share/my_robot_interfaces/package.dsv'
[3.953s] INFO:colcon.colcon_core.shell:Creating package script '/home/abhilash-ts434/Documents/ros2_ws/src/install/my_robot_interfaces/share/my_robot_interfaces/package.sh'
[3.953s] INFO:colcon.colcon_core.shell:Creating package script '/home/abhilash-ts434/Documents/ros2_ws/src/install/my_robot_interfaces/share/my_robot_interfaces/package.bash'
[3.954s] INFO:colcon.colcon_core.shell:Creating package script '/home/abhilash-ts434/Documents/ros2_ws/src/install/my_robot_interfaces/share/my_robot_interfaces/package.zsh'
[3.954s] Level 1:colcon.colcon_core.environment:create_file_with_runtime_dependencies(/home/abhilash-ts434/Documents/ros2_ws/src/install/my_robot_interfaces/share/colcon-core/packages/my_robot_interfaces)
[3.954s] INFO:colcon.colcon_ros.task.ament_python.build:Building ROS package in '/home/abhilash-ts434/Documents/ros2_ws/src/my_py_pkg' with build type 'ament_python'
[3.954s] Level 1:colcon.colcon_core.shell:create_environment_hook('my_py_pkg', 'ament_prefix_path')
[3.954s] INFO:colcon.colcon_core.shell:Creating environment hook '/home/abhilash-ts434/Documents/ros2_ws/src/install/my_py_pkg/share/my_py_pkg/hook/ament_prefix_path.ps1'
[3.955s] INFO:colcon.colcon_core.shell:Creating environment descriptor '/home/abhilash-ts434/Documents/ros2_ws/src/install/my_py_pkg/share/my_py_pkg/hook/ament_prefix_path.dsv'
[3.955s] INFO:colcon.colcon_core.shell:Creating environment hook '/home/abhilash-ts434/Documents/ros2_ws/src/install/my_py_pkg/share/my_py_pkg/hook/ament_prefix_path.sh'
[3.955s] INFO:colcon.colcon_core.shell:Skip shell extension 'powershell' for command environment: Not usable outside of PowerShell
[3.956s] DEBUG:colcon.colcon_core.shell:Skip shell extension 'dsv' for command environment
[4.160s] INFO:colcon.colcon_core.task.python.build:Building Python package in '/home/abhilash-ts434/Documents/ros2_ws/src/my_py_pkg'
[4.160s] INFO:colcon.colcon_core.shell:Skip shell extension 'powershell' for command environment: Not usable outside of PowerShell
[4.161s] DEBUG:colcon.colcon_core.shell:Skip shell extension 'dsv' for command environment
[4.164s] DEBUG:colcon.colcon_core.event_handler.log_command:Invoked command in '/home/abhilash-ts434/Documents/ros2_ws/src/build/my_cpp_pkg' returned '0': CMAKE_PREFIX_PATH=${CMAKE_PREFIX_PATH}:/home/abhilash-ts434/Documents/ros2_ws/install/my_py_pkg:/opt/ros/humble /usr/bin/cmake --build /home/abhilash-ts434/Documents/ros2_ws/src/build/my_cpp_pkg -- -j16 -l16
[4.165s] DEBUG:colcon.colcon_core.event_handler.log_command:Invoking command in '/home/abhilash-ts434/Documents/ros2_ws/src/build/my_cpp_pkg': CMAKE_PREFIX_PATH=${CMAKE_PREFIX_PATH}:/home/abhilash-ts434/Documents/ros2_ws/install/my_py_pkg:/opt/ros/humble /usr/bin/cmake --install /home/abhilash-ts434/Documents/ros2_ws/src/build/my_cpp_pkg
[4.176s] Level 1:colcon.colcon_core.environment:create_environment_scripts_only(my_cpp_pkg)
[4.176s] Level 1:colcon.colcon_core.environment:checking '/home/abhilash-ts434/Documents/ros2_ws/src/install/my_cpp_pkg' for CMake module files
[4.176s] DEBUG:colcon.colcon_core.event_handler.log_command:Invoked command in '/home/abhilash-ts434/Documents/ros2_ws/src/build/my_cpp_pkg' returned '0': CMAKE_PREFIX_PATH=${CMAKE_PREFIX_PATH}:/home/abhilash-ts434/Documents/ros2_ws/install/my_py_pkg:/opt/ros/humble /usr/bin/cmake --install /home/abhilash-ts434/Documents/ros2_ws/src/build/my_cpp_pkg
[4.177s] Level 1:colcon.colcon_core.environment:checking '/home/abhilash-ts434/Documents/ros2_ws/src/install/my_cpp_pkg' for CMake config files
[4.177s] Level 1:colcon.colcon_core.shell:create_environment_hook('my_cpp_pkg', 'cmake_prefix_path')
[4.177s] INFO:colcon.colcon_core.shell:Creating environment hook '/home/abhilash-ts434/Documents/ros2_ws/src/install/my_cpp_pkg/share/my_cpp_pkg/hook/cmake_prefix_path.ps1'
[4.177s] INFO:colcon.colcon_core.shell:Creating environment descriptor '/home/abhilash-ts434/Documents/ros2_ws/src/install/my_cpp_pkg/share/my_cpp_pkg/hook/cmake_prefix_path.dsv'
[4.177s] INFO:colcon.colcon_core.shell:Creating environment hook '/home/abhilash-ts434/Documents/ros2_ws/src/install/my_cpp_pkg/share/my_cpp_pkg/hook/cmake_prefix_path.sh'
[4.178s] Level 1:colcon.colcon_core.environment:checking '/home/abhilash-ts434/Documents/ros2_ws/src/install/my_cpp_pkg/lib'
[4.178s] Level 1:colcon.colcon_core.environment:checking '/home/abhilash-ts434/Documents/ros2_ws/src/install/my_cpp_pkg/bin'
[4.178s] Level 1:colcon.colcon_core.environment:checking '/home/abhilash-ts434/Documents/ros2_ws/src/install/my_cpp_pkg/lib/pkgconfig/my_cpp_pkg.pc'
[4.178s] Level 1:colcon.colcon_core.environment:checking '/home/abhilash-ts434/Documents/ros2_ws/src/install/my_cpp_pkg/lib/python3.10/site-packages'
[4.178s] Level 1:colcon.colcon_core.environment:checking '/home/abhilash-ts434/Documents/ros2_ws/src/install/my_cpp_pkg/bin'
[4.178s] INFO:colcon.colcon_core.shell:Creating package script '/home/abhilash-ts434/Documents/ros2_ws/src/install/my_cpp_pkg/share/my_cpp_pkg/package.ps1'
[4.179s] INFO:colcon.colcon_core.shell:Creating package descriptor '/home/abhilash-ts434/Documents/ros2_ws/src/install/my_cpp_pkg/share/my_cpp_pkg/package.dsv'
[4.179s] INFO:colcon.colcon_core.shell:Creating package script '/home/abhilash-ts434/Documents/ros2_ws/src/install/my_cpp_pkg/share/my_cpp_pkg/package.sh'
[4.179s] INFO:colcon.colcon_core.shell:Creating package script '/home/abhilash-ts434/Documents/ros2_ws/src/install/my_cpp_pkg/share/my_cpp_pkg/package.bash'
[4.179s] INFO:colcon.colcon_core.shell:Creating package script '/home/abhilash-ts434/Documents/ros2_ws/src/install/my_cpp_pkg/share/my_cpp_pkg/package.zsh'
[4.179s] Level 1:colcon.colcon_core.environment:create_file_with_runtime_dependencies(/home/abhilash-ts434/Documents/ros2_ws/src/install/my_cpp_pkg/share/colcon-core/packages/my_cpp_pkg)
[4.180s] Level 1:colcon.colcon_core.environment:create_environment_scripts_only(my_cpp_pkg)
[4.180s] Level 1:colcon.colcon_core.environment:checking '/home/abhilash-ts434/Documents/ros2_ws/src/install/my_cpp_pkg' for CMake module files
[4.181s] Level 1:colcon.colcon_core.environment:checking '/home/abhilash-ts434/Documents/ros2_ws/src/install/my_cpp_pkg' for CMake config files
[4.181s] Level 1:colcon.colcon_core.shell:create_environment_hook('my_cpp_pkg', 'cmake_prefix_path')
[4.181s] INFO:colcon.colcon_core.shell:Creating environment hook '/home/abhilash-ts434/Documents/ros2_ws/src/install/my_cpp_pkg/share/my_cpp_pkg/hook/cmake_prefix_path.ps1'
[4.181s] INFO:colcon.colcon_core.shell:Creating environment descriptor '/home/abhilash-ts434/Documents/ros2_ws/src/install/my_cpp_pkg/share/my_cpp_pkg/hook/cmake_prefix_path.dsv'
[4.181s] INFO:colcon.colcon_core.shell:Creating environment hook '/home/abhilash-ts434/Documents/ros2_ws/src/install/my_cpp_pkg/share/my_cpp_pkg/hook/cmake_prefix_path.sh'
[4.182s] Level 1:colcon.colcon_core.environment:checking '/home/abhilash-ts434/Documents/ros2_ws/src/install/my_cpp_pkg/lib'
[4.182s] Level 1:colcon.colcon_core.environment:checking '/home/abhilash-ts434/Documents/ros2_ws/src/install/my_cpp_pkg/bin'
[4.182s] Level 1:colcon.colcon_core.environment:checking '/home/abhilash-ts434/Documents/ros2_ws/src/install/my_cpp_pkg/lib/pkgconfig/my_cpp_pkg.pc'
[4.182s] Level 1:colcon.colcon_core.environment:checking '/home/abhilash-ts434/Documents/ros2_ws/src/install/my_cpp_pkg/lib/python3.10/site-packages'
[4.182s] Level 1:colcon.colcon_core.environment:checking '/home/abhilash-ts434/Documents/ros2_ws/src/install/my_cpp_pkg/bin'
[4.182s] INFO:colcon.colcon_core.shell:Creating package script '/home/abhilash-ts434/Documents/ros2_ws/src/install/my_cpp_pkg/share/my_cpp_pkg/package.ps1'
[4.183s] INFO:colcon.colcon_core.shell:Creating package descriptor '/home/abhilash-ts434/Documents/ros2_ws/src/install/my_cpp_pkg/share/my_cpp_pkg/package.dsv'
[4.183s] INFO:colcon.colcon_core.shell:Creating package script '/home/abhilash-ts434/Documents/ros2_ws/src/install/my_cpp_pkg/share/my_cpp_pkg/package.sh'
[4.183s] INFO:colcon.colcon_core.shell:Creating package script '/home/abhilash-ts434/Documents/ros2_ws/src/install/my_cpp_pkg/share/my_cpp_pkg/package.bash'
[4.184s] INFO:colcon.colcon_core.shell:Creating package script '/home/abhilash-ts434/Documents/ros2_ws/src/install/my_cpp_pkg/share/my_cpp_pkg/package.zsh'
[4.184s] Level 1:colcon.colcon_core.environment:create_file_with_runtime_dependencies(/home/abhilash-ts434/Documents/ros2_ws/src/install/my_cpp_pkg/share/colcon-core/packages/my_cpp_pkg)
[4.435s] DEBUG:colcon.colcon_core.event_handler.log_command:Invoking command in '/home/abhilash-ts434/Documents/ros2_ws/src/my_py_pkg': AMENT_PREFIX_PATH=/home/abhilash-ts434/Documents/ros2_ws/src/install/my_robot_interfaces:${AMENT_PREFIX_PATH} CMAKE_PREFIX_PATH=/home/abhilash-ts434/Documents/ros2_ws/src/install/my_robot_interfaces:${CMAKE_PREFIX_PATH} LD_LIBRARY_PATH=/home/abhilash-ts434/Documents/ros2_ws/src/install/my_robot_interfaces/lib:${LD_LIBRARY_PATH} PYTHONPATH=/home/abhilash-ts434/Documents/ros2_ws/src/build/my_py_pkg/prefix_override:/usr/lib/python3/dist-packages/colcon_core/task/python/colcon_distutils_commands:/home/abhilash-ts434/Documents/ros2_ws/src/install/my_py_pkg/lib/python3.10/site-packages:/home/abhilash-ts434/Documents/ros2_ws/src/install/my_robot_interfaces/local/lib/python3.10/dist-packages:${PYTHONPATH} /usr/bin/python3 -W ignore:setup.py install is deprecated -W ignore:easy_install command is deprecated setup.py egg_info --egg-base ../build/my_py_pkg build --build-base /home/abhilash-ts434/Documents/ros2_ws/src/build/my_py_pkg/build install --record /home/abhilash-ts434/Documents/ros2_ws/src/build/my_py_pkg/install.log --single-version-externally-managed install_data
[4.650s] Level 1:colcon.colcon_core.environment:checking '/home/abhilash-ts434/Documents/ros2_ws/src/install/my_py_pkg' for CMake module files
[4.651s] DEBUG:colcon.colcon_core.event_handler.log_command:Invoked command in '/home/abhilash-ts434/Documents/ros2_ws/src/my_py_pkg' returned '0': AMENT_PREFIX_PATH=/home/abhilash-ts434/Documents/ros2_ws/src/install/my_robot_interfaces:${AMENT_PREFIX_PATH} CMAKE_PREFIX_PATH=/home/abhilash-ts434/Documents/ros2_ws/src/install/my_robot_interfaces:${CMAKE_PREFIX_PATH} LD_LIBRARY_PATH=/home/abhilash-ts434/Documents/ros2_ws/src/install/my_robot_interfaces/lib:${LD_LIBRARY_PATH} PYTHONPATH=/home/abhilash-ts434/Documents/ros2_ws/src/build/my_py_pkg/prefix_override:/usr/lib/python3/dist-packages/colcon_core/task/python/colcon_distutils_commands:/home/abhilash-ts434/Documents/ros2_ws/src/install/my_py_pkg/lib/python3.10/site-packages:/home/abhilash-ts434/Documents/ros2_ws/src/install/my_robot_interfaces/local/lib/python3.10/dist-packages:${PYTHONPATH} /usr/bin/python3 -W ignore:setup.py install is deprecated -W ignore:easy_install command is deprecated setup.py egg_info --egg-base ../build/my_py_pkg build --build-base /home/abhilash-ts434/Documents/ros2_ws/src/build/my_py_pkg/build install --record /home/abhilash-ts434/Documents/ros2_ws/src/build/my_py_pkg/install.log --single-version-externally-managed install_data
[4.651s] Level 1:colcon.colcon_core.environment:checking '/home/abhilash-ts434/Documents/ros2_ws/src/install/my_py_pkg' for CMake config files
[4.651s] Level 1:colcon.colcon_core.environment:checking '/home/abhilash-ts434/Documents/ros2_ws/src/install/my_py_pkg/lib'
[4.652s] Level 1:colcon.colcon_core.environment:checking '/home/abhilash-ts434/Documents/ros2_ws/src/install/my_py_pkg/bin'
[4.652s] Level 1:colcon.colcon_core.environment:checking '/home/abhilash-ts434/Documents/ros2_ws/src/install/my_py_pkg/lib/pkgconfig/my_py_pkg.pc'
[4.652s] Level 1:colcon.colcon_core.environment:checking '/home/abhilash-ts434/Documents/ros2_ws/src/install/my_py_pkg/lib/python3.10/site-packages'
[4.652s] Level 1:colcon.colcon_core.shell:create_environment_hook('my_py_pkg', 'pythonpath')
[4.652s] INFO:colcon.colcon_core.shell:Creating environment hook '/home/abhilash-ts434/Documents/ros2_ws/src/install/my_py_pkg/share/my_py_pkg/hook/pythonpath.ps1'
[4.653s] INFO:colcon.colcon_core.shell:Creating environment descriptor '/home/abhilash-ts434/Documents/ros2_ws/src/install/my_py_pkg/share/my_py_pkg/hook/pythonpath.dsv'
[4.653s] INFO:colcon.colcon_core.shell:Creating environment hook '/home/abhilash-ts434/Documents/ros2_ws/src/install/my_py_pkg/share/my_py_pkg/hook/pythonpath.sh'
[4.653s] Level 1:colcon.colcon_core.environment:checking '/home/abhilash-ts434/Documents/ros2_ws/src/install/my_py_pkg/bin'
[4.653s] Level 1:colcon.colcon_core.environment:create_environment_scripts_only(my_py_pkg)
[4.654s] INFO:colcon.colcon_core.shell:Creating package script '/home/abhilash-ts434/Documents/ros2_ws/src/install/my_py_pkg/share/my_py_pkg/package.ps1'
[4.654s] INFO:colcon.colcon_core.shell:Creating package descriptor '/home/abhilash-ts434/Documents/ros2_ws/src/install/my_py_pkg/share/my_py_pkg/package.dsv'
[4.654s] INFO:colcon.colcon_core.shell:Creating package script '/home/abhilash-ts434/Documents/ros2_ws/src/install/my_py_pkg/share/my_py_pkg/package.sh'
[4.655s] INFO:colcon.colcon_core.shell:Creating package script '/home/abhilash-ts434/Documents/ros2_ws/src/install/my_py_pkg/share/my_py_pkg/package.bash'
[4.655s] INFO:colcon.colcon_core.shell:Creating package script '/home/abhilash-ts434/Documents/ros2_ws/src/install/my_py_pkg/share/my_py_pkg/package.zsh'
[4.655s] Level 1:colcon.colcon_core.environment:create_file_with_runtime_dependencies(/home/abhilash-ts434/Documents/ros2_ws/src/install/my_py_pkg/share/colcon-core/packages/my_py_pkg)
[4.655s] INFO:colcon.colcon_ros.task.ament_cmake.build:Building ROS package in '/home/abhilash-ts434/Documents/ros2_ws/src/my_robot_bringup' with build type 'ament_cmake'
[4.656s] INFO:colcon.colcon_cmake.task.cmake.build:Building CMake package in '/home/abhilash-ts434/Documents/ros2_ws/src/my_robot_bringup'
[4.656s] INFO:colcon.colcon_core.shell:Skip shell extension 'powershell' for command environment: Not usable outside of PowerShell
[4.656s] DEBUG:colcon.colcon_core.shell:Skip shell extension 'dsv' for command environment
[4.664s] DEBUG:colcon.colcon_core.event_handler.log_command:Invoking command in '/home/abhilash-ts434/Documents/ros2_ws/src/build/my_robot_bringup': AMENT_PREFIX_PATH=/home/abhilash-ts434/Documents/ros2_ws/src/install/my_py_pkg:/home/abhilash-ts434/Documents/ros2_ws/src/install/my_robot_interfaces:${AMENT_PREFIX_PATH} CMAKE_PREFIX_PATH=/home/abhilash-ts434/Documents/ros2_ws/src/install/my_robot_interfaces:/home/abhilash-ts434/Documents/ros2_ws/install/my_robot_bringup:/home/abhilash-ts434/Documents/ros2_ws/install/my_robot_interfaces:/home/abhilash-ts434/Documents/ros2_ws/install/my_cpp_pkg:/home/abhilash-ts434/Documents/ros2_ws/install/my_py_pkg:/opt/ros/humble LD_LIBRARY_PATH=/home/abhilash-ts434/Documents/ros2_ws/src/install/my_robot_interfaces/lib:${LD_LIBRARY_PATH} PYTHONPATH=/home/abhilash-ts434/Documents/ros2_ws/src/install/my_py_pkg/lib/python3.10/site-packages:/home/abhilash-ts434/Documents/ros2_ws/src/install/my_robot_interfaces/local/lib/python3.10/dist-packages:${PYTHONPATH} /usr/bin/cmake /home/abhilash-ts434/Documents/ros2_ws/src/my_robot_bringup -DCMAKE_INSTALL_PREFIX=/home/abhilash-ts434/Documents/ros2_ws/src/install/my_robot_bringup
[5.092s] DEBUG:colcon.colcon_core.event_handler.log_command:Invoked command in '/home/abhilash-ts434/Documents/ros2_ws/src/build/my_robot_bringup' returned '0': AMENT_PREFIX_PATH=/home/abhilash-ts434/Documents/ros2_ws/src/install/my_py_pkg:/home/abhilash-ts434/Documents/ros2_ws/src/install/my_robot_interfaces:${AMENT_PREFIX_PATH} CMAKE_PREFIX_PATH=/home/abhilash-ts434/Documents/ros2_ws/src/install/my_robot_interfaces:/home/abhilash-ts434/Documents/ros2_ws/install/my_robot_bringup:/home/abhilash-ts434/Documents/ros2_ws/install/my_robot_interfaces:/home/abhilash-ts434/Documents/ros2_ws/install/my_cpp_pkg:/home/abhilash-ts434/Documents/ros2_ws/install/my_py_pkg:/opt/ros/humble LD_LIBRARY_PATH=/home/abhilash-ts434/Documents/ros2_ws/src/install/my_robot_interfaces/lib:${LD_LIBRARY_PATH} PYTHONPATH=/home/abhilash-ts434/Documents/ros2_ws/src/install/my_py_pkg/lib/python3.10/site-packages:/home/abhilash-ts434/Documents/ros2_ws/src/install/my_robot_interfaces/local/lib/python3.10/dist-packages:${PYTHONPATH} /usr/bin/cmake /home/abhilash-ts434/Documents/ros2_ws/src/my_robot_bringup -DCMAKE_INSTALL_PREFIX=/home/abhilash-ts434/Documents/ros2_ws/src/install/my_robot_bringup
[5.093s] DEBUG:colcon.colcon_core.event_handler.log_command:Invoking command in '/home/abhilash-ts434/Documents/ros2_ws/src/build/my_robot_bringup': AMENT_PREFIX_PATH=/home/abhilash-ts434/Documents/ros2_ws/src/install/my_py_pkg:/home/abhilash-ts434/Documents/ros2_ws/src/install/my_robot_interfaces:${AMENT_PREFIX_PATH} CMAKE_PREFIX_PATH=/home/abhilash-ts434/Documents/ros2_ws/src/install/my_robot_interfaces:/home/abhilash-ts434/Documents/ros2_ws/install/my_robot_bringup:/home/abhilash-ts434/Documents/ros2_ws/install/my_robot_interfaces:/home/abhilash-ts434/Documents/ros2_ws/install/my_cpp_pkg:/home/abhilash-ts434/Documents/ros2_ws/install/my_py_pkg:/opt/ros/humble LD_LIBRARY_PATH=/home/abhilash-ts434/Documents/ros2_ws/src/install/my_robot_interfaces/lib:${LD_LIBRARY_PATH} PYTHONPATH=/home/abhilash-ts434/Documents/ros2_ws/src/install/my_py_pkg/lib/python3.10/site-packages:/home/abhilash-ts434/Documents/ros2_ws/src/install/my_robot_interfaces/local/lib/python3.10/dist-packages:${PYTHONPATH} /usr/bin/cmake --build /home/abhilash-ts434/Documents/ros2_ws/src/build/my_robot_bringup -- -j16 -l16
[5.121s] DEBUG:colcon.colcon_core.event_handler.log_command:Invoked command in '/home/abhilash-ts434/Documents/ros2_ws/src/build/my_robot_bringup' returned '0': AMENT_PREFIX_PATH=/home/abhilash-ts434/Documents/ros2_ws/src/install/my_py_pkg:/home/abhilash-ts434/Documents/ros2_ws/src/install/my_robot_interfaces:${AMENT_PREFIX_PATH} CMAKE_PREFIX_PATH=/home/abhilash-ts434/Documents/ros2_ws/src/install/my_robot_interfaces:/home/abhilash-ts434/Documents/ros2_ws/install/my_robot_bringup:/home/abhilash-ts434/Documents/ros2_ws/install/my_robot_interfaces:/home/abhilash-ts434/Documents/ros2_ws/install/my_cpp_pkg:/home/abhilash-ts434/Documents/ros2_ws/install/my_py_pkg:/opt/ros/humble LD_LIBRARY_PATH=/home/abhilash-ts434/Documents/ros2_ws/src/install/my_robot_interfaces/lib:${LD_LIBRARY_PATH} PYTHONPATH=/home/abhilash-ts434/Documents/ros2_ws/src/install/my_py_pkg/lib/python3.10/site-packages:/home/abhilash-ts434/Documents/ros2_ws/src/install/my_robot_interfaces/local/lib/python3.10/dist-packages:${PYTHONPATH} /usr/bin/cmake --build /home/abhilash-ts434/Documents/ros2_ws/src/build/my_robot_bringup -- -j16 -l16
[5.122s] DEBUG:colcon.colcon_core.event_handler.log_command:Invoking command in '/home/abhilash-ts434/Documents/ros2_ws/src/build/my_robot_bringup': AMENT_PREFIX_PATH=/home/abhilash-ts434/Documents/ros2_ws/src/install/my_py_pkg:/home/abhilash-ts434/Documents/ros2_ws/src/install/my_robot_interfaces:${AMENT_PREFIX_PATH} CMAKE_PREFIX_PATH=/home/abhilash-ts434/Documents/ros2_ws/src/install/my_robot_interfaces:/home/abhilash-ts434/Documents/ros2_ws/install/my_robot_bringup:/home/abhilash-ts434/Documents/ros2_ws/install/my_robot_interfaces:/home/abhilash-ts434/Documents/ros2_ws/install/my_cpp_pkg:/home/abhilash-ts434/Documents/ros2_ws/install/my_py_pkg:/opt/ros/humble LD_LIBRARY_PATH=/home/abhilash-ts434/Documents/ros2_ws/src/install/my_robot_interfaces/lib:${LD_LIBRARY_PATH} PYTHONPATH=/home/abhilash-ts434/Documents/ros2_ws/src/install/my_py_pkg/lib/python3.10/site-packages:/home/abhilash-ts434/Documents/ros2_ws/src/install/my_robot_interfaces/local/lib/python3.10/dist-packages:${PYTHONPATH} /usr/bin/cmake --install /home/abhilash-ts434/Documents/ros2_ws/src/build/my_robot_bringup
[5.132s] Level 1:colcon.colcon_core.environment:create_environment_scripts_only(my_robot_bringup)
[5.133s] Level 1:colcon.colcon_core.environment:checking '/home/abhilash-ts434/Documents/ros2_ws/src/install/my_robot_bringup' for CMake module files
[5.133s] DEBUG:colcon.colcon_core.event_handler.log_command:Invoked command in '/home/abhilash-ts434/Documents/ros2_ws/src/build/my_robot_bringup' returned '0': AMENT_PREFIX_PATH=/home/abhilash-ts434/Documents/ros2_ws/src/install/my_py_pkg:/home/abhilash-ts434/Documents/ros2_ws/src/install/my_robot_interfaces:${AMENT_PREFIX_PATH} CMAKE_PREFIX_PATH=/home/abhilash-ts434/Documents/ros2_ws/src/install/my_robot_interfaces:/home/abhilash-ts434/Documents/ros2_ws/install/my_robot_bringup:/home/abhilash-ts434/Documents/ros2_ws/install/my_robot_interfaces:/home/abhilash-ts434/Documents/ros2_ws/install/my_cpp_pkg:/home/abhilash-ts434/Documents/ros2_ws/install/my_py_pkg:/opt/ros/humble LD_LIBRARY_PATH=/home/abhilash-ts434/Documents/ros2_ws/src/install/my_robot_interfaces/lib:${LD_LIBRARY_PATH} PYTHONPATH=/home/abhilash-ts434/Documents/ros2_ws/src/install/my_py_pkg/lib/python3.10/site-packages:/home/abhilash-ts434/Documents/ros2_ws/src/install/my_robot_interfaces/local/lib/python3.10/dist-packages:${PYTHONPATH} /usr/bin/cmake --install /home/abhilash-ts434/Documents/ros2_ws/src/build/my_robot_bringup
[5.133s] Level 1:colcon.colcon_core.environment:checking '/home/abhilash-ts434/Documents/ros2_ws/src/install/my_robot_bringup' for CMake config files
[5.133s] Level 1:colcon.colcon_core.shell:create_environment_hook('my_robot_bringup', 'cmake_prefix_path')
[5.133s] INFO:colcon.colcon_core.shell:Creating environment hook '/home/abhilash-ts434/Documents/ros2_ws/src/install/my_robot_bringup/share/my_robot_bringup/hook/cmake_prefix_path.ps1'
[5.134s] INFO:colcon.colcon_core.shell:Creating environment descriptor '/home/abhilash-ts434/Documents/ros2_ws/src/install/my_robot_bringup/share/my_robot_bringup/hook/cmake_prefix_path.dsv'
[5.134s] INFO:colcon.colcon_core.shell:Creating environment hook '/home/abhilash-ts434/Documents/ros2_ws/src/install/my_robot_bringup/share/my_robot_bringup/hook/cmake_prefix_path.sh'
[5.134s] Level 1:colcon.colcon_core.environment:checking '/home/abhilash-ts434/Documents/ros2_ws/src/install/my_robot_bringup/bin'
[5.134s] Level 1:colcon.colcon_core.environment:checking '/home/abhilash-ts434/Documents/ros2_ws/src/install/my_robot_bringup/lib/pkgconfig/my_robot_bringup.pc'
[5.134s] Level 1:colcon.colcon_core.environment:checking '/home/abhilash-ts434/Documents/ros2_ws/src/install/my_robot_bringup/lib/python3.10/site-packages'
[5.135s] Level 1:colcon.colcon_core.environment:checking '/home/abhilash-ts434/Documents/ros2_ws/src/install/my_robot_bringup/bin'
[5.135s] INFO:colcon.colcon_core.shell:Creating package script '/home/abhilash-ts434/Documents/ros2_ws/src/install/my_robot_bringup/share/my_robot_bringup/package.ps1'
[5.135s] INFO:colcon.colcon_core.shell:Creating package descriptor '/home/abhilash-ts434/Documents/ros2_ws/src/install/my_robot_bringup/share/my_robot_bringup/package.dsv'
[5.135s] INFO:colcon.colcon_core.shell:Creating package script '/home/abhilash-ts434/Documents/ros2_ws/src/install/my_robot_bringup/share/my_robot_bringup/package.sh'
[5.136s] INFO:colcon.colcon_core.shell:Creating package script '/home/abhilash-ts434/Documents/ros2_ws/src/install/my_robot_bringup/share/my_robot_bringup/package.bash'
[5.136s] INFO:colcon.colcon_core.shell:Creating package script '/home/abhilash-ts434/Documents/ros2_ws/src/install/my_robot_bringup/share/my_robot_bringup/package.zsh'
[5.136s] Level 1:colcon.colcon_core.environment:create_file_with_runtime_dependencies(/home/abhilash-ts434/Documents/ros2_ws/src/install/my_robot_bringup/share/colcon-core/packages/my_robot_bringup)
[5.137s] Level 1:colcon.colcon_core.environment:create_environment_scripts_only(my_robot_bringup)
[5.137s] Level 1:colcon.colcon_core.environment:checking '/home/abhilash-ts434/Documents/ros2_ws/src/install/my_robot_bringup' for CMake module files
[5.137s] Level 1:colcon.colcon_core.environment:checking '/home/abhilash-ts434/Documents/ros2_ws/src/install/my_robot_bringup' for CMake config files
[5.137s] Level 1:colcon.colcon_core.shell:create_environment_hook('my_robot_bringup', 'cmake_prefix_path')
[5.137s] INFO:colcon.colcon_core.shell:Creating environment hook '/home/abhilash-ts434/Documents/ros2_ws/src/install/my_robot_bringup/share/my_robot_bringup/hook/cmake_prefix_path.ps1'
[5.137s] INFO:colcon.colcon_core.shell:Creating environment descriptor '/home/abhilash-ts434/Documents/ros2_ws/src/install/my_robot_bringup/share/my_robot_bringup/hook/cmake_prefix_path.dsv'
[5.138s] INFO:colcon.colcon_core.shell:Creating environment hook '/home/abhilash-ts434/Documents/ros2_ws/src/install/my_robot_bringup/share/my_robot_bringup/hook/cmake_prefix_path.sh'
[5.138s] Level 1:colcon.colcon_core.environment:checking '/home/abhilash-ts434/Documents/ros2_ws/src/install/my_robot_bringup/bin'
[5.138s] Level 1:colcon.colcon_core.environment:checking '/home/abhilash-ts434/Documents/ros2_ws/src/install/my_robot_bringup/lib/pkgconfig/my_robot_bringup.pc'
[5.138s] Level 1:colcon.colcon_core.environment:checking '/home/abhilash-ts434/Documents/ros2_ws/src/install/my_robot_bringup/lib/python3.10/site-packages'
[5.138s] Level 1:colcon.colcon_core.environment:checking '/home/abhilash-ts434/Documents/ros2_ws/src/install/my_robot_bringup/bin'
[5.139s] INFO:colcon.colcon_core.shell:Creating package script '/home/abhilash-ts434/Documents/ros2_ws/src/install/my_robot_bringup/share/my_robot_bringup/package.ps1'
[5.139s] INFO:colcon.colcon_core.shell:Creating package descriptor '/home/abhilash-ts434/Documents/ros2_ws/src/install/my_robot_bringup/share/my_robot_bringup/package.dsv'
[5.139s] INFO:colcon.colcon_core.shell:Creating package script '/home/abhilash-ts434/Documents/ros2_ws/src/install/my_robot_bringup/share/my_robot_bringup/package.sh'
[5.139s] INFO:colcon.colcon_core.shell:Creating package script '/home/abhilash-ts434/Documents/ros2_ws/src/install/my_robot_bringup/share/my_robot_bringup/package.bash'
[5.140s] INFO:colcon.colcon_core.shell:Creating package script '/home/abhilash-ts434/Documents/ros2_ws/src/install/my_robot_bringup/share/my_robot_bringup/package.zsh'
[5.140s] Level 1:colcon.colcon_core.environment:create_file_with_runtime_dependencies(/home/abhilash-ts434/Documents/ros2_ws/src/install/my_robot_bringup/share/colcon-core/packages/my_robot_bringup)
[5.140s] DEBUG:colcon.colcon_parallel_executor.executor.parallel:closing loop
[5.140s] DEBUG:colcon.colcon_parallel_executor.executor.parallel:loop closed
[5.140s] DEBUG:colcon.colcon_parallel_executor.executor.parallel:run_until_complete finished with '0'
[5.141s] DEBUG:colcon.colcon_core.event_reactor:joining thread
[5.145s] INFO:colcon.colcon_core.plugin_system:Skipping extension 'colcon_notification.desktop_notification.terminal_notifier': Not used on non-Darwin systems
[5.145s] INFO:colcon.colcon_core.plugin_system:Skipping extension 'colcon_notification.desktop_notification.win32': Not used on non-Windows systems
[5.146s] INFO:colcon.colcon_notification.desktop_notification:Sending desktop notification using 'notify2'
[5.154s] DEBUG:colcon.colcon_core.event_reactor:joined thread
[5.154s] INFO:colcon.colcon_core.shell:Creating prefix script '/home/abhilash-ts434/Documents/ros2_ws/src/install/local_setup.ps1'
[5.155s] INFO:colcon.colcon_core.shell:Creating prefix util module '/home/abhilash-ts434/Documents/ros2_ws/src/install/_local_setup_util_ps1.py'
[5.156s] INFO:colcon.colcon_core.shell:Creating prefix chain script '/home/abhilash-ts434/Documents/ros2_ws/src/install/setup.ps1'
[5.157s] INFO:colcon.colcon_core.shell:Creating prefix script '/home/abhilash-ts434/Documents/ros2_ws/src/install/local_setup.sh'
[5.158s] INFO:colcon.colcon_core.shell:Creating prefix util module '/home/abhilash-ts434/Documents/ros2_ws/src/install/_local_setup_util_sh.py'
[5.158s] INFO:colcon.colcon_core.shell:Creating prefix chain script '/home/abhilash-ts434/Documents/ros2_ws/src/install/setup.sh'
[5.159s] INFO:colcon.colcon_core.shell:Creating prefix script '/home/abhilash-ts434/Documents/ros2_ws/src/install/local_setup.bash'
[5.159s] INFO:colcon.colcon_core.shell:Creating prefix chain script '/home/abhilash-ts434/Documents/ros2_ws/src/install/setup.bash'
[5.160s] INFO:colcon.colcon_core.shell:Creating prefix script '/home/abhilash-ts434/Documents/ros2_ws/src/install/local_setup.zsh'
[5.160s] INFO:colcon.colcon_core.shell:Creating prefix chain script '/home/abhilash-ts434/Documents/ros2_ws/src/install/setup.zsh'
